Using pre-set license
Built from '2020.2/release' branch; Version is '2020.2.1f1 (270dd8c3da1c) revision 2559448'; Using compiler version '192528614'; Build Type 'Release'
OS: 'Windows 10  (10.0.0) 64bit' Language: 'pt' Physical Memory: 16350 MB
BatchMode: 1, IsHumanControllingUs: 0, StartBugReporterOnCrash: 0, Is64bit: 1, IsPro: 0

 COMMAND LINE ARGUMENTS:
D:\Aplicativos\Unity\2020.2.1f1\Editor\Unity.exe
-adb2
-batchMode
-noUpm
-name
AssetImportWorker0
-projectPath
E:/Portfolio/GGJ/2021/Memories_GGJ
-logFile
Logs/AssetImportWorker0.log
-srvPort
60095
Successfully changed project path to: E:/Portfolio/GGJ/2021/Memories_GGJ
E:/Portfolio/GGJ/2021/Memories_GGJ
Using Asset Import Pipeline V2.
Refreshing native plugins compatible for Editor in 170.26 ms, found 0 plugins.
Preloading 0 native plugins for Editor in 0.00 ms.
Initialize engine version: 2020.2.1f1 (270dd8c3da1c)
[Subsystems] Discovering subsystems at path D:/Aplicativos/Unity/2020.2.1f1/Editor/Data/Resources/UnitySubsystems
[Subsystems] Discovering subsystems at path E:/Portfolio/GGJ/2021/Memories_GGJ/Assets
GfxDevice: creating device client; threaded=0
Direct3D:
    Version:  Direct3D 11.0 [level 11.1]
    Renderer: NVIDIA GeForce GTX 1060 6GB (ID=0x1c03)
    Vendor:   
    VRAM:     6052 MB
    Driver:   27.21.14.6109
Initialize mono
Mono path[0] = 'D:/Aplicativos/Unity/2020.2.1f1/Editor/Data/Managed'
Mono path[1] = 'D:/Aplicativos/Unity/2020.2.1f1/Editor/Data/MonoBleedingEdge/lib/mono/unityjit'
Mono config path = 'D:/Aplicativos/Unity/2020.2.1f1/Editor/Data/MonoBleedingEdge/etc'
Using monoOptions --debugger-agent=transport=dt_socket,embedding=1,server=y,suspend=n,address=127.0.0.1:56616
Begin MonoManager ReloadAssembly
Registering precompiled unity dll's ...
Register platform support module: D:/Aplicativos/Unity/2020.2.1f1/Editor/Data/PlaybackEngines/WebGLSupport/UnityEditor.WebGL.Extensions.dll
Register platform support module: D:/Aplicativos/Unity/2020.2.1f1/Editor/Data/PlaybackEngines/WindowsStandaloneSupport/UnityEditor.WindowsStandalone.Extensions.dll
Registered in 0.005853 seconds.
Native extension for WindowsStandalone target not found
Native extension for WebGL target not found
Refreshing native plugins compatible for Editor in 201.97 ms, found 0 plugins.
Preloading 0 native plugins for Editor in 0.00 ms.
Invoked RoslynAnalysisRunner static constructor.
RoslynAnalysisRunner will not be running.
RoslynAnalysisRunner has terminated.
Mono: successfully reloaded assembly
- Completed reload, in  4.837 seconds
Platform modules already initialized, skipping
Registering precompiled user dll's ...
Registered in 0.002044 seconds.
Begin MonoManager ReloadAssembly
Native extension for WindowsStandalone target not found
Native extension for WebGL target not found
Refreshing native plugins compatible for Editor in 148.74 ms, found 0 plugins.
Preloading 0 native plugins for Editor in 0.00 ms.
Invoked RoslynAnalysisRunner static constructor.
RoslynAnalysisRunner will not be running.
RoslynAnalysisRunner has terminated.
Mono: successfully reloaded assembly
- Completed reload, in  2.811 seconds
Platform modules already initialized, skipping
========================================================================
Worker process is ready to serve import requests
Launched and connected shader compiler UnityShaderCompiler.exe after 0.07 seconds
Refreshing native plugins compatible for Editor in 0.95 ms, found 0 plugins.
Preloading 0 native plugins for Editor in 0.00 ms.
Unloading 3460 Unused Serialized files (Serialized files now loaded: 0)
System memory in use before: 167.1 MB.
System memory in use after: 163.6 MB.

Unloading 45 unused Assets to reduce memory usage. Loaded Objects now: 3884.
Total: 8.738800 ms (FindLiveObjects: 0.621200 ms CreateObjectMapping: 0.201900 ms MarkObjects: 2.807200 ms  DeleteObjects: 5.107100 ms)

========================================================================
Received Import Request.
  path: Assets/Readme.asset
  artifactKey: Guid(83c2ed844a8c74b779a4c823d16594b1) Importer(815301076,1909f56bfc062723c751e8b465ee728b)
Start importing Assets/Readme.asset using Guid(83c2ed844a8c74b779a4c823d16594b1) Importer(815301076,1909f56bfc062723c751e8b465ee728b)  -> (artifact id: 'e3b4d58460ba3e3bc17b75710c1dac99') in 0.076604 seconds
  Import took 0.085529 seconds .

========================================================================
Received Import Request.
  Time since last request: 0.000280 seconds.
  path: Assets/VFXDefaultResources.asset
  artifactKey: Guid(145290c901d58b343bdeb3b4362c9ff2) Importer(815301076,1909f56bfc062723c751e8b465ee728b)
Start importing Assets/VFXDefaultResources.asset using Guid(145290c901d58b343bdeb3b4362c9ff2) Importer(815301076,1909f56bfc062723c751e8b465ee728b)  -> (artifact id: '26c3c5ed4c46f39e656425c392f993b3') in 0.034570 seconds
  Import took 0.042507 seconds .

========================================================================
Received Import Request.
  Time since last request: 165.545252 seconds.
  path: Assets/Art/Materials/General/Aluminium_Mat.mat
  artifactKey: Guid(7e2338eeff7d3b0439250086f961228b) Importer(815301076,1909f56bfc062723c751e8b465ee728b)
Start importing Assets/Art/Materials/General/Aluminium_Mat.mat using Guid(7e2338eeff7d3b0439250086f961228b) Importer(815301076,1909f56bfc062723c751e8b465ee728b)  -> (artifact id: 'ba814181089168e3c582bf1aa9c6be10') in 1.857297 seconds
  Import took 1.868256 seconds .

========================================================================
Received Import Request.
  Time since last request: 0.000329 seconds.
  path: Assets/Art/Materials/General/WoodLight_Mat.mat
  artifactKey: Guid(4e5d77e737d61bc4582d0aff8c34e9ee) Importer(815301076,1909f56bfc062723c751e8b465ee728b)
Start importing Assets/Art/Materials/General/WoodLight_Mat.mat using Guid(4e5d77e737d61bc4582d0aff8c34e9ee) Importer(815301076,1909f56bfc062723c751e8b465ee728b)  -> (artifact id: '1cb9f12317c84eefc08ec115a70b4122') in 0.731225 seconds
  Import took 0.741608 seconds .

========================================================================
Received Import Request.
  Time since last request: 0.000298 seconds.
  path: Assets/Art/Materials/General/ConcreteSmooth_Mat.mat
  artifactKey: Guid(975c89d1f9e67f24a88b46d50fc95a09) Importer(815301076,1909f56bfc062723c751e8b465ee728b)
Start importing Assets/Art/Materials/General/ConcreteSmooth_Mat.mat using Guid(975c89d1f9e67f24a88b46d50fc95a09) Importer(815301076,1909f56bfc062723c751e8b465ee728b)  -> (artifact id: '153d4ee9abe50a2bfdf8d91000359a53') in 0.662767 seconds
  Import took 0.672059 seconds .

========================================================================
Received Import Request.
  Time since last request: 0.000265 seconds.
  path: Assets/Art/Textures/General/WoodCounter_Albedo.png
  artifactKey: Guid(8bd5849ed8ed1634d988797456486876) Importer(815301076,1909f56bfc062723c751e8b465ee728b)
Start importing Assets/Art/Textures/General/WoodCounter_Albedo.png using Guid(8bd5849ed8ed1634d988797456486876) Importer(815301076,1909f56bfc062723c751e8b465ee728b)  -> (artifact id: '380216abe63f349099315778107679e6') in 0.111725 seconds
  Import took 0.120990 seconds .

========================================================================
Received Import Request.
  Time since last request: 0.000288 seconds.
  path: Assets/Art/Textures/General/Bamboo_A_BNM.png
  artifactKey: Guid(f6341afdbd8d916429f1fb266c729b58) Importer(815301076,1909f56bfc062723c751e8b465ee728b)
Start importing Assets/Art/Textures/General/Bamboo_A_BNM.png using Guid(f6341afdbd8d916429f1fb266c729b58) Importer(815301076,1909f56bfc062723c751e8b465ee728b)  -> (artifact id: 'aebbed643da93d7407319239526a5641') in 0.041270 seconds
  Import took 0.049807 seconds .

========================================================================
Received Import Request.
  Time since last request: 0.000242 seconds.
  path: Assets/Art/Textures/General/ConcreteTaupe_02_Albedo.png
  artifactKey: Guid(5b5f09d31f567674ea32972d86836528) Importer(815301076,1909f56bfc062723c751e8b465ee728b)
Start importing Assets/Art/Textures/General/ConcreteTaupe_02_Albedo.png using Guid(5b5f09d31f567674ea32972d86836528) Importer(815301076,1909f56bfc062723c751e8b465ee728b)  -> (artifact id: '074d74d05ec076b5177c6f8739acaa03') in 0.025403 seconds
  Import took 0.033301 seconds .

========================================================================
Received Import Request.
  Time since last request: 0.000357 seconds.
  path: Assets/Art/Materials/General/GlassDirt_Mat.mat
  artifactKey: Guid(cb70645871dc2f74981c86ec014a1cdf) Importer(815301076,1909f56bfc062723c751e8b465ee728b)
Start importing Assets/Art/Materials/General/GlassDirt_Mat.mat using Guid(cb70645871dc2f74981c86ec014a1cdf) Importer(815301076,1909f56bfc062723c751e8b465ee728b)  -> (artifact id: 'ee740980ecd6f9a97915577c02a42be2') in 0.055730 seconds
  Import took 0.064427 seconds .

========================================================================
Received Import Request.
  Time since last request: 0.000293 seconds.
  path: Assets/Art/Textures/General/WoodCounter_Normal.png
  artifactKey: Guid(99e593ed56a446441b8541d817103e72) Importer(815301076,1909f56bfc062723c751e8b465ee728b)
Start importing Assets/Art/Textures/General/WoodCounter_Normal.png using Guid(99e593ed56a446441b8541d817103e72) Importer(815301076,1909f56bfc062723c751e8b465ee728b)  -> (artifact id: 'aee644581b1cf72bd022f30d9a27a3cf') in 0.026144 seconds
  Import took 0.035512 seconds .

========================================================================
Received Import Request.
  Time since last request: 0.000269 seconds.
  path: Assets/Art/Textures/General/Brass_Albedo.png
  artifactKey: Guid(3287de45d937b34418b4eb16c1a27c8b) Importer(815301076,1909f56bfc062723c751e8b465ee728b)
Start importing Assets/Art/Textures/General/Brass_Albedo.png using Guid(3287de45d937b34418b4eb16c1a27c8b) Importer(815301076,1909f56bfc062723c751e8b465ee728b)  -> (artifact id: '8fda39dcb14101ed779e76abab04240e') in 0.025180 seconds
  Import took 0.032863 seconds .

========================================================================
Received Import Request.
  Time since last request: 0.000282 seconds.
  path: Assets/Art/Textures/General/DecalSheet_01A_BC.png
  artifactKey: Guid(989cdd44d30f8c940ab150bdccfd5beb) Importer(815301076,1909f56bfc062723c751e8b465ee728b)
Start importing Assets/Art/Textures/General/DecalSheet_01A_BC.png using Guid(989cdd44d30f8c940ab150bdccfd5beb) Importer(815301076,1909f56bfc062723c751e8b465ee728b)  -> (artifact id: '1a32537c1367858f7c81bbd8015e2b7e') in 0.022178 seconds
  Import took 0.031743 seconds .

========================================================================
Received Import Request.
  Time since last request: 0.000401 seconds.
  path: Assets/Art/Materials/General/WoodCounter_Mat.mat
  artifactKey: Guid(ad7596f0acaeee94e94ebedeb6de1a3c) Importer(815301076,1909f56bfc062723c751e8b465ee728b)
Start importing Assets/Art/Materials/General/WoodCounter_Mat.mat using Guid(ad7596f0acaeee94e94ebedeb6de1a3c) Importer(815301076,1909f56bfc062723c751e8b465ee728b)  -> (artifact id: '02f911d19970cc11685660fe5311afcd') in 0.052636 seconds
  Import took 0.062999 seconds .

========================================================================
Received Import Request.
  Time since last request: 0.000414 seconds.
  path: Assets/Art/Materials/General/ShadowProxy_Mat.mat
  artifactKey: Guid(fdb87632bd4c94846b3d79e685010e46) Importer(815301076,1909f56bfc062723c751e8b465ee728b)
Start importing Assets/Art/Materials/General/ShadowProxy_Mat.mat using Guid(fdb87632bd4c94846b3d79e685010e46) Importer(815301076,1909f56bfc062723c751e8b465ee728b)  -> (artifact id: 'b4a56b4dd02a73741e0ad79a3e9804bf') in 0.043686 seconds
  Import took 0.053312 seconds .

========================================================================
Received Import Request.
  Time since last request: 0.000335 seconds.
  path: Assets/Art/Textures/General/Rock_A_MaskMap.png
  artifactKey: Guid(baca794092305174e9d24bc5dd89d24d) Importer(815301076,1909f56bfc062723c751e8b465ee728b)
Start importing Assets/Art/Textures/General/Rock_A_MaskMap.png using Guid(baca794092305174e9d24bc5dd89d24d) Importer(815301076,1909f56bfc062723c751e8b465ee728b)  -> (artifact id: '1ad25fa9e84b9c775176b623a3225f0b') in 0.026518 seconds
  Import took 0.036152 seconds .

========================================================================
Received Import Request.
  Time since last request: 0.000293 seconds.
  path: Assets/Art/Materials/General/EmissiveStripLight_Mat.mat
  artifactKey: Guid(fb7b7efa023634c43844d5df813fe6a8) Importer(815301076,1909f56bfc062723c751e8b465ee728b)
Start importing Assets/Art/Materials/General/EmissiveStripLight_Mat.mat using Guid(fb7b7efa023634c43844d5df813fe6a8) Importer(815301076,1909f56bfc062723c751e8b465ee728b)  -> (artifact id: 'bf64b5753127fa473bdedb171292f3be') in 0.649304 seconds
  Import took 0.659102 seconds .

========================================================================
Received Import Request.
  Time since last request: 0.000271 seconds.
  path: Assets/Art/Textures/General/Brass_MAODS.png
  artifactKey: Guid(3008d6bc83d360041817752724fa2f4e) Importer(815301076,1909f56bfc062723c751e8b465ee728b)
Start importing Assets/Art/Textures/General/Brass_MAODS.png using Guid(3008d6bc83d360041817752724fa2f4e) Importer(815301076,1909f56bfc062723c751e8b465ee728b)  -> (artifact id: 'f90d1c5996abe9f713917a09961484fe') in 0.022624 seconds
  Import took 0.031833 seconds .

========================================================================
Received Import Request.
  Time since last request: 0.000317 seconds.
  path: Assets/Art/Textures/General/MarbleFloor_MAODS.png
  artifactKey: Guid(a0ea9d15b87d52246b305917ad26afa1) Importer(815301076,1909f56bfc062723c751e8b465ee728b)
Start importing Assets/Art/Textures/General/MarbleFloor_MAODS.png using Guid(a0ea9d15b87d52246b305917ad26afa1) Importer(815301076,1909f56bfc062723c751e8b465ee728b)  -> (artifact id: '308918d930aa77ce158f06b3ee5ecd63') in 0.024178 seconds
  Import took 0.033652 seconds .

========================================================================
Received Import Request.
  Time since last request: 0.000228 seconds.
  path: Assets/Art/Textures/General/ConcreteTaupe_02_Normal.png
  artifactKey: Guid(a576bd1917d2ab840962608924503cfb) Importer(815301076,1909f56bfc062723c751e8b465ee728b)
Start importing Assets/Art/Textures/General/ConcreteTaupe_02_Normal.png using Guid(a576bd1917d2ab840962608924503cfb) Importer(815301076,1909f56bfc062723c751e8b465ee728b)  -> (artifact id: 'cdff25d993b6d9e4474bad395df6f97d') in 0.024880 seconds
  Import took 0.033049 seconds .

========================================================================
Received Import Request.
  Time since last request: 0.000273 seconds.
  path: Assets/Art/Textures/General/Bamboo_A_Albedo.png
  artifactKey: Guid(d0988f211eac8ca4d84dd1290ce650de) Importer(815301076,1909f56bfc062723c751e8b465ee728b)
Start importing Assets/Art/Textures/General/Bamboo_A_Albedo.png using Guid(d0988f211eac8ca4d84dd1290ce650de) Importer(815301076,1909f56bfc062723c751e8b465ee728b)  -> (artifact id: '22ff902527ccf7fa8c647394e5a7bb8a') in 0.021792 seconds
  Import took 0.029260 seconds .

========================================================================
Received Import Request.
  Time since last request: 0.000280 seconds.
  path: Assets/Art/Materials/General/ConcreteHoles_Mat.mat
  artifactKey: Guid(cf59b8132f6cd2f49b8924afeed7674b) Importer(815301076,1909f56bfc062723c751e8b465ee728b)
Start importing Assets/Art/Materials/General/ConcreteHoles_Mat.mat using Guid(cf59b8132f6cd2f49b8924afeed7674b) Importer(815301076,1909f56bfc062723c751e8b465ee728b)  -> (artifact id: '30b4ed91e3a2e08f91f0120cd46b9bd4') in 0.053931 seconds
  Import took 0.063536 seconds .

========================================================================
Received Import Request.
  Time since last request: 0.000280 seconds.
  path: Assets/Art/Textures/General/MetalBlack_MAODS.png
  artifactKey: Guid(5b9891405fd029f4c9cfec22093ed459) Importer(815301076,1909f56bfc062723c751e8b465ee728b)
Start importing Assets/Art/Textures/General/MetalBlack_MAODS.png using Guid(5b9891405fd029f4c9cfec22093ed459) Importer(815301076,1909f56bfc062723c751e8b465ee728b)  -> (artifact id: 'b72be93c2d7b96f5c78a8389e7d61111') in 0.020639 seconds
  Import took 0.028918 seconds .

========================================================================
Received Import Request.
  Time since last request: 0.000235 seconds.
  path: Assets/Art/Textures/General/ConcreteMatteGrey_MAODS.png
  artifactKey: Guid(4908c5801c2e45f4ba41d435be86f5fa) Importer(815301076,1909f56bfc062723c751e8b465ee728b)
Start importing Assets/Art/Textures/General/ConcreteMatteGrey_MAODS.png using Guid(4908c5801c2e45f4ba41d435be86f5fa) Importer(815301076,1909f56bfc062723c751e8b465ee728b)  -> (artifact id: 'f8befd27049e733a80e8254caecd1629') in 0.023506 seconds
  Import took 0.031613 seconds .

========================================================================
Received Import Request.
  Time since last request: 0.000259 seconds.
  path: Assets/Art/Textures/General/MarbleFloor_BC.png
  artifactKey: Guid(d5a3a784f37fc8348b05981ce4ff7f0f) Importer(815301076,1909f56bfc062723c751e8b465ee728b)
Start importing Assets/Art/Textures/General/MarbleFloor_BC.png using Guid(d5a3a784f37fc8348b05981ce4ff7f0f) Importer(815301076,1909f56bfc062723c751e8b465ee728b)  -> (artifact id: 'a37fd251e64651364176c758a90dc5d9') in 0.022983 seconds
  Import took 0.031595 seconds .

========================================================================
Received Import Request.
  Time since last request: 0.000236 seconds.
  path: Assets/Art/Textures/General/Drain_MAODS.png
  artifactKey: Guid(6803a8a95b76cb44c9e5cb807d8c1612) Importer(815301076,1909f56bfc062723c751e8b465ee728b)
Start importing Assets/Art/Textures/General/Drain_MAODS.png using Guid(6803a8a95b76cb44c9e5cb807d8c1612) Importer(815301076,1909f56bfc062723c751e8b465ee728b)  -> (artifact id: 'c56dce5399fa5edeb44d234814a258c4') in 0.021912 seconds
  Import took 0.031446 seconds .

========================================================================
Received Import Request.
  Time since last request: 0.000285 seconds.
  path: Assets/Art/Materials/General/Bamboo_Leaf_A.mat
  artifactKey: Guid(1ee01111bb691c348a61b9a5b38c8897) Importer(815301076,1909f56bfc062723c751e8b465ee728b)
Start importing Assets/Art/Materials/General/Bamboo_Leaf_A.mat using Guid(1ee01111bb691c348a61b9a5b38c8897) Importer(815301076,1909f56bfc062723c751e8b465ee728b)  -> (artifact id: 'd72c7189ecdf38151117dbdc675be6be') in 0.785270 seconds
  Import took 0.793394 seconds .

========================================================================
Received Import Request.
  Time since last request: 0.000262 seconds.
  path: Assets/Art/Textures/General/WoodLight_MAODS.png
  artifactKey: Guid(449fd0ed8fda67d468503693b3849926) Importer(815301076,1909f56bfc062723c751e8b465ee728b)
Start importing Assets/Art/Textures/General/WoodLight_MAODS.png using Guid(449fd0ed8fda67d468503693b3849926) Importer(815301076,1909f56bfc062723c751e8b465ee728b)  -> (artifact id: '1ac98afbd3533c9b6459aadb4beeedf4') in 0.020856 seconds
  Import took 0.028987 seconds .

========================================================================
Received Import Request.
  Time since last request: 0.000245 seconds.
  path: Assets/Art/Materials/General/Plant_C.mat
  artifactKey: Guid(e7da2788c96349246a9b40abfc02f83f) Importer(815301076,1909f56bfc062723c751e8b465ee728b)
Start importing Assets/Art/Materials/General/Plant_C.mat using Guid(e7da2788c96349246a9b40abfc02f83f) Importer(815301076,1909f56bfc062723c751e8b465ee728b)  -> (artifact id: '3fe2c3c33a1de77fb1db201c0df84fa2') in 0.744993 seconds
  Import took 0.754460 seconds .

========================================================================
Received Import Request.
  Time since last request: 0.000314 seconds.
  path: Assets/Art/Textures/General/DecalSheet_01A_MOADS.png
  artifactKey: Guid(875044e800abcbe47985126630618483) Importer(815301076,1909f56bfc062723c751e8b465ee728b)
Start importing Assets/Art/Textures/General/DecalSheet_01A_MOADS.png using Guid(875044e800abcbe47985126630618483) Importer(815301076,1909f56bfc062723c751e8b465ee728b)  -> (artifact id: '650c989efd151a9449532e0943bba7b4') in 0.020171 seconds
  Import took 0.028114 seconds .

========================================================================
Received Import Request.
  Time since last request: 0.000346 seconds.
  path: Assets/Art/Textures/General/Fern_01_Normal.png
  artifactKey: Guid(018214c643bf18643ae9648b144fc917) Importer(815301076,1909f56bfc062723c751e8b465ee728b)
Start importing Assets/Art/Textures/General/Fern_01_Normal.png using Guid(018214c643bf18643ae9648b144fc917) Importer(815301076,1909f56bfc062723c751e8b465ee728b)  -> (artifact id: '3d151f4d36920930b82a0ffa71b3b5e2') in 0.021332 seconds
  Import took 0.028567 seconds .

========================================================================
Received Import Request.
  Time since last request: 0.000261 seconds.
  path: Assets/Art/Textures/General/Rubber_M.png
  artifactKey: Guid(7343846adadc0074599d820ce4b23796) Importer(815301076,1909f56bfc062723c751e8b465ee728b)
Start importing Assets/Art/Textures/General/Rubber_M.png using Guid(7343846adadc0074599d820ce4b23796) Importer(815301076,1909f56bfc062723c751e8b465ee728b)  -> (artifact id: '66e25c7a8a09e99e4eb22d4ee19bedc2') in 0.022602 seconds
  Import took 0.030727 seconds .

========================================================================
Received Import Request.
  Time since last request: 0.000289 seconds.
  path: Assets/Art/Textures/General/ConcreteTaupe_02_MAODS.png
  artifactKey: Guid(912a7363561061045b429752f3524335) Importer(815301076,1909f56bfc062723c751e8b465ee728b)
Start importing Assets/Art/Textures/General/ConcreteTaupe_02_MAODS.png using Guid(912a7363561061045b429752f3524335) Importer(815301076,1909f56bfc062723c751e8b465ee728b)  -> (artifact id: '5f56f9c59601414ceda0ceaa4c87360b') in 0.023255 seconds
  Import took 0.032272 seconds .

========================================================================
Received Import Request.
  Time since last request: 0.000249 seconds.
  path: Assets/Art/Textures/General/SandblastMetal_Normal.png
  artifactKey: Guid(f72f5d97ed737e64fb0b173d21dd227a) Importer(815301076,1909f56bfc062723c751e8b465ee728b)
Start importing Assets/Art/Textures/General/SandblastMetal_Normal.png using Guid(f72f5d97ed737e64fb0b173d21dd227a) Importer(815301076,1909f56bfc062723c751e8b465ee728b)  -> (artifact id: 'f29932e4cda46039c7b8772b914dfaa1') in 0.020763 seconds
  Import took 0.028815 seconds .

========================================================================
Received Import Request.
  Time since last request: 0.000304 seconds.
  path: Assets/Art/Textures/General/ConcreteSmooth_Normal.png
  artifactKey: Guid(5dab167b145f43a4f9498319685de109) Importer(815301076,1909f56bfc062723c751e8b465ee728b)
Start importing Assets/Art/Textures/General/ConcreteSmooth_Normal.png using Guid(5dab167b145f43a4f9498319685de109) Importer(815301076,1909f56bfc062723c751e8b465ee728b)  -> (artifact id: '61617649f1475cefb922764425a4a2a8') in 0.021032 seconds
  Import took 0.028670 seconds .

========================================================================
Received Import Request.
  Time since last request: 0.000269 seconds.
  path: Assets/Art/Materials/General/GlassDark_Mat.mat
  artifactKey: Guid(51396a457ace7ca459c474a7d7ed6ceb) Importer(815301076,1909f56bfc062723c751e8b465ee728b)
Start importing Assets/Art/Materials/General/GlassDark_Mat.mat using Guid(51396a457ace7ca459c474a7d7ed6ceb) Importer(815301076,1909f56bfc062723c751e8b465ee728b)  -> (artifact id: '87ef2a7c785a8ae6193c144ab9d5bce3') in 0.060671 seconds
  Import took 0.069277 seconds .

========================================================================
Received Import Request.
  Time since last request: 0.000298 seconds.
  path: Assets/Art/Textures/General/WoodLight_DetailMap.png
  artifactKey: Guid(903a1b0a71996484683b058c393d95d5) Importer(815301076,1909f56bfc062723c751e8b465ee728b)
Start importing Assets/Art/Textures/General/WoodLight_DetailMap.png using Guid(903a1b0a71996484683b058c393d95d5) Importer(815301076,1909f56bfc062723c751e8b465ee728b)  -> (artifact id: 'e09d5dcf710bfc729d477eb5dab799f3') in 0.022889 seconds
  Import took 0.031385 seconds .

========================================================================
Received Import Request.
  Time since last request: 0.000292 seconds.
  path: Assets/Art/Materials/General/ConcreteTaupe_Mat.mat
  artifactKey: Guid(8803ecc3c0ada6f48bbd21e716f8522b) Importer(815301076,1909f56bfc062723c751e8b465ee728b)
Start importing Assets/Art/Materials/General/ConcreteTaupe_Mat.mat using Guid(8803ecc3c0ada6f48bbd21e716f8522b) Importer(815301076,1909f56bfc062723c751e8b465ee728b)  -> (artifact id: '114c3e83c16f40fab581afc7da22cd23') in 0.052992 seconds
  Import took 0.061280 seconds .

========================================================================
Received Import Request.
  Time since last request: 0.000291 seconds.
  path: Assets/Art/Textures/General/Drain_Albedo.png
  artifactKey: Guid(32b7fa2fb1f076a429544d2574b26852) Importer(815301076,1909f56bfc062723c751e8b465ee728b)
Start importing Assets/Art/Textures/General/Drain_Albedo.png using Guid(32b7fa2fb1f076a429544d2574b26852) Importer(815301076,1909f56bfc062723c751e8b465ee728b)  -> (artifact id: '3f3ddb660e5d36b52629341882989708') in 0.021992 seconds
  Import took 0.030417 seconds .

========================================================================
Received Import Request.
  Time since last request: 0.000271 seconds.
  path: Assets/Art/Textures/General/Drain_Normal.png
  artifactKey: Guid(bef180c5d187f6442b7312284cfb67a5) Importer(815301076,1909f56bfc062723c751e8b465ee728b)
Start importing Assets/Art/Textures/General/Drain_Normal.png using Guid(bef180c5d187f6442b7312284cfb67a5) Importer(815301076,1909f56bfc062723c751e8b465ee728b)  -> (artifact id: 'a6965d592663042b177bfb397c6a888b') in 0.027285 seconds
  Import took 0.036261 seconds .

========================================================================
Received Import Request.
  Time since last request: 0.000267 seconds.
  path: Assets/Art/Materials/General/Rubber_Mat.mat
  artifactKey: Guid(1029b38bdee65ba4482ab14d2b7a9f04) Importer(815301076,1909f56bfc062723c751e8b465ee728b)
Start importing Assets/Art/Materials/General/Rubber_Mat.mat using Guid(1029b38bdee65ba4482ab14d2b7a9f04) Importer(815301076,1909f56bfc062723c751e8b465ee728b)  -> (artifact id: '45c3c0874b4107df0929445867e06d30') in 0.707185 seconds
  Import took 0.715912 seconds .

========================================================================
Received Import Request.
  Time since last request: 0.000249 seconds.
  path: Assets/Art/Textures/General/ConcreteTaupe_02_DetailMap.png
  artifactKey: Guid(4862aa5e01ca94340941228f6ca84295) Importer(815301076,1909f56bfc062723c751e8b465ee728b)
Start importing Assets/Art/Textures/General/ConcreteTaupe_02_DetailMap.png using Guid(4862aa5e01ca94340941228f6ca84295) Importer(815301076,1909f56bfc062723c751e8b465ee728b)  -> (artifact id: 'aedbb1dbf274b1a4494deee71e5dc92a') in 0.024078 seconds
  Import took 0.034246 seconds .

========================================================================
Received Import Request.
  Time since last request: 0.000315 seconds.
  path: Assets/Art/Textures/General/Bamboo_A_Normal.png
  artifactKey: Guid(c92c870449b56f94f9a1fc7573e5f791) Importer(815301076,1909f56bfc062723c751e8b465ee728b)
Start importing Assets/Art/Textures/General/Bamboo_A_Normal.png using Guid(c92c870449b56f94f9a1fc7573e5f791) Importer(815301076,1909f56bfc062723c751e8b465ee728b)  -> (artifact id: '5b6392e602c2d75ee42e0ba2548ae1f3') in 0.022836 seconds
  Import took 0.030676 seconds .

========================================================================
Received Import Request.
  Time since last request: 0.000326 seconds.
  path: Assets/Art/Textures/General/WoodLight_Normal.png
  artifactKey: Guid(96c8cb799a1a9db49ac4ced89b731203) Importer(815301076,1909f56bfc062723c751e8b465ee728b)
Start importing Assets/Art/Textures/General/WoodLight_Normal.png using Guid(96c8cb799a1a9db49ac4ced89b731203) Importer(815301076,1909f56bfc062723c751e8b465ee728b)  -> (artifact id: '98800a5f44e6f9862cdabd8cf7743b25') in 0.024235 seconds
  Import took 0.033781 seconds .

========================================================================
Received Import Request.
  Time since last request: 0.000275 seconds.
  path: Assets/Art/Textures/General/Bamboo_A_Height.png
  artifactKey: Guid(653861b580438e1429c55953041fab8a) Importer(815301076,1909f56bfc062723c751e8b465ee728b)
Start importing Assets/Art/Textures/General/Bamboo_A_Height.png using Guid(653861b580438e1429c55953041fab8a) Importer(815301076,1909f56bfc062723c751e8b465ee728b)  -> (artifact id: 'd675e8d3a04d114543b51f9003f8536d') in 0.020970 seconds
  Import took 0.029513 seconds .

========================================================================
Received Import Request.
  Time since last request: 0.000311 seconds.
  path: Assets/Art/Textures/General/Fern_01_Albedo.png
  artifactKey: Guid(6da591420c95bbe4bb43b39c060602d6) Importer(815301076,1909f56bfc062723c751e8b465ee728b)
Start importing Assets/Art/Textures/General/Fern_01_Albedo.png using Guid(6da591420c95bbe4bb43b39c060602d6) Importer(815301076,1909f56bfc062723c751e8b465ee728b)  -> (artifact id: '212265195aac9290bed30843be4c2680') in 0.029789 seconds
  Import took 0.038819 seconds .

========================================================================
Received Import Request.
  Time since last request: 0.000279 seconds.
  path: Assets/Art/Materials/General/SandblastMetal_Mat.mat
  artifactKey: Guid(2d17ebb7fe958ff4898d2c0cd1dddce9) Importer(815301076,1909f56bfc062723c751e8b465ee728b)
Start importing Assets/Art/Materials/General/SandblastMetal_Mat.mat using Guid(2d17ebb7fe958ff4898d2c0cd1dddce9) Importer(815301076,1909f56bfc062723c751e8b465ee728b)  -> (artifact id: '15f0dd167eb7ff5393533322373b01a7') in 0.047050 seconds
  Import took 0.054883 seconds .

========================================================================
Received Import Request.
  Time since last request: 0.000278 seconds.
  path: Assets/Art/Textures/General/ConcreteRough_Albedo.png
  artifactKey: Guid(b474a739586db374ab8f3851f7c7295c) Importer(815301076,1909f56bfc062723c751e8b465ee728b)
Start importing Assets/Art/Textures/General/ConcreteRough_Albedo.png using Guid(b474a739586db374ab8f3851f7c7295c) Importer(815301076,1909f56bfc062723c751e8b465ee728b)  -> (artifact id: '955d5012538e45be35628835b1ea0c6c') in 0.025308 seconds
  Import took 0.033685 seconds .

========================================================================
Received Import Request.
  Time since last request: 0.000236 seconds.
  path: Assets/Art/Textures/General/ConcreteMatteGrey_Albedo.png
  artifactKey: Guid(218a2347bc3ab2f4a90790e60b49b388) Importer(815301076,1909f56bfc062723c751e8b465ee728b)
Start importing Assets/Art/Textures/General/ConcreteMatteGrey_Albedo.png using Guid(218a2347bc3ab2f4a90790e60b49b388) Importer(815301076,1909f56bfc062723c751e8b465ee728b)  -> (artifact id: '23fc43e6c5bc2da60e241816166d61a9') in 0.024962 seconds
  Import took 0.032980 seconds .

========================================================================
Received Import Request.
  Time since last request: 0.000295 seconds.
  path: Assets/Art/Textures/General/ConcretePolished_DetailMap.png
  artifactKey: Guid(402efc12270e7ab4d8d599454be2cef5) Importer(815301076,1909f56bfc062723c751e8b465ee728b)
Start importing Assets/Art/Textures/General/ConcretePolished_DetailMap.png using Guid(402efc12270e7ab4d8d599454be2cef5) Importer(815301076,1909f56bfc062723c751e8b465ee728b)  -> (artifact id: '26c7793217a9cf52f992f2162cd0f049') in 0.023130 seconds
  Import took 0.030791 seconds .

========================================================================
Received Import Request.
  Time since last request: 0.000298 seconds.
  path: Assets/Art/Textures/General/Rubber_N.png
  artifactKey: Guid(8bd4e7ade2fb9b44b9271f1a6e5056c8) Importer(815301076,1909f56bfc062723c751e8b465ee728b)
Start importing Assets/Art/Textures/General/Rubber_N.png using Guid(8bd4e7ade2fb9b44b9271f1a6e5056c8) Importer(815301076,1909f56bfc062723c751e8b465ee728b)  -> (artifact id: 'c4fb94a8aa03e34f00c81c4bc4b920c8') in 0.020949 seconds
  Import took 0.029568 seconds .

========================================================================
Received Import Request.
  Time since last request: 0.000302 seconds.
  path: Assets/Art/Materials/General/Ground_Mat.mat
  artifactKey: Guid(80c783de8f9d2de49aa80661a4466819) Importer(815301076,1909f56bfc062723c751e8b465ee728b)
Start importing Assets/Art/Materials/General/Ground_Mat.mat using Guid(80c783de8f9d2de49aa80661a4466819) Importer(815301076,1909f56bfc062723c751e8b465ee728b)  -> (artifact id: 'd4b438b017ce347b8bee5534b4cd878c') in 0.049872 seconds
  Import took 0.058246 seconds .

========================================================================
Received Import Request.
  Time since last request: 0.000309 seconds.
  path: Assets/Art/Textures/General/Fabric_Albedo.png
  artifactKey: Guid(4979da18f5375524bbe219a2fc4f1900) Importer(815301076,1909f56bfc062723c751e8b465ee728b)
Start importing Assets/Art/Textures/General/Fabric_Albedo.png using Guid(4979da18f5375524bbe219a2fc4f1900) Importer(815301076,1909f56bfc062723c751e8b465ee728b)  -> (artifact id: '328d7bad436f0dc3cd69d8512f20a5eb') in 0.021941 seconds
  Import took 0.029509 seconds .

========================================================================
Received Import Request.
  Time since last request: 0.000233 seconds.
  path: Assets/Art/Textures/General/Bamboo_A_Thickness.png
  artifactKey: Guid(f6e15ec362c60e74cb03d3353528f79c) Importer(815301076,1909f56bfc062723c751e8b465ee728b)
Start importing Assets/Art/Textures/General/Bamboo_A_Thickness.png using Guid(f6e15ec362c60e74cb03d3353528f79c) Importer(815301076,1909f56bfc062723c751e8b465ee728b)  -> (artifact id: '17141a88696617f906560f8961919443') in 0.023944 seconds
  Import took 0.032459 seconds .

========================================================================
Received Import Request.
  Time since last request: 0.000251 seconds.
  path: Assets/Art/Textures/General/ConcreteMatteGrey_Normal.png
  artifactKey: Guid(220d1c644e262794d9fff5f4c5543142) Importer(815301076,1909f56bfc062723c751e8b465ee728b)
Start importing Assets/Art/Textures/General/ConcreteMatteGrey_Normal.png using Guid(220d1c644e262794d9fff5f4c5543142) Importer(815301076,1909f56bfc062723c751e8b465ee728b)  -> (artifact id: '92e82ac4e534cb24da0f76e4cdef843d') in 0.023038 seconds
  Import took 0.031400 seconds .

========================================================================
Received Import Request.
  Time since last request: 0.000245 seconds.
  path: Assets/Art/Textures/General/Bush_01_MAODS.png
  artifactKey: Guid(5618ce3251344d743a4f94e92a46e6b5) Importer(815301076,1909f56bfc062723c751e8b465ee728b)
Start importing Assets/Art/Textures/General/Bush_01_MAODS.png using Guid(5618ce3251344d743a4f94e92a46e6b5) Importer(815301076,1909f56bfc062723c751e8b465ee728b)  -> (artifact id: 'a01f8369b425a4476f012b74a074c2af') in 0.020682 seconds
  Import took 0.029531 seconds .

========================================================================
Received Import Request.
  Time since last request: 0.000291 seconds.
  path: Assets/Art/Materials/General/ConcreteRough_Mat.mat
  artifactKey: Guid(2d5eb5266d7bdbf49a5a251d8dcecbeb) Importer(815301076,1909f56bfc062723c751e8b465ee728b)
Start importing Assets/Art/Materials/General/ConcreteRough_Mat.mat using Guid(2d5eb5266d7bdbf49a5a251d8dcecbeb) Importer(815301076,1909f56bfc062723c751e8b465ee728b)  -> (artifact id: '521a285a25049b7e2424f13a16a5df8e') in 0.046587 seconds
  Import took 0.054874 seconds .

========================================================================
Received Import Request.
  Time since last request: 0.000282 seconds.
  path: Assets/Art/Textures/General/Bamboo_A_MaskMap.png
  artifactKey: Guid(0081f8fb9bc44a0448c0276d234cd68d) Importer(815301076,1909f56bfc062723c751e8b465ee728b)
Start importing Assets/Art/Textures/General/Bamboo_A_MaskMap.png using Guid(0081f8fb9bc44a0448c0276d234cd68d) Importer(815301076,1909f56bfc062723c751e8b465ee728b)  -> (artifact id: '761ba44e1492fd8d94004b0ea1cc79e1') in 0.022314 seconds
  Import took 0.031411 seconds .

========================================================================
Received Import Request.
  Time since last request: 0.000286 seconds.
  path: Assets/Art/Materials/General/Drain_Mat.mat
  artifactKey: Guid(695771bab024a834dbb2756b86ed03ef) Importer(815301076,1909f56bfc062723c751e8b465ee728b)
Start importing Assets/Art/Materials/General/Drain_Mat.mat using Guid(695771bab024a834dbb2756b86ed03ef) Importer(815301076,1909f56bfc062723c751e8b465ee728b)  -> (artifact id: 'ad48816c5e7093d02c6d00e185339020') in 0.047452 seconds
  Import took 0.056070 seconds .

========================================================================
Received Import Request.
  Time since last request: 0.000314 seconds.
  path: Assets/Art/Textures/General/ConcreteHoles_MAODS.png
  artifactKey: Guid(3c37174c3fa9e7646b00e37ea0871adc) Importer(815301076,1909f56bfc062723c751e8b465ee728b)
Start importing Assets/Art/Textures/General/ConcreteHoles_MAODS.png using Guid(3c37174c3fa9e7646b00e37ea0871adc) Importer(815301076,1909f56bfc062723c751e8b465ee728b)  -> (artifact id: '419644bd891d4a0a0d01965e914e2de8') in 0.026526 seconds
  Import took 0.035929 seconds .

========================================================================
Received Import Request.
  Time since last request: 0.000271 seconds.
  path: Assets/Art/Textures/General/ConcretePolished_Albedo.png
  artifactKey: Guid(1f625b5dff84a4b4fa20cebcb4146d3a) Importer(815301076,1909f56bfc062723c751e8b465ee728b)
Start importing Assets/Art/Textures/General/ConcretePolished_Albedo.png using Guid(1f625b5dff84a4b4fa20cebcb4146d3a) Importer(815301076,1909f56bfc062723c751e8b465ee728b)  -> (artifact id: 'd787ca3d5c730265e0dfb52b3c90b691') in 0.021910 seconds
  Import took 0.030519 seconds .

========================================================================
Received Import Request.
  Time since last request: 0.000282 seconds.
  path: Assets/Art/Textures/General/Ground_Normal.png
  artifactKey: Guid(e244b2d408d890041b34921c157b70eb) Importer(815301076,1909f56bfc062723c751e8b465ee728b)
Start importing Assets/Art/Textures/General/Ground_Normal.png using Guid(e244b2d408d890041b34921c157b70eb) Importer(815301076,1909f56bfc062723c751e8b465ee728b)  -> (artifact id: '71fef19b62fa089b42b9c731c1b7a3eb') in 0.027168 seconds
  Import took 0.035445 seconds .

========================================================================
Received Import Request.
  Time since last request: 0.000267 seconds.
  path: Assets/Art/Textures/General/ConcreteRough_DetailMap.png
  artifactKey: Guid(ca33ff158a9699d4dacba15d141de285) Importer(815301076,1909f56bfc062723c751e8b465ee728b)
Start importing Assets/Art/Textures/General/ConcreteRough_DetailMap.png using Guid(ca33ff158a9699d4dacba15d141de285) Importer(815301076,1909f56bfc062723c751e8b465ee728b)  -> (artifact id: 'e3243e8d0800e8f64c1b0be93203722a') in 0.024865 seconds
  Import took 0.033859 seconds .

========================================================================
Received Import Request.
  Time since last request: 0.000333 seconds.
  path: Assets/Art/Textures/General/ConcreteSmooth_MAODS.png
  artifactKey: Guid(0a02ce20803245d45819e67107a84381) Importer(815301076,1909f56bfc062723c751e8b465ee728b)
Start importing Assets/Art/Textures/General/ConcreteSmooth_MAODS.png using Guid(0a02ce20803245d45819e67107a84381) Importer(815301076,1909f56bfc062723c751e8b465ee728b)  -> (artifact id: '13f8bfef4a69048fa1ebf731edd49d73') in 0.023675 seconds
  Import took 0.032178 seconds .

========================================================================
Received Import Request.
  Time since last request: 0.000327 seconds.
  path: Assets/Art/Materials/General/MetalBlack_Mat.mat
  artifactKey: Guid(c9af0dbe88854d64aa8e276b41a10462) Importer(815301076,1909f56bfc062723c751e8b465ee728b)
Start importing Assets/Art/Materials/General/MetalBlack_Mat.mat using Guid(c9af0dbe88854d64aa8e276b41a10462) Importer(815301076,1909f56bfc062723c751e8b465ee728b)  -> (artifact id: '48b6185beb00b965e3d306a0fa301f55') in 0.852491 seconds
  Import took 0.861254 seconds .

========================================================================
Received Import Request.
  Time since last request: 0.000328 seconds.
  path: Assets/Art/Textures/General/MarbleFloor_Normal.png
  artifactKey: Guid(ce933628a0d8b1e44bcecaed849d39d6) Importer(815301076,1909f56bfc062723c751e8b465ee728b)
Start importing Assets/Art/Textures/General/MarbleFloor_Normal.png using Guid(ce933628a0d8b1e44bcecaed849d39d6) Importer(815301076,1909f56bfc062723c751e8b465ee728b)  -> (artifact id: 'b1547ac19af3c720d072934b203d32b0') in 0.024658 seconds
  Import took 0.032849 seconds .

========================================================================
Received Import Request.
  Time since last request: 0.000334 seconds.
  path: Assets/Art/Textures/General/ConcretePolished_MAODS.png
  artifactKey: Guid(5462461448baad44ebff238191c85a2d) Importer(815301076,1909f56bfc062723c751e8b465ee728b)
Start importing Assets/Art/Textures/General/ConcretePolished_MAODS.png using Guid(5462461448baad44ebff238191c85a2d) Importer(815301076,1909f56bfc062723c751e8b465ee728b)  -> (artifact id: '1f6518c89cabb4a6e8d2f3e51cb09935') in 0.021381 seconds
  Import took 0.028781 seconds .

========================================================================
Received Import Request.
  Time since last request: 0.000306 seconds.
  path: Assets/Art/Materials/General/Fabric_Mat.mat
  artifactKey: Guid(d7e92d5116171344ba594f9d547cd085) Importer(815301076,1909f56bfc062723c751e8b465ee728b)
Start importing Assets/Art/Materials/General/Fabric_Mat.mat using Guid(d7e92d5116171344ba594f9d547cd085) Importer(815301076,1909f56bfc062723c751e8b465ee728b)  -> (artifact id: 'aff48032399612c3fc259e63e0900538') in 0.043533 seconds
  Import took 0.052105 seconds .

========================================================================
Received Import Request.
  Time since last request: 0.000274 seconds.
  path: Assets/Art/Textures/General/Fabric_MAODS.png
  artifactKey: Guid(500a00ffd0d96724eba029d2f61b5708) Importer(815301076,1909f56bfc062723c751e8b465ee728b)
Start importing Assets/Art/Textures/General/Fabric_MAODS.png using Guid(500a00ffd0d96724eba029d2f61b5708) Importer(815301076,1909f56bfc062723c751e8b465ee728b)  -> (artifact id: '1feead52ddc6e5bea2774c9d5d89d916') in 0.020431 seconds
  Import took 0.028984 seconds .

========================================================================
Received Import Request.
  Time since last request: 0.000246 seconds.
  path: Assets/Art/Textures/General/ConcreteRough_MAODS.png
  artifactKey: Guid(d2a4e8cbaf150bd4da04ea6b4f5ca2a5) Importer(815301076,1909f56bfc062723c751e8b465ee728b)
Start importing Assets/Art/Textures/General/ConcreteRough_MAODS.png using Guid(d2a4e8cbaf150bd4da04ea6b4f5ca2a5) Importer(815301076,1909f56bfc062723c751e8b465ee728b)  -> (artifact id: 'eedc293b63697681cc4293707b09aca1') in 0.020293 seconds
  Import took 0.029001 seconds .

========================================================================
Received Import Request.
  Time since last request: 0.000276 seconds.
  path: Assets/Art/Materials/General/ConcreteMatteGrey_Mat.mat
  artifactKey: Guid(f042a9897837021468ecfcb204be998e) Importer(815301076,1909f56bfc062723c751e8b465ee728b)
Start importing Assets/Art/Materials/General/ConcreteMatteGrey_Mat.mat using Guid(f042a9897837021468ecfcb204be998e) Importer(815301076,1909f56bfc062723c751e8b465ee728b)  -> (artifact id: '88e26d5bfe2d97282d38a3e488394907') in 0.057717 seconds
  Import took 0.067483 seconds .

========================================================================
Received Import Request.
  Time since last request: 0.000376 seconds.
  path: Assets/Art/Textures/General/Brass_Normal.png
  artifactKey: Guid(859b2995968925148b3bf58b641f49ad) Importer(815301076,1909f56bfc062723c751e8b465ee728b)
Start importing Assets/Art/Textures/General/Brass_Normal.png using Guid(859b2995968925148b3bf58b641f49ad) Importer(815301076,1909f56bfc062723c751e8b465ee728b)  -> (artifact id: '6a8051095d789b9b4f1fe037047be828') in 0.021267 seconds
  Import took 0.030115 seconds .

========================================================================
Received Import Request.
  Time since last request: 0.000280 seconds.
  path: Assets/Art/Textures/General/ConcreteHoles_Albedo.png
  artifactKey: Guid(2b99f0294fbead04c982891ea9dffe34) Importer(815301076,1909f56bfc062723c751e8b465ee728b)
Start importing Assets/Art/Textures/General/ConcreteHoles_Albedo.png using Guid(2b99f0294fbead04c982891ea9dffe34) Importer(815301076,1909f56bfc062723c751e8b465ee728b)  -> (artifact id: 'bdb14d6e42783b9588094c72c58fd432') in 0.025360 seconds
  Import took 0.033618 seconds .

========================================================================
Received Import Request.
  Time since last request: 0.000251 seconds.
  path: Assets/Art/Textures/General/Fabric_Normal.png
  artifactKey: Guid(f405b09ae172b7142abe821e0c6dad19) Importer(815301076,1909f56bfc062723c751e8b465ee728b)
Start importing Assets/Art/Textures/General/Fabric_Normal.png using Guid(f405b09ae172b7142abe821e0c6dad19) Importer(815301076,1909f56bfc062723c751e8b465ee728b)  -> (artifact id: 'a5eacc1d5d0bb877e37ee427e7f69096') in 0.021008 seconds
  Import took 0.029290 seconds .

========================================================================
Received Import Request.
  Time since last request: 0.000314 seconds.
  path: Assets/Art/Materials/General/MarbleFlooring_Mat.mat
  artifactKey: Guid(b9229bd79b5265144b4b356915c17864) Importer(815301076,1909f56bfc062723c751e8b465ee728b)
Start importing Assets/Art/Materials/General/MarbleFlooring_Mat.mat using Guid(b9229bd79b5265144b4b356915c17864) Importer(815301076,1909f56bfc062723c751e8b465ee728b)  -> (artifact id: '8a940ea444331517f2f5ca68af78dd1f') in 0.047154 seconds
  Import took 0.056717 seconds .

========================================================================
Received Import Request.
  Time since last request: 0.000365 seconds.
  path: Assets/Art/Materials/General/ConcretePolished_Mat.mat
  artifactKey: Guid(5948dbaa050aa8f488c46767a205e35d) Importer(815301076,1909f56bfc062723c751e8b465ee728b)
Start importing Assets/Art/Materials/General/ConcretePolished_Mat.mat using Guid(5948dbaa050aa8f488c46767a205e35d) Importer(815301076,1909f56bfc062723c751e8b465ee728b)  -> (artifact id: '204bbbc4225e860c92b1aee8392c6f7f') in 0.048689 seconds
  Import took 0.058613 seconds .

========================================================================
Received Import Request.
  Time since last request: 0.000229 seconds.
  path: Assets/Art/Textures/General/Plant_C_Normal.png
  artifactKey: Guid(c3d4c8f8ff732c144b4ce7ee3f03554f) Importer(815301076,1909f56bfc062723c751e8b465ee728b)
Start importing Assets/Art/Textures/General/Plant_C_Normal.png using Guid(c3d4c8f8ff732c144b4ce7ee3f03554f) Importer(815301076,1909f56bfc062723c751e8b465ee728b)  -> (artifact id: '06b283f747117e45f222b464eb0a35a6') in 0.024314 seconds
  Import took 0.031940 seconds .

========================================================================
Received Import Request.
  Time since last request: 0.000247 seconds.
  path: Assets/Art/Textures/General/Rubber_BC.png
  artifactKey: Guid(6d9beadd74e02964c8cb5b19a3f3ea41) Importer(815301076,1909f56bfc062723c751e8b465ee728b)
Start importing Assets/Art/Textures/General/Rubber_BC.png using Guid(6d9beadd74e02964c8cb5b19a3f3ea41) Importer(815301076,1909f56bfc062723c751e8b465ee728b)  -> (artifact id: '8bc6b905a141ca3c9a00c84eb445d119') in 0.024799 seconds
  Import took 0.032308 seconds .

========================================================================
Received Import Request.
  Time since last request: 0.000273 seconds.
  path: Assets/Art/Materials/General/ConcreteCyan_Mat.mat
  artifactKey: Guid(6a4a9cd798f58bf419164a016513c59e) Importer(815301076,1909f56bfc062723c751e8b465ee728b)
Start importing Assets/Art/Materials/General/ConcreteCyan_Mat.mat using Guid(6a4a9cd798f58bf419164a016513c59e) Importer(815301076,1909f56bfc062723c751e8b465ee728b)  -> (artifact id: '123cb25089197dc34a3a2595eb7c8e82') in 0.046357 seconds
  Import took 0.054604 seconds .

========================================================================
Received Import Request.
  Time since last request: 0.000320 seconds.
  path: Assets/Art/Textures/General/Fern_01_MAODS.png
  artifactKey: Guid(5cc84c9d58469314e83fe0a784b51fdb) Importer(815301076,1909f56bfc062723c751e8b465ee728b)
Start importing Assets/Art/Textures/General/Fern_01_MAODS.png using Guid(5cc84c9d58469314e83fe0a784b51fdb) Importer(815301076,1909f56bfc062723c751e8b465ee728b)  -> (artifact id: 'f0405f0c35aa6435027da11c9c6d1f61') in 0.014305 seconds
  Import took 0.022106 seconds .

========================================================================
Received Import Request.
  Time since last request: 0.000270 seconds.
  path: Assets/Art/Materials/General/Decal_Mat.mat
  artifactKey: Guid(811cfb822fc52b94997d2481839de2fe) Importer(815301076,1909f56bfc062723c751e8b465ee728b)
Start importing Assets/Art/Materials/General/Decal_Mat.mat using Guid(811cfb822fc52b94997d2481839de2fe) Importer(815301076,1909f56bfc062723c751e8b465ee728b)  -> (artifact id: 'da137fda355724142ce1ab83136a5d56') in 0.040009 seconds
  Import took 0.048894 seconds .

========================================================================
Received Import Request.
  Time since last request: 0.000307 seconds.
  path: Assets/Art/Textures/General/WoodLight_Albedo.png
  artifactKey: Guid(2c8323241f237fa408e40b18b68f5c1b) Importer(815301076,1909f56bfc062723c751e8b465ee728b)
Start importing Assets/Art/Textures/General/WoodLight_Albedo.png using Guid(2c8323241f237fa408e40b18b68f5c1b) Importer(815301076,1909f56bfc062723c751e8b465ee728b)  -> (artifact id: '90482910c34c2eeafc927210c6f44b02') in 0.024837 seconds
  Import took 0.032445 seconds .

========================================================================
Received Import Request.
  Time since last request: 0.000296 seconds.
  path: Assets/Art/Textures/General/WoodCounter_MAODS.png
  artifactKey: Guid(1b0247db106835147a9d26955fe0fdbb) Importer(815301076,1909f56bfc062723c751e8b465ee728b)
Start importing Assets/Art/Textures/General/WoodCounter_MAODS.png using Guid(1b0247db106835147a9d26955fe0fdbb) Importer(815301076,1909f56bfc062723c751e8b465ee728b)  -> (artifact id: '0926360b4ebfaf56f80234fdf39fcd73') in 0.022607 seconds
  Import took 0.031396 seconds .

========================================================================
Received Import Request.
  Time since last request: 0.000291 seconds.
  path: Assets/Art/Materials/General/Rock_A.mat
  artifactKey: Guid(5d53f2d3d2871cc40bfce7f567098cbe) Importer(815301076,1909f56bfc062723c751e8b465ee728b)
Start importing Assets/Art/Materials/General/Rock_A.mat using Guid(5d53f2d3d2871cc40bfce7f567098cbe) Importer(815301076,1909f56bfc062723c751e8b465ee728b)  -> (artifact id: 'b7b71fd2fc3a4e9995d62d443d810426') in 0.049443 seconds
  Import took 0.059030 seconds .

========================================================================
Received Import Request.
  Time since last request: 0.000339 seconds.
  path: Assets/Art/Textures/General/Ground_MAODS.png
  artifactKey: Guid(94d001f430af3964bb8a91bfa7e6d197) Importer(815301076,1909f56bfc062723c751e8b465ee728b)
Start importing Assets/Art/Textures/General/Ground_MAODS.png using Guid(94d001f430af3964bb8a91bfa7e6d197) Importer(815301076,1909f56bfc062723c751e8b465ee728b)  -> (artifact id: '7179ddaae7973fd45f1e993f474315f2') in 0.024635 seconds
  Import took 0.033604 seconds .

========================================================================
Received Import Request.
  Time since last request: 0.000300 seconds.
  path: Assets/Art/Textures/General/MetalBlack_Albedo.png
  artifactKey: Guid(de91ca4c8b4608349819a40acac819e6) Importer(815301076,1909f56bfc062723c751e8b465ee728b)
Start importing Assets/Art/Textures/General/MetalBlack_Albedo.png using Guid(de91ca4c8b4608349819a40acac819e6) Importer(815301076,1909f56bfc062723c751e8b465ee728b)  -> (artifact id: 'f46a63a6383e8d39f9fe2d097982729f') in 0.023019 seconds
  Import took 0.032033 seconds .

========================================================================
Received Import Request.
  Time since last request: 0.000303 seconds.
  path: Assets/Art/Textures/General/ConcreteHoles_DetailMap.png
  artifactKey: Guid(e29d5dd2ec8d21644bfc76132a215c85) Importer(815301076,1909f56bfc062723c751e8b465ee728b)
Start importing Assets/Art/Textures/General/ConcreteHoles_DetailMap.png using Guid(e29d5dd2ec8d21644bfc76132a215c85) Importer(815301076,1909f56bfc062723c751e8b465ee728b)  -> (artifact id: 'b81914553ee3cc6136a5d17236bd0b11') in 0.021628 seconds
  Import took 0.029139 seconds .

========================================================================
Received Import Request.
  Time since last request: 0.000298 seconds.
  path: Assets/Art/Textures/General/MetalBlack_Normal.png
  artifactKey: Guid(50e506fbbc39c2d4f9aa6da614c479b2) Importer(815301076,1909f56bfc062723c751e8b465ee728b)
Start importing Assets/Art/Textures/General/MetalBlack_Normal.png using Guid(50e506fbbc39c2d4f9aa6da614c479b2) Importer(815301076,1909f56bfc062723c751e8b465ee728b)  -> (artifact id: '7b02a2244dd577a0b3b6208654329cfc') in 0.026653 seconds
  Import took 0.035624 seconds .

========================================================================
Received Import Request.
  Time since last request: 0.000264 seconds.
  path: Assets/Art/Materials/General/EmissiveBulb_Mat.mat
  artifactKey: Guid(82f22cfcd3162714f97430d3043d810f) Importer(815301076,1909f56bfc062723c751e8b465ee728b)
Start importing Assets/Art/Materials/General/EmissiveBulb_Mat.mat using Guid(82f22cfcd3162714f97430d3043d810f) Importer(815301076,1909f56bfc062723c751e8b465ee728b)  -> (artifact id: 'ebea568412ae8ea5074c41b95e8a3faa') in 0.040970 seconds
  Import took 0.050573 seconds .

========================================================================
Received Import Request.
  Time since last request: 0.000216 seconds.
  path: Assets/Art/Textures/General/DecalPuddle_01_Albedo.png
  artifactKey: Guid(fa8928ff6cd67b74a93780ae9e05ce67) Importer(815301076,1909f56bfc062723c751e8b465ee728b)
Start importing Assets/Art/Textures/General/DecalPuddle_01_Albedo.png using Guid(fa8928ff6cd67b74a93780ae9e05ce67) Importer(815301076,1909f56bfc062723c751e8b465ee728b)  -> (artifact id: 'd39a0e7585099a54aa7cac61af752913') in 0.023971 seconds
  Import took 0.032485 seconds .

========================================================================
Received Import Request.
  Time since last request: 0.000273 seconds.
  path: Assets/Art/Textures/General/Plant_C_MaskMap.png
  artifactKey: Guid(853f2087cf0a1724bbc1a78c93af4a43) Importer(815301076,1909f56bfc062723c751e8b465ee728b)
Start importing Assets/Art/Textures/General/Plant_C_MaskMap.png using Guid(853f2087cf0a1724bbc1a78c93af4a43) Importer(815301076,1909f56bfc062723c751e8b465ee728b)  -> (artifact id: '9bb57028834c2f46fd62900e3c73d0a0') in 0.014320 seconds
  Import took 0.022991 seconds .

========================================================================
Received Import Request.
  Time since last request: 0.000346 seconds.
  path: Assets/Art/Textures/General/Bush_01_BC.png
  artifactKey: Guid(a78b571da66b42a4797a35454d64a71d) Importer(815301076,1909f56bfc062723c751e8b465ee728b)
Start importing Assets/Art/Textures/General/Bush_01_BC.png using Guid(a78b571da66b42a4797a35454d64a71d) Importer(815301076,1909f56bfc062723c751e8b465ee728b)  -> (artifact id: '3e42aadbe88fd6dfda950dbcd85ebc68') in 0.022811 seconds
  Import took 0.031992 seconds .

========================================================================
Received Import Request.
  Time since last request: 0.000274 seconds.
  path: Assets/Art/Materials/General/Bamboo_A.mat
  artifactKey: Guid(fff7b0d103b7de54f810338cd8c6d44a) Importer(815301076,1909f56bfc062723c751e8b465ee728b)
Start importing Assets/Art/Materials/General/Bamboo_A.mat using Guid(fff7b0d103b7de54f810338cd8c6d44a) Importer(815301076,1909f56bfc062723c751e8b465ee728b)  -> (artifact id: '35d6af7cdd9b82309362e33a44846dab') in 1.351514 seconds
  Import took 1.362031 seconds .

========================================================================
Received Import Request.
  Time since last request: 0.000326 seconds.
  path: Assets/Art/Materials/General/Collision_Mat.mat
  artifactKey: Guid(a7f9b9f3a7ec88a42bcdef7463ccbffe) Importer(815301076,1909f56bfc062723c751e8b465ee728b)
Start importing Assets/Art/Materials/General/Collision_Mat.mat using Guid(a7f9b9f3a7ec88a42bcdef7463ccbffe) Importer(815301076,1909f56bfc062723c751e8b465ee728b)  -> (artifact id: '8de34dc2549fea48d9cf797a6e159909') in 1.041610 seconds
  Import took 1.050250 seconds .

========================================================================
Received Import Request.
  Time since last request: 0.000351 seconds.
  path: Assets/Art/Textures/General/Bush_01_Normal.png
  artifactKey: Guid(f9d8b252b0a372e409bd532d908b970d) Importer(815301076,1909f56bfc062723c751e8b465ee728b)
Start importing Assets/Art/Textures/General/Bush_01_Normal.png using Guid(f9d8b252b0a372e409bd532d908b970d) Importer(815301076,1909f56bfc062723c751e8b465ee728b)  -> (artifact id: '65a0fa90d0636b14b7f7180b5bf05e4e') in 0.022839 seconds
  Import took 0.030736 seconds .

========================================================================
Received Import Request.
  Time since last request: 0.000331 seconds.
  path: Assets/Art/Textures/General/Fern_01_Thickness.png
  artifactKey: Guid(79009d2d8f52590449a72066c327d353) Importer(815301076,1909f56bfc062723c751e8b465ee728b)
Start importing Assets/Art/Textures/General/Fern_01_Thickness.png using Guid(79009d2d8f52590449a72066c327d353) Importer(815301076,1909f56bfc062723c751e8b465ee728b)  -> (artifact id: '76d4399403dfb120cae7a387ada616ac') in 0.021016 seconds
  Import took 0.028557 seconds .

========================================================================
Received Import Request.
  Time since last request: 0.000275 seconds.
  path: Assets/Art/Textures/General/Rock_A_Albedo.png
  artifactKey: Guid(14a258bdd0518e741bbf5798e65c5e5a) Importer(815301076,1909f56bfc062723c751e8b465ee728b)
Start importing Assets/Art/Textures/General/Rock_A_Albedo.png using Guid(14a258bdd0518e741bbf5798e65c5e5a) Importer(815301076,1909f56bfc062723c751e8b465ee728b)  -> (artifact id: '7925c5939edf28d616f0e24cd882c62c') in 0.024533 seconds
  Import took 0.032008 seconds .

========================================================================
Received Import Request.
  Time since last request: 0.000306 seconds.
  path: Assets/Art/Materials/General/Brass_Mat.mat
  artifactKey: Guid(51715d426647c0a469aa54fd0d386aa6) Importer(815301076,1909f56bfc062723c751e8b465ee728b)
Start importing Assets/Art/Materials/General/Brass_Mat.mat using Guid(51715d426647c0a469aa54fd0d386aa6) Importer(815301076,1909f56bfc062723c751e8b465ee728b)  -> (artifact id: '8063d9ab71285408c2d3ab3b2c524774') in 0.824662 seconds
  Import took 0.833702 seconds .

========================================================================
Received Import Request.
  Time since last request: 0.000369 seconds.
  path: Assets/Art/Textures/General/Ground_Albedo.png
  artifactKey: Guid(b6b099b58f8535a46ac14165d4a80a24) Importer(815301076,1909f56bfc062723c751e8b465ee728b)
Start importing Assets/Art/Textures/General/Ground_Albedo.png using Guid(b6b099b58f8535a46ac14165d4a80a24) Importer(815301076,1909f56bfc062723c751e8b465ee728b)  -> (artifact id: 'cf784e165b63045971bfd0bdd63118e8') in 0.030043 seconds
  Import took 0.038781 seconds .

========================================================================
Received Import Request.
  Time since last request: 0.000367 seconds.
  path: Assets/Art/Materials/General/Fern_01_Mat.mat
  artifactKey: Guid(41b4ab126d0398d4a82ef0abf15e1226) Importer(815301076,1909f56bfc062723c751e8b465ee728b)
Start importing Assets/Art/Materials/General/Fern_01_Mat.mat using Guid(41b4ab126d0398d4a82ef0abf15e1226) Importer(815301076,1909f56bfc062723c751e8b465ee728b)  -> (artifact id: '66493b45507c2e831e3dd49e85276e72') in 0.888641 seconds
  Import took 0.897566 seconds .

========================================================================
Received Import Request.
  Time since last request: 0.000296 seconds.
  path: Assets/Art/Materials/General/Bush_01_Mat.mat
  artifactKey: Guid(c8ff19ec299458747b23b805b74ed9a1) Importer(815301076,1909f56bfc062723c751e8b465ee728b)
Start importing Assets/Art/Materials/General/Bush_01_Mat.mat using Guid(c8ff19ec299458747b23b805b74ed9a1) Importer(815301076,1909f56bfc062723c751e8b465ee728b)  -> (artifact id: '76c87a4609f3cc7d31a9c205a0ddb767') in 0.046810 seconds
  Import took 0.055897 seconds .

========================================================================
Received Import Request.
  Time since last request: 0.000299 seconds.
  path: Assets/Art/Materials/General/DecalPuddle_Mat.mat
  artifactKey: Guid(94d80f3e038421840941e22d06feee02) Importer(815301076,1909f56bfc062723c751e8b465ee728b)
Start importing Assets/Art/Materials/General/DecalPuddle_Mat.mat using Guid(94d80f3e038421840941e22d06feee02) Importer(815301076,1909f56bfc062723c751e8b465ee728b)  -> (artifact id: 'ea74ccdfe465f03c53f99ecb8b51d859') in 0.041979 seconds
  Import took 0.050640 seconds .

========================================================================
Received Import Request.
  Time since last request: 0.000297 seconds.
  path: Assets/Art/Textures/General/ConcreteRough_Normal.png
  artifactKey: Guid(d27afe850f7bc4b48bdc67be58bad39f) Importer(815301076,1909f56bfc062723c751e8b465ee728b)
Start importing Assets/Art/Textures/General/ConcreteRough_Normal.png using Guid(d27afe850f7bc4b48bdc67be58bad39f) Importer(815301076,1909f56bfc062723c751e8b465ee728b)  -> (artifact id: 'a6007b1f2b13636bb864aadf262704ad') in 0.025638 seconds
  Import took 0.033466 seconds .

========================================================================
Received Import Request.
  Time since last request: 0.000279 seconds.
  path: Assets/Art/Textures/General/ConcreteSmooth_Albedo.png
  artifactKey: Guid(7f40dbc8e6eb9bb479af6cfd14d6a031) Importer(815301076,1909f56bfc062723c751e8b465ee728b)
Start importing Assets/Art/Textures/General/ConcreteSmooth_Albedo.png using Guid(7f40dbc8e6eb9bb479af6cfd14d6a031) Importer(815301076,1909f56bfc062723c751e8b465ee728b)  -> (artifact id: 'b6f477ca51c05865448457107b3541a1') in 0.026560 seconds
  Import took 0.039554 seconds .

========================================================================
Received Import Request.
  Time since last request: 0.000367 seconds.
  path: Assets/Art/Textures/General/Plant_C_Albedo.png
  artifactKey: Guid(79d61a9b8b8d95449a0a38b3172b0681) Importer(815301076,1909f56bfc062723c751e8b465ee728b)
Start importing Assets/Art/Textures/General/Plant_C_Albedo.png using Guid(79d61a9b8b8d95449a0a38b3172b0681) Importer(815301076,1909f56bfc062723c751e8b465ee728b)  -> (artifact id: '1a9b9a50e7846bafbd149c5f48d0095e') in 0.027023 seconds
  Import took 0.036604 seconds .

========================================================================
Received Import Request.
  Time since last request: 0.000288 seconds.
  path: Assets/Art/Textures/General/ConcreteHoles_Normal.png
  artifactKey: Guid(87d1598cf2939b74e8ddb3a1064828cb) Importer(815301076,1909f56bfc062723c751e8b465ee728b)
Start importing Assets/Art/Textures/General/ConcreteHoles_Normal.png using Guid(87d1598cf2939b74e8ddb3a1064828cb) Importer(815301076,1909f56bfc062723c751e8b465ee728b)  -> (artifact id: '196e4461b10eff76dda1dd411ca4006b') in 0.022424 seconds
  Import took 0.031178 seconds .

========================================================================
Received Import Request.
  Time since last request: 0.000248 seconds.
  path: Assets/Art/Textures/General/ConcretePolished_Normal.png
  artifactKey: Guid(69f99c17a37103a489498dd2bfeb0e32) Importer(815301076,1909f56bfc062723c751e8b465ee728b)
Start importing Assets/Art/Textures/General/ConcretePolished_Normal.png using Guid(69f99c17a37103a489498dd2bfeb0e32) Importer(815301076,1909f56bfc062723c751e8b465ee728b)  -> (artifact id: '160ffcabaa0eb1ed7c9bc910a7bc64eb') in 0.026091 seconds
  Import took 0.034565 seconds .

========================================================================
Received Import Request.
  Time since last request: 0.000293 seconds.
  path: Assets/Art/Textures/General/Rock_A_Normal.png
  artifactKey: Guid(060f44f7b9fa42e4aa07ac67c8c94b34) Importer(815301076,1909f56bfc062723c751e8b465ee728b)
Start importing Assets/Art/Textures/General/Rock_A_Normal.png using Guid(060f44f7b9fa42e4aa07ac67c8c94b34) Importer(815301076,1909f56bfc062723c751e8b465ee728b)  -> (artifact id: 'be42881301bc535d5c086e8231af7a27') in 0.026118 seconds
  Import took 0.034709 seconds .

========================================================================
Received Import Request.
  Time since last request: 130.113369 seconds.
  path: Assets
  artifactKey: Guid(00000000000000001000000000000000) Importer(815301076,1909f56bfc062723c751e8b465ee728b)
Start importing Assets using Guid(00000000000000001000000000000000) Importer(815301076,1909f56bfc062723c751e8b465ee728b)  -> (artifact id: 'e1a2c4dac9df7c17871e19a3b74f0e9f') in 0.008798 seconds
  Import took 0.018309 seconds .

========================================================================
Received Import Request.
  Time since last request: 0.003988 seconds.
  path: Assets
  artifactKey: Guid(00000000000000001000000000000000) Importer(815301076,1909f56bfc062723c751e8b465ee728b)
Start importing Assets using Guid(00000000000000001000000000000000) Importer(815301076,1909f56bfc062723c751e8b465ee728b)  -> (artifact id: 'e1a2c4dac9df7c17871e19a3b74f0e9f') in 0.002619 seconds
  Import took 0.010784 seconds .

========================================================================
Received Prepare
Registering precompiled user dll's ...
Registered in 0.002427 seconds.
Begin MonoManager ReloadAssembly
Native extension for WindowsStandalone target not found
Native extension for WebGL target not found
Refreshing native plugins compatible for Editor in 0.99 ms, found 0 plugins.
Preloading 0 native plugins for Editor in 0.00 ms.
Invoked RoslynAnalysisRunner static constructor.
RoslynAnalysisRunner will not be running.
RoslynAnalysisRunner has terminated.
Mono: successfully reloaded assembly
- Completed reload, in  2.444 seconds
Platform modules already initialized, skipping
Refreshing native plugins compatible for Editor in 1.00 ms, found 0 plugins.
Preloading 0 native plugins for Editor in 0.00 ms.
Unloading 3227 Unused Serialized files (Serialized files now loaded: 0)
System memory in use before: 170.0 MB.
System memory in use after: 167.7 MB.

Unloading 33 unused Assets to reduce memory usage. Loaded Objects now: 4064.
Total: 7.177600 ms (FindLiveObjects: 0.644200 ms CreateObjectMapping: 0.188500 ms MarkObjects: 3.029000 ms  DeleteObjects: 3.314500 ms)

========================================================================
Received Import Request.
  Time since last request: 8.097597 seconds.
  path: Assets/Main
  artifactKey: Guid(3369f8db75f393841b7eee29a527f9d2) Importer(815301076,1909f56bfc062723c751e8b465ee728b)
Start importing Assets/Main using Guid(3369f8db75f393841b7eee29a527f9d2) Importer(815301076,1909f56bfc062723c751e8b465ee728b)  -> (artifact id: '956d22777c728713dee0feae8e3d56f1') in 0.013232 seconds
  Import took 0.021133 seconds .

========================================================================
Received Prepare
Registering precompiled user dll's ...
Registered in 0.003412 seconds.
Begin MonoManager ReloadAssembly
Native extension for WindowsStandalone target not found
Native extension for WebGL target not found
Refreshing native plugins compatible for Editor in 0.97 ms, found 0 plugins.
Preloading 0 native plugins for Editor in 0.00 ms.
Invoked RoslynAnalysisRunner static constructor.
RoslynAnalysisRunner will not be running.
RoslynAnalysisRunner has terminated.
Mono: successfully reloaded assembly
- Completed reload, in  2.088 seconds
Platform modules already initialized, skipping
Refreshing native plugins compatible for Editor in 1.14 ms, found 0 plugins.
Preloading 0 native plugins for Editor in 0.00 ms.
Unloading 3331 Unused Serialized files (Serialized files now loaded: 0)
System memory in use before: 172.0 MB.
System memory in use after: 169.7 MB.

Unloading 35 unused Assets to reduce memory usage. Loaded Objects now: 4191.
Total: 8.591300 ms (FindLiveObjects: 0.695500 ms CreateObjectMapping: 0.198100 ms MarkObjects: 3.683200 ms  DeleteObjects: 4.012900 ms)

========================================================================
Received Import Request.
  Time since last request: 392.212400 seconds.
  path: Assets/Prefabs/P_First_Person_Controller.prefab
  artifactKey: Guid(b2a0df894ff4e104094394ec3de0a9b2) Importer(815301076,1909f56bfc062723c751e8b465ee728b)
Start importing Assets/Prefabs/P_First_Person_Controller.prefab using Guid(b2a0df894ff4e104094394ec3de0a9b2) Importer(815301076,1909f56bfc062723c751e8b465ee728b)  -> (artifact id: '7eb889ab4a94f067b503d6469029face') in 0.065275 seconds
  Import took 0.073960 seconds .

========================================================================
Received Import Request.
  Time since last request: 9.449675 seconds.
  path: Assets/Main/Scene
  artifactKey: Guid(919583ece2434654c821bf0546b91415) Importer(815301076,1909f56bfc062723c751e8b465ee728b)
Start importing Assets/Main/Scene using Guid(919583ece2434654c821bf0546b91415) Importer(815301076,1909f56bfc062723c751e8b465ee728b)  -> (artifact id: '4676f3494f57fa8fd8c8219aaa433b0f') in 0.008353 seconds
  Import took 0.016661 seconds .

========================================================================
Received Prepare
Registering precompiled user dll's ...
Registered in 0.003497 seconds.
Begin MonoManager ReloadAssembly
Native extension for WindowsStandalone target not found
Native extension for WebGL target not found
Refreshing native plugins compatible for Editor in 1.06 ms, found 0 plugins.
Preloading 0 native plugins for Editor in 0.00 ms.
Invoked RoslynAnalysisRunner static constructor.
RoslynAnalysisRunner will not be running.
RoslynAnalysisRunner has terminated.
Mono: successfully reloaded assembly
- Completed reload, in  1.884 seconds
Platform modules already initialized, skipping
Refreshing native plugins compatible for Editor in 1.02 ms, found 0 plugins.
Preloading 0 native plugins for Editor in 0.00 ms.
Unloading 3331 Unused Serialized files (Serialized files now loaded: 0)
System memory in use before: 172.1 MB.
System memory in use after: 169.8 MB.

Unloading 35 unused Assets to reduce memory usage. Loaded Objects now: 4193.
Total: 7.932600 ms (FindLiveObjects: 0.663400 ms CreateObjectMapping: 0.209200 ms MarkObjects: 2.932700 ms  DeleteObjects: 4.126100 ms)

========================================================================
Received Prepare
Registering precompiled user dll's ...
Registered in 0.003267 seconds.
Begin MonoManager ReloadAssembly
Native extension for WindowsStandalone target not found
Native extension for WebGL target not found
Refreshing native plugins compatible for Editor in 1.01 ms, found 0 plugins.
Preloading 0 native plugins for Editor in 0.00 ms.
Invoked RoslynAnalysisRunner static constructor.
RoslynAnalysisRunner will not be running.
RoslynAnalysisRunner has terminated.
Mono: successfully reloaded assembly
- Completed reload, in  1.949 seconds
Platform modules already initialized, skipping
Refreshing native plugins compatible for Editor in 1.02 ms, found 0 plugins.
Preloading 0 native plugins for Editor in 0.00 ms.
Unloading 3331 Unused Serialized files (Serialized files now loaded: 0)
System memory in use before: 172.1 MB.
System memory in use after: 169.9 MB.

Unloading 35 unused Assets to reduce memory usage. Loaded Objects now: 4195.
Total: 8.487900 ms (FindLiveObjects: 0.855300 ms CreateObjectMapping: 0.492000 ms MarkObjects: 3.086300 ms  DeleteObjects: 4.052800 ms)

========================================================================
Received Prepare
Registering precompiled user dll's ...
Registered in 0.003251 seconds.
Begin MonoManager ReloadAssembly
Native extension for WindowsStandalone target not found
Native extension for WebGL target not found
Refreshing native plugins compatible for Editor in 1.05 ms, found 0 plugins.
Preloading 0 native plugins for Editor in 0.00 ms.
Invoked RoslynAnalysisRunner static constructor.
RoslynAnalysisRunner will not be running.
RoslynAnalysisRunner has terminated.
Mono: successfully reloaded assembly
- Completed reload, in  1.987 seconds
Platform modules already initialized, skipping
Refreshing native plugins compatible for Editor in 1.05 ms, found 0 plugins.
Preloading 0 native plugins for Editor in 0.00 ms.
Unloading 3331 Unused Serialized files (Serialized files now loaded: 0)
System memory in use before: 172.1 MB.
System memory in use after: 169.9 MB.

Unloading 35 unused Assets to reduce memory usage. Loaded Objects now: 4197.
Total: 8.092200 ms (FindLiveObjects: 0.644400 ms CreateObjectMapping: 0.203200 ms MarkObjects: 3.023200 ms  DeleteObjects: 4.220300 ms)

========================================================================
Received Prepare
Registering precompiled user dll's ...
Registered in 0.003632 seconds.
Begin MonoManager ReloadAssembly
Native extension for WindowsStandalone target not found
Native extension for WebGL target not found
Refreshing native plugins compatible for Editor in 1.08 ms, found 0 plugins.
Preloading 0 native plugins for Editor in 0.00 ms.
Invoked RoslynAnalysisRunner static constructor.
RoslynAnalysisRunner will not be running.
RoslynAnalysisRunner has terminated.
Mono: successfully reloaded assembly
- Completed reload, in  2.032 seconds
Platform modules already initialized, skipping
Refreshing native plugins compatible for Editor in 0.99 ms, found 0 plugins.
Preloading 0 native plugins for Editor in 0.00 ms.
Unloading 3331 Unused Serialized files (Serialized files now loaded: 0)
System memory in use before: 172.1 MB.
System memory in use after: 169.9 MB.

Unloading 35 unused Assets to reduce memory usage. Loaded Objects now: 4199.
Total: 8.132600 ms (FindLiveObjects: 0.685500 ms CreateObjectMapping: 0.227500 ms MarkObjects: 3.079200 ms  DeleteObjects: 4.138900 ms)

========================================================================
Received Prepare
Registering precompiled user dll's ...
Registered in 0.003803 seconds.
Begin MonoManager ReloadAssembly
Native extension for WindowsStandalone target not found
Native extension for WebGL target not found
Refreshing native plugins compatible for Editor in 1.17 ms, found 0 plugins.
Preloading 0 native plugins for Editor in 0.00 ms.
Invoked RoslynAnalysisRunner static constructor.
RoslynAnalysisRunner will not be running.
RoslynAnalysisRunner has terminated.
Mono: successfully reloaded assembly
- Completed reload, in  2.085 seconds
Platform modules already initialized, skipping
Refreshing native plugins compatible for Editor in 0.96 ms, found 0 plugins.
Preloading 0 native plugins for Editor in 0.00 ms.
Unloading 3331 Unused Serialized files (Serialized files now loaded: 0)
System memory in use before: 172.2 MB.
System memory in use after: 169.9 MB.

Unloading 35 unused Assets to reduce memory usage. Loaded Objects now: 4201.
Total: 8.138900 ms (FindLiveObjects: 0.635000 ms CreateObjectMapping: 0.223800 ms MarkObjects: 3.009400 ms  DeleteObjects: 4.269300 ms)

========================================================================
Received Prepare
Registering precompiled user dll's ...
Registered in 0.003245 seconds.
Begin MonoManager ReloadAssembly
Native extension for WindowsStandalone target not found
Native extension for WebGL target not found
Refreshing native plugins compatible for Editor in 1.15 ms, found 0 plugins.
Preloading 0 native plugins for Editor in 0.00 ms.
Invoked RoslynAnalysisRunner static constructor.
RoslynAnalysisRunner will not be running.
RoslynAnalysisRunner has terminated.
Mono: successfully reloaded assembly
- Completed reload, in  2.089 seconds
Platform modules already initialized, skipping
Refreshing native plugins compatible for Editor in 0.98 ms, found 0 plugins.
Preloading 0 native plugins for Editor in 0.00 ms.
Unloading 3331 Unused Serialized files (Serialized files now loaded: 0)
System memory in use before: 172.2 MB.
System memory in use after: 169.9 MB.

Unloading 35 unused Assets to reduce memory usage. Loaded Objects now: 4203.
Total: 9.976700 ms (FindLiveObjects: 0.703700 ms CreateObjectMapping: 0.201400 ms MarkObjects: 4.003700 ms  DeleteObjects: 5.066000 ms)

========================================================================
Received Import Request.
  Time since last request: 1367.866707 seconds.
  path: Assets/Prefabs/P_First_Person_Controller.prefab
  artifactKey: Guid(b2a0df894ff4e104094394ec3de0a9b2) Importer(815301076,1909f56bfc062723c751e8b465ee728b)
Start importing Assets/Prefabs/P_First_Person_Controller.prefab using Guid(b2a0df894ff4e104094394ec3de0a9b2) Importer(815301076,1909f56bfc062723c751e8b465ee728b)  -> (artifact id: 'b1f458708bdd50e9808e28c604040914') in 0.049168 seconds
  Import took 0.064292 seconds .

AssetImportWorkerClient::OnTransportError - code=2 error=End of file
