Using pre-set license
Built from '2020.2/release' branch; Version is '2020.2.1f1 (270dd8c3da1c) revision 2559448'; Using compiler version '192528614'; Build Type 'Release'
OS: 'Windows 10  (10.0.0) 64bit' Language: 'pt' Physical Memory: 16350 MB
BatchMode: 1, IsHumanControllingUs: 0, StartBugReporterOnCrash: 0, Is64bit: 1, IsPro: 0

 COMMAND LINE ARGUMENTS:
D:\Aplicativos\Unity\2020.2.1f1\Editor\Unity.exe
-adb2
-batchMode
-noUpm
-name
AssetImportWorker1
-projectPath
E:/Portfolio/GGJ/Memories_GGJ2021/ProjetoMemories/Memories_GGJ21
-logFile
Logs/AssetImportWorker1.log
-srvPort
50227
Successfully changed project path to: E:/Portfolio/GGJ/Memories_GGJ2021/ProjetoMemories/Memories_GGJ21
E:/Portfolio/GGJ/Memories_GGJ2021/ProjetoMemories/Memories_GGJ21
Using Asset Import Pipeline V2.
Refreshing native plugins compatible for Editor in 216.88 ms, found 0 plugins.
Preloading 0 native plugins for Editor in 0.00 ms.
Initialize engine version: 2020.2.1f1 (270dd8c3da1c)
[Subsystems] Discovering subsystems at path D:/Aplicativos/Unity/2020.2.1f1/Editor/Data/Resources/UnitySubsystems
[Subsystems] Discovering subsystems at path E:/Portfolio/GGJ/Memories_GGJ2021/ProjetoMemories/Memories_GGJ21/Assets
GfxDevice: creating device client; threaded=0
Direct3D:
    Version:  Direct3D 11.0 [level 11.1]
    Renderer: NVIDIA GeForce GTX 1060 6GB (ID=0x1c03)
    Vendor:   
    VRAM:     6052 MB
    Driver:   27.21.14.6109
Initialize mono
Mono path[0] = 'D:/Aplicativos/Unity/2020.2.1f1/Editor/Data/Managed'
Mono path[1] = 'D:/Aplicativos/Unity/2020.2.1f1/Editor/Data/MonoBleedingEdge/lib/mono/unityjit'
Mono config path = 'D:/Aplicativos/Unity/2020.2.1f1/Editor/Data/MonoBleedingEdge/etc'
Using monoOptions --debugger-agent=transport=dt_socket,embedding=1,server=y,suspend=n,address=127.0.0.1:56360
Begin MonoManager ReloadAssembly
Registering precompiled unity dll's ...
Register platform support module: D:/Aplicativos/Unity/2020.2.1f1/Editor/Data/PlaybackEngines/WebGLSupport/UnityEditor.WebGL.Extensions.dll
Register platform support module: D:/Aplicativos/Unity/2020.2.1f1/Editor/Data/PlaybackEngines/WindowsStandaloneSupport/UnityEditor.WindowsStandalone.Extensions.dll
Registered in 0.002321 seconds.
Native extension for WindowsStandalone target not found
Native extension for WebGL target not found
Refreshing native plugins compatible for Editor in 178.72 ms, found 0 plugins.
Preloading 0 native plugins for Editor in 0.00 ms.
Invoked RoslynAnalysisRunner static constructor.
RoslynAnalysisRunner will not be running.
RoslynAnalysisRunner has terminated.
Mono: successfully reloaded assembly
- Completed reload, in  5.667 seconds
Platform modules already initialized, skipping
Registering precompiled user dll's ...
Registered in 0.005359 seconds.
Begin MonoManager ReloadAssembly
Native extension for WindowsStandalone target not found
Native extension for WebGL target not found
Refreshing native plugins compatible for Editor in 217.02 ms, found 0 plugins.
Preloading 0 native plugins for Editor in 0.00 ms.
Invoked RoslynAnalysisRunner static constructor.
RoslynAnalysisRunner will not be running.
RoslynAnalysisRunner has terminated.
Mono: successfully reloaded assembly
- Completed reload, in  2.935 seconds
Platform modules already initialized, skipping
========================================================================
Worker process is ready to serve import requests
Launched and connected shader compiler UnityShaderCompiler.exe after 0.08 seconds
Refreshing native plugins compatible for Editor in 1.59 ms, found 0 plugins.
Preloading 0 native plugins for Editor in 0.00 ms.
Unloading 4022 Unused Serialized files (Serialized files now loaded: 0)
System memory in use before: 202.1 MB.
System memory in use after: 200.3 MB.

Unloading 173 unused Assets to reduce memory usage. Loaded Objects now: 4437.
Total: 7.609600 ms (FindLiveObjects: 0.727300 ms CreateObjectMapping: 0.261800 ms MarkObjects: 3.673400 ms  DeleteObjects: 2.945700 ms)

========================================================================
Received Import Request.
  path: Assets/Main/Script/Botao.cs
  artifactKey: Guid(cfe683a5a20b08d47b93314b6677c8d8) Importer(815301076,1909f56bfc062723c751e8b465ee728b)
Start importing Assets/Main/Script/Botao.cs using Guid(cfe683a5a20b08d47b93314b6677c8d8) Importer(815301076,1909f56bfc062723c751e8b465ee728b)  -> (artifact id: 'b1821cb1032fc2b50f9be625c3965f45') in 0.067463 seconds
  Import took 0.078923 seconds .

========================================================================
Received Prepare
Registering precompiled user dll's ...
Registered in 0.004464 seconds.
Begin MonoManager ReloadAssembly
Native extension for WindowsStandalone target not found
Native extension for WebGL target not found
Refreshing native plugins compatible for Editor in 1.54 ms, found 0 plugins.
Preloading 0 native plugins for Editor in 0.00 ms.
Warning: Annotation not found!
UnityEngine.StackTraceUtility:ExtractStackTrace ()
UnityEditor.ProBuilder.EditorUtility:SetGizmoIconEnabled (System.Type,bool) (at Library/PackageCache/com.unity.probuilder@4.4.0/Editor/EditorCore/EditorUtility.cs:593)
UnityEditor.ProBuilder.HierarchyListener:.cctor () (at Library/PackageCache/com.unity.probuilder@4.4.0/Editor/EditorCore/HierarchyListener.cs:21)
System.Runtime.CompilerServices.RuntimeHelpers:RunClassConstructor (System.RuntimeTypeHandle)
UnityEditor.EditorAssemblies:ProcessInitializeOnLoadAttributes (System.Type[])

[Library/PackageCache/com.unity.probuilder@4.4.0/Editor/EditorCore/EditorUtility.cs line 593]

Invoked RoslynAnalysisRunner static constructor.
RoslynAnalysisRunner will not be running.
RoslynAnalysisRunner has terminated.
Mono: successfully reloaded assembly
- Completed reload, in  2.232 seconds
Platform modules already initialized, skipping
Refreshing native plugins compatible for Editor in 1.91 ms, found 0 plugins.
Preloading 0 native plugins for Editor in 0.00 ms.
Unloading 3708 Unused Serialized files (Serialized files now loaded: 0)
System memory in use before: 188.4 MB.
System memory in use after: 186.6 MB.

Unloading 44 unused Assets to reduce memory usage. Loaded Objects now: 4439.
Total: 10.196100 ms (FindLiveObjects: 0.827900 ms CreateObjectMapping: 0.267700 ms MarkObjects: 5.213800 ms  DeleteObjects: 3.884800 ms)

========================================================================
Received Import Request.
  Time since last request: 79.335337 seconds.
  path: Assets/Main/Script/Botao.cs
  artifactKey: Guid(cfe683a5a20b08d47b93314b6677c8d8) Importer(815301076,1909f56bfc062723c751e8b465ee728b)
Start importing Assets/Main/Script/Botao.cs using Guid(cfe683a5a20b08d47b93314b6677c8d8) Importer(815301076,1909f56bfc062723c751e8b465ee728b)  -> (artifact id: '5991842adc36f12ae1faa29e94066e93') in 0.011313 seconds
  Import took 0.024621 seconds .

========================================================================
Received Prepare
Registering precompiled user dll's ...
Registered in 0.003783 seconds.
Begin MonoManager ReloadAssembly
Native extension for WindowsStandalone target not found
Native extension for WebGL target not found
Refreshing native plugins compatible for Editor in 1.55 ms, found 0 plugins.
Preloading 0 native plugins for Editor in 0.00 ms.
Warning: Annotation not found!
UnityEngine.StackTraceUtility:ExtractStackTrace ()
UnityEditor.ProBuilder.EditorUtility:SetGizmoIconEnabled (System.Type,bool) (at Library/PackageCache/com.unity.probuilder@4.4.0/Editor/EditorCore/EditorUtility.cs:593)
UnityEditor.ProBuilder.HierarchyListener:.cctor () (at Library/PackageCache/com.unity.probuilder@4.4.0/Editor/EditorCore/HierarchyListener.cs:21)
System.Runtime.CompilerServices.RuntimeHelpers:RunClassConstructor (System.RuntimeTypeHandle)
UnityEditor.EditorAssemblies:ProcessInitializeOnLoadAttributes (System.Type[])

[Library/PackageCache/com.unity.probuilder@4.4.0/Editor/EditorCore/EditorUtility.cs line 593]

Invoked RoslynAnalysisRunner static constructor.
RoslynAnalysisRunner will not be running.
RoslynAnalysisRunner has terminated.
Mono: successfully reloaded assembly
- Completed reload, in  2.100 seconds
Platform modules already initialized, skipping
Refreshing native plugins compatible for Editor in 1.58 ms, found 0 plugins.
Preloading 0 native plugins for Editor in 0.00 ms.
Unloading 3708 Unused Serialized files (Serialized files now loaded: 0)
System memory in use before: 188.5 MB.
System memory in use after: 186.7 MB.

Unloading 44 unused Assets to reduce memory usage. Loaded Objects now: 4441.
Total: 10.363600 ms (FindLiveObjects: 0.775100 ms CreateObjectMapping: 0.480000 ms MarkObjects: 6.203500 ms  DeleteObjects: 2.903600 ms)

========================================================================
Received Prepare
Registering precompiled user dll's ...
Registered in 0.003812 seconds.
Begin MonoManager ReloadAssembly
Native extension for WindowsStandalone target not found
Native extension for WebGL target not found
Refreshing native plugins compatible for Editor in 1.57 ms, found 0 plugins.
Preloading 0 native plugins for Editor in 0.00 ms.
Warning: Annotation not found!
UnityEngine.StackTraceUtility:ExtractStackTrace ()
UnityEditor.ProBuilder.EditorUtility:SetGizmoIconEnabled (System.Type,bool) (at Library/PackageCache/com.unity.probuilder@4.4.0/Editor/EditorCore/EditorUtility.cs:593)
UnityEditor.ProBuilder.HierarchyListener:.cctor () (at Library/PackageCache/com.unity.probuilder@4.4.0/Editor/EditorCore/HierarchyListener.cs:21)
System.Runtime.CompilerServices.RuntimeHelpers:RunClassConstructor (System.RuntimeTypeHandle)
UnityEditor.EditorAssemblies:ProcessInitializeOnLoadAttributes (System.Type[])

[Library/PackageCache/com.unity.probuilder@4.4.0/Editor/EditorCore/EditorUtility.cs line 593]

Invoked RoslynAnalysisRunner static constructor.
RoslynAnalysisRunner will not be running.
RoslynAnalysisRunner has terminated.
Mono: successfully reloaded assembly
- Completed reload, in  2.116 seconds
Platform modules already initialized, skipping
Refreshing native plugins compatible for Editor in 1.55 ms, found 0 plugins.
Preloading 0 native plugins for Editor in 0.00 ms.
Unloading 3708 Unused Serialized files (Serialized files now loaded: 0)
System memory in use before: 188.5 MB.
System memory in use after: 186.8 MB.

Unloading 44 unused Assets to reduce memory usage. Loaded Objects now: 4443.
Total: 11.698800 ms (FindLiveObjects: 0.842700 ms CreateObjectMapping: 0.253000 ms MarkObjects: 6.568000 ms  DeleteObjects: 4.032500 ms)

========================================================================
Received Prepare
Registering precompiled user dll's ...
Registered in 0.006077 seconds.
Begin MonoManager ReloadAssembly
Native extension for WindowsStandalone target not found
Native extension for WebGL target not found
Refreshing native plugins compatible for Editor in 1.56 ms, found 0 plugins.
Preloading 0 native plugins for Editor in 0.00 ms.
Warning: Annotation not found!
UnityEngine.StackTraceUtility:ExtractStackTrace ()
UnityEditor.ProBuilder.EditorUtility:SetGizmoIconEnabled (System.Type,bool) (at Library/PackageCache/com.unity.probuilder@4.4.0/Editor/EditorCore/EditorUtility.cs:593)
UnityEditor.ProBuilder.HierarchyListener:.cctor () (at Library/PackageCache/com.unity.probuilder@4.4.0/Editor/EditorCore/HierarchyListener.cs:21)
System.Runtime.CompilerServices.RuntimeHelpers:RunClassConstructor (System.RuntimeTypeHandle)
UnityEditor.EditorAssemblies:ProcessInitializeOnLoadAttributes (System.Type[])

[Library/PackageCache/com.unity.probuilder@4.4.0/Editor/EditorCore/EditorUtility.cs line 593]

Invoked RoslynAnalysisRunner static constructor.
RoslynAnalysisRunner will not be running.
RoslynAnalysisRunner has terminated.
Mono: successfully reloaded assembly
- Completed reload, in  2.282 seconds
Platform modules already initialized, skipping
Refreshing native plugins compatible for Editor in 1.72 ms, found 0 plugins.
Preloading 0 native plugins for Editor in 0.00 ms.
Unloading 3708 Unused Serialized files (Serialized files now loaded: 0)
System memory in use before: 188.6 MB.
System memory in use after: 186.8 MB.

Unloading 44 unused Assets to reduce memory usage. Loaded Objects now: 4445.
Total: 10.706100 ms (FindLiveObjects: 0.943600 ms CreateObjectMapping: 0.246200 ms MarkObjects: 5.529700 ms  DeleteObjects: 3.984700 ms)

========================================================================
Received Prepare
Registering precompiled user dll's ...
Registered in 0.003969 seconds.
Begin MonoManager ReloadAssembly
Native extension for WindowsStandalone target not found
Native extension for WebGL target not found
Refreshing native plugins compatible for Editor in 1.64 ms, found 0 plugins.
Preloading 0 native plugins for Editor in 0.00 ms.
Warning: Annotation not found!
UnityEngine.StackTraceUtility:ExtractStackTrace ()
UnityEditor.ProBuilder.EditorUtility:SetGizmoIconEnabled (System.Type,bool) (at Library/PackageCache/com.unity.probuilder@4.4.0/Editor/EditorCore/EditorUtility.cs:593)
UnityEditor.ProBuilder.HierarchyListener:.cctor () (at Library/PackageCache/com.unity.probuilder@4.4.0/Editor/EditorCore/HierarchyListener.cs:21)
System.Runtime.CompilerServices.RuntimeHelpers:RunClassConstructor (System.RuntimeTypeHandle)
UnityEditor.EditorAssemblies:ProcessInitializeOnLoadAttributes (System.Type[])

[Library/PackageCache/com.unity.probuilder@4.4.0/Editor/EditorCore/EditorUtility.cs line 593]

Invoked RoslynAnalysisRunner static constructor.
RoslynAnalysisRunner will not be running.
RoslynAnalysisRunner has terminated.
Mono: successfully reloaded assembly
- Completed reload, in  2.124 seconds
Platform modules already initialized, skipping
Refreshing native plugins compatible for Editor in 1.58 ms, found 0 plugins.
Preloading 0 native plugins for Editor in 0.00 ms.
Unloading 3708 Unused Serialized files (Serialized files now loaded: 0)
System memory in use before: 188.6 MB.
System memory in use after: 186.8 MB.

Unloading 44 unused Assets to reduce memory usage. Loaded Objects now: 4447.
Total: 11.009800 ms (FindLiveObjects: 0.964200 ms CreateObjectMapping: 0.283900 ms MarkObjects: 6.455100 ms  DeleteObjects: 3.304800 ms)

========================================================================
Received Import Request.
  Time since last request: 1709.130629 seconds.
  path: Assets/Main/Script/TriggerNovaSala2.cs
  artifactKey: Guid(783387204c7139b44af055ecbef63a92) Importer(815301076,1909f56bfc062723c751e8b465ee728b)
Start importing Assets/Main/Script/TriggerNovaSala2.cs using Guid(783387204c7139b44af055ecbef63a92) Importer(815301076,1909f56bfc062723c751e8b465ee728b)  -> (artifact id: '3f3da4ba79f33529be90bc243361e503') in 0.032139 seconds
  Import took 0.048221 seconds .

========================================================================
Received Prepare
Registering precompiled user dll's ...
Registered in 0.003830 seconds.
Begin MonoManager ReloadAssembly
Native extension for WindowsStandalone target not found
Native extension for WebGL target not found
Refreshing native plugins compatible for Editor in 1.53 ms, found 0 plugins.
Preloading 0 native plugins for Editor in 0.00 ms.
Warning: Annotation not found!
UnityEngine.StackTraceUtility:ExtractStackTrace ()
UnityEditor.ProBuilder.EditorUtility:SetGizmoIconEnabled (System.Type,bool) (at Library/PackageCache/com.unity.probuilder@4.4.0/Editor/EditorCore/EditorUtility.cs:593)
UnityEditor.ProBuilder.HierarchyListener:.cctor () (at Library/PackageCache/com.unity.probuilder@4.4.0/Editor/EditorCore/HierarchyListener.cs:21)
System.Runtime.CompilerServices.RuntimeHelpers:RunClassConstructor (System.RuntimeTypeHandle)
UnityEditor.EditorAssemblies:ProcessInitializeOnLoadAttributes (System.Type[])

[Library/PackageCache/com.unity.probuilder@4.4.0/Editor/EditorCore/EditorUtility.cs line 593]

Invoked RoslynAnalysisRunner static constructor.
RoslynAnalysisRunner will not be running.
RoslynAnalysisRunner has terminated.
Mono: successfully reloaded assembly
- Completed reload, in  2.147 seconds
Platform modules already initialized, skipping
Refreshing native plugins compatible for Editor in 1.75 ms, found 0 plugins.
Preloading 0 native plugins for Editor in 0.00 ms.
Unloading 3709 Unused Serialized files (Serialized files now loaded: 0)
System memory in use before: 188.6 MB.
System memory in use after: 186.8 MB.

Unloading 44 unused Assets to reduce memory usage. Loaded Objects now: 4450.
Total: 11.816600 ms (FindLiveObjects: 0.968400 ms CreateObjectMapping: 0.257000 ms MarkObjects: 5.858300 ms  DeleteObjects: 4.730900 ms)

========================================================================
Received Prepare
Registering precompiled user dll's ...
Registered in 0.004218 seconds.
Begin MonoManager ReloadAssembly
Native extension for WindowsStandalone target not found
Native extension for WebGL target not found
Refreshing native plugins compatible for Editor in 1.61 ms, found 0 plugins.
Preloading 0 native plugins for Editor in 0.00 ms.
Warning: Annotation not found!
UnityEngine.StackTraceUtility:ExtractStackTrace ()
UnityEditor.ProBuilder.EditorUtility:SetGizmoIconEnabled (System.Type,bool) (at Library/PackageCache/com.unity.probuilder@4.4.0/Editor/EditorCore/EditorUtility.cs:593)
UnityEditor.ProBuilder.HierarchyListener:.cctor () (at Library/PackageCache/com.unity.probuilder@4.4.0/Editor/EditorCore/HierarchyListener.cs:21)
System.Runtime.CompilerServices.RuntimeHelpers:RunClassConstructor (System.RuntimeTypeHandle)
UnityEditor.EditorAssemblies:ProcessInitializeOnLoadAttributes (System.Type[])

[Library/PackageCache/com.unity.probuilder@4.4.0/Editor/EditorCore/EditorUtility.cs line 593]

Invoked RoslynAnalysisRunner static constructor.
RoslynAnalysisRunner will not be running.
RoslynAnalysisRunner has terminated.
Mono: successfully reloaded assembly
- Completed reload, in  2.131 seconds
Platform modules already initialized, skipping
Refreshing native plugins compatible for Editor in 1.62 ms, found 0 plugins.
Preloading 0 native plugins for Editor in 0.00 ms.
Unloading 3709 Unused Serialized files (Serialized files now loaded: 0)
System memory in use before: 188.6 MB.
System memory in use after: 186.8 MB.

Unloading 44 unused Assets to reduce memory usage. Loaded Objects now: 4452.
Total: 11.660100 ms (FindLiveObjects: 0.899200 ms CreateObjectMapping: 2.178200 ms MarkObjects: 5.311700 ms  DeleteObjects: 3.268600 ms)

========================================================================
Received Import Request.
  Time since last request: 44.870293 seconds.
  path: Assets/Main/Script/TriggerNovaSala2.cs
  artifactKey: Guid(783387204c7139b44af055ecbef63a92) Importer(815301076,1909f56bfc062723c751e8b465ee728b)
Start importing Assets/Main/Script/TriggerNovaSala2.cs using Guid(783387204c7139b44af055ecbef63a92) Importer(815301076,1909f56bfc062723c751e8b465ee728b)  -> (artifact id: '36baec4a8167fdf93f85534149cf7c1f') in 0.009506 seconds
  Import took 0.020533 seconds .

========================================================================
Received Import Request.
  Time since last request: 246.058192 seconds.
  path: Assets/Main/Anim/AlavancaIdle.anim
  artifactKey: Guid(edb8977f4984611468052e5424b110cc) Importer(815301076,1909f56bfc062723c751e8b465ee728b)
Start importing Assets/Main/Anim/AlavancaIdle.anim using Guid(edb8977f4984611468052e5424b110cc) Importer(815301076,1909f56bfc062723c751e8b465ee728b)  -> (artifact id: '337c6e350f688cafd6cae0465ae7a2d0') in 0.019114 seconds
  Import took 0.029544 seconds .

========================================================================
Received Import Request.
  Time since last request: 5.065702 seconds.
  path: Assets/Main/Anim/CoracaoBreack.anim
  artifactKey: Guid(ceed25bad0a44fe4b86fe30495478c1f) Importer(815301076,1909f56bfc062723c751e8b465ee728b)
Start importing Assets/Main/Anim/CoracaoBreack.anim using Guid(ceed25bad0a44fe4b86fe30495478c1f) Importer(815301076,1909f56bfc062723c751e8b465ee728b)  -> (artifact id: 'd0b41a218e4cf5cef45ac3168d972aef') in 0.012737 seconds
  Import took 0.029693 seconds .

========================================================================
Received Import Request.
  Time since last request: 3.647841 seconds.
  path: Assets/Main/Anim/Coracao.controller
  artifactKey: Guid(a6178d656531ebe49824d5cca141e9e6) Importer(815301076,1909f56bfc062723c751e8b465ee728b)
Start importing Assets/Main/Anim/Coracao.controller using Guid(a6178d656531ebe49824d5cca141e9e6) Importer(815301076,1909f56bfc062723c751e8b465ee728b)  -> (artifact id: 'efc431969a111c96974dc6de53c63ed7') in 0.017776 seconds
  Import took 0.028542 seconds .

========================================================================
Received Import Request.
  Time since last request: 21.205844 seconds.
  path: Assets/Main/Modelos/coracao_animado/base_coracao_partido.fbx
  artifactKey: Guid(15f80a8992a21bf4bb913fd2a4e36384) Importer(815301076,1909f56bfc062723c751e8b465ee728b)
Start importing Assets/Main/Modelos/coracao_animado/base_coracao_partido.fbx using Guid(15f80a8992a21bf4bb913fd2a4e36384) Importer(815301076,1909f56bfc062723c751e8b465ee728b)  -> (artifact id: '1b1d93db587efa5579be6732b2d6138f') in 1.322226 seconds
  Import took 1.335793 seconds .

========================================================================
Received Import Request.
  Time since last request: 44.063024 seconds.
  path: Assets/Main/Modelos/coracao_animado/base_coracao_partido.fbx
  artifactKey: Guid(15f80a8992a21bf4bb913fd2a4e36384) Importer(815301076,1909f56bfc062723c751e8b465ee728b)
Start importing Assets/Main/Modelos/coracao_animado/base_coracao_partido.fbx using Guid(15f80a8992a21bf4bb913fd2a4e36384) Importer(815301076,1909f56bfc062723c751e8b465ee728b)  -> (artifact id: '189ecef3ea201c7e6b2b3f3c213be3ea') in 0.101266 seconds
  Import took 0.111459 seconds .

========================================================================
Received Import Request.
  Time since last request: 28.410117 seconds.
  path: Assets/Main/Anim/CoracaoIdle.anim
  artifactKey: Guid(02837bea7beb67348bc7dd26f6fac791) Importer(815301076,1909f56bfc062723c751e8b465ee728b)
Start importing Assets/Main/Anim/CoracaoIdle.anim using Guid(02837bea7beb67348bc7dd26f6fac791) Importer(815301076,1909f56bfc062723c751e8b465ee728b)  -> (artifact id: 'a99252c4e8fa92839deeedaad3b0624f') in 0.012313 seconds
  Import took 0.024566 seconds .

========================================================================
Received Import Request.
  Time since last request: 1.762324 seconds.
  path: Assets/Main/Anim/Coracao.controller
  artifactKey: Guid(a6178d656531ebe49824d5cca141e9e6) Importer(815301076,1909f56bfc062723c751e8b465ee728b)
Start importing Assets/Main/Anim/Coracao.controller using Guid(a6178d656531ebe49824d5cca141e9e6) Importer(815301076,1909f56bfc062723c751e8b465ee728b)  -> (artifact id: '98be77cebb8c058f46657d9dc32a50cf') in 0.005366 seconds
  Import took 0.018765 seconds .

========================================================================
Received Prepare
Registering precompiled user dll's ...
Registered in 0.003818 seconds.
Begin MonoManager ReloadAssembly
Native extension for WindowsStandalone target not found
Native extension for WebGL target not found
Refreshing native plugins compatible for Editor in 1.74 ms, found 0 plugins.
Preloading 0 native plugins for Editor in 0.00 ms.
Warning: Annotation not found!
UnityEngine.StackTraceUtility:ExtractStackTrace ()
UnityEditor.ProBuilder.EditorUtility:SetGizmoIconEnabled (System.Type,bool) (at Library/PackageCache/com.unity.probuilder@4.4.0/Editor/EditorCore/EditorUtility.cs:593)
UnityEditor.ProBuilder.HierarchyListener:.cctor () (at Library/PackageCache/com.unity.probuilder@4.4.0/Editor/EditorCore/HierarchyListener.cs:21)
System.Runtime.CompilerServices.RuntimeHelpers:RunClassConstructor (System.RuntimeTypeHandle)
UnityEditor.EditorAssemblies:ProcessInitializeOnLoadAttributes (System.Type[])

[Library/PackageCache/com.unity.probuilder@4.4.0/Editor/EditorCore/EditorUtility.cs line 593]

Invoked RoslynAnalysisRunner static constructor.
RoslynAnalysisRunner will not be running.
RoslynAnalysisRunner has terminated.
Mono: successfully reloaded assembly
- Completed reload, in  2.436 seconds
Platform modules already initialized, skipping
Refreshing native plugins compatible for Editor in 1.67 ms, found 0 plugins.
Preloading 0 native plugins for Editor in 0.00 ms.
Unloading 3719 Unused Serialized files (Serialized files now loaded: 0)
System memory in use before: 195.7 MB.
System memory in use after: 194.3 MB.

Unloading 39 unused Assets to reduce memory usage. Loaded Objects now: 4627.
Total: 10.096000 ms (FindLiveObjects: 0.796500 ms CreateObjectMapping: 0.232500 ms MarkObjects: 5.028500 ms  DeleteObjects: 4.036800 ms)

========================================================================
Received Import Request.
  Time since last request: 98.572777 seconds.
  path: Assets/Main/Anim/Coracao.controller
  artifactKey: Guid(a6178d656531ebe49824d5cca141e9e6) Importer(815301076,1909f56bfc062723c751e8b465ee728b)
Start importing Assets/Main/Anim/Coracao.controller using Guid(a6178d656531ebe49824d5cca141e9e6) Importer(815301076,1909f56bfc062723c751e8b465ee728b)  -> (artifact id: '4618b3be7d314bddaecee703f96f07dc') in 0.025692 seconds
  Import took 0.042063 seconds .

========================================================================
Received Import Request.
  Time since last request: 18.354759 seconds.
  path: Assets/Main/Anim/Coracao.controller
  artifactKey: Guid(a6178d656531ebe49824d5cca141e9e6) Importer(815301076,1909f56bfc062723c751e8b465ee728b)
Start importing Assets/Main/Anim/Coracao.controller using Guid(a6178d656531ebe49824d5cca141e9e6) Importer(815301076,1909f56bfc062723c751e8b465ee728b)  -> (artifact id: '96f520554d6d9d8c74ebc52d30f69d5d') in 0.005680 seconds
  Import took 0.015459 seconds .

========================================================================
Received Import Request.
  Time since last request: 47.091444 seconds.
  path: Assets/Main/Anim/CoracaoBreak.anim
  artifactKey: Guid(855e3171532fd4840aa4d0d78d7f336c) Importer(815301076,1909f56bfc062723c751e8b465ee728b)
Start importing Assets/Main/Anim/CoracaoBreak.anim using Guid(855e3171532fd4840aa4d0d78d7f336c) Importer(815301076,1909f56bfc062723c751e8b465ee728b)  -> (artifact id: '1cd978f398ff39f5d0a86ab13b43e36c') in 0.016133 seconds
  Import took 0.027438 seconds .

========================================================================
Received Prepare
Registering precompiled user dll's ...
Registered in 0.003760 seconds.
Begin MonoManager ReloadAssembly
Native extension for WindowsStandalone target not found
Native extension for WebGL target not found
Refreshing native plugins compatible for Editor in 1.60 ms, found 0 plugins.
Preloading 0 native plugins for Editor in 0.00 ms.
Warning: Annotation not found!
UnityEngine.StackTraceUtility:ExtractStackTrace ()
UnityEditor.ProBuilder.EditorUtility:SetGizmoIconEnabled (System.Type,bool) (at Library/PackageCache/com.unity.probuilder@4.4.0/Editor/EditorCore/EditorUtility.cs:593)
UnityEditor.ProBuilder.HierarchyListener:.cctor () (at Library/PackageCache/com.unity.probuilder@4.4.0/Editor/EditorCore/HierarchyListener.cs:21)
System.Runtime.CompilerServices.RuntimeHelpers:RunClassConstructor (System.RuntimeTypeHandle)
UnityEditor.EditorAssemblies:ProcessInitializeOnLoadAttributes (System.Type[])

[Library/PackageCache/com.unity.probuilder@4.4.0/Editor/EditorCore/EditorUtility.cs line 593]

Invoked RoslynAnalysisRunner static constructor.
RoslynAnalysisRunner will not be running.
RoslynAnalysisRunner has terminated.
Mono: successfully reloaded assembly
- Completed reload, in  2.261 seconds
Platform modules already initialized, skipping
Refreshing native plugins compatible for Editor in 1.53 ms, found 0 plugins.
Preloading 0 native plugins for Editor in 0.00 ms.
Unloading 3704 Unused Serialized files (Serialized files now loaded: 0)
System memory in use before: 195.0 MB.
System memory in use after: 193.6 MB.

Unloading 39 unused Assets to reduce memory usage. Loaded Objects now: 4629.
Total: 8.343400 ms (FindLiveObjects: 0.948900 ms CreateObjectMapping: 0.294400 ms MarkObjects: 4.507900 ms  DeleteObjects: 2.590300 ms)

========================================================================
Received Prepare
Registering precompiled user dll's ...
Registered in 0.005836 seconds.
Begin MonoManager ReloadAssembly
Native extension for WindowsStandalone target not found
Native extension for WebGL target not found
Refreshing native plugins compatible for Editor in 1.67 ms, found 0 plugins.
Preloading 0 native plugins for Editor in 0.00 ms.
Warning: Annotation not found!
UnityEngine.StackTraceUtility:ExtractStackTrace ()
UnityEditor.ProBuilder.EditorUtility:SetGizmoIconEnabled (System.Type,bool) (at Library/PackageCache/com.unity.probuilder@4.4.0/Editor/EditorCore/EditorUtility.cs:593)
UnityEditor.ProBuilder.HierarchyListener:.cctor () (at Library/PackageCache/com.unity.probuilder@4.4.0/Editor/EditorCore/HierarchyListener.cs:21)
System.Runtime.CompilerServices.RuntimeHelpers:RunClassConstructor (System.RuntimeTypeHandle)
UnityEditor.EditorAssemblies:ProcessInitializeOnLoadAttributes (System.Type[])

[Library/PackageCache/com.unity.probuilder@4.4.0/Editor/EditorCore/EditorUtility.cs line 593]

Invoked RoslynAnalysisRunner static constructor.
RoslynAnalysisRunner will not be running.
RoslynAnalysisRunner has terminated.
Mono: successfully reloaded assembly
- Completed reload, in  2.304 seconds
Platform modules already initialized, skipping
Refreshing native plugins compatible for Editor in 1.61 ms, found 0 plugins.
Preloading 0 native plugins for Editor in 0.00 ms.
Unloading 3704 Unused Serialized files (Serialized files now loaded: 0)
System memory in use before: 195.1 MB.
System memory in use after: 193.7 MB.

Unloading 39 unused Assets to reduce memory usage. Loaded Objects now: 4631.
Total: 7.831700 ms (FindLiveObjects: 0.778900 ms CreateObjectMapping: 0.237400 ms MarkObjects: 4.255100 ms  DeleteObjects: 2.558800 ms)

========================================================================
Received Import Request.
  Time since last request: 251.422328 seconds.
  path: Assets/Main/Anim/direcional_cima_baixo.controller
  artifactKey: Guid(1c927765e5040d34ab531e7844e007fd) Importer(815301076,1909f56bfc062723c751e8b465ee728b)
Start importing Assets/Main/Anim/direcional_cima_baixo.controller using Guid(1c927765e5040d34ab531e7844e007fd) Importer(815301076,1909f56bfc062723c751e8b465ee728b)  -> (artifact id: '031be155c7986ea9e0ef6e0e7589e09e') in 0.039779 seconds
  Import took 0.051854 seconds .

========================================================================
Received Import Request.
  Time since last request: 5.473293 seconds.
  path: Assets/Main/Anim/Menino.controller
  artifactKey: Guid(8dadcb5d217b0e745b47d51d4261020f) Importer(815301076,1909f56bfc062723c751e8b465ee728b)
Start importing Assets/Main/Anim/Menino.controller using Guid(8dadcb5d217b0e745b47d51d4261020f) Importer(815301076,1909f56bfc062723c751e8b465ee728b)  -> (artifact id: '626ea67bf6dd1fe8aafeeb3604f58cf3') in 0.010941 seconds
  Import took 0.020697 seconds .

========================================================================
Received Import Request.
  Time since last request: 254.378909 seconds.
  path: Assets/Main/Anim/Menino.controller
  artifactKey: Guid(8dadcb5d217b0e745b47d51d4261020f) Importer(815301076,1909f56bfc062723c751e8b465ee728b)
Start importing Assets/Main/Anim/Menino.controller using Guid(8dadcb5d217b0e745b47d51d4261020f) Importer(815301076,1909f56bfc062723c751e8b465ee728b)  -> (artifact id: '247f7a3ba9fea2764b651de3eb9a164b') in 0.008854 seconds
  Import took 0.019777 seconds .

========================================================================
Received Prepare
Registering precompiled user dll's ...
Registered in 0.004128 seconds.
Begin MonoManager ReloadAssembly
Native extension for WindowsStandalone target not found
Native extension for WebGL target not found
Refreshing native plugins compatible for Editor in 1.46 ms, found 0 plugins.
Preloading 0 native plugins for Editor in 0.00 ms.
Warning: Annotation not found!
UnityEngine.StackTraceUtility:ExtractStackTrace ()
UnityEditor.ProBuilder.EditorUtility:SetGizmoIconEnabled (System.Type,bool) (at Library/PackageCache/com.unity.probuilder@4.4.0/Editor/EditorCore/EditorUtility.cs:593)
UnityEditor.ProBuilder.HierarchyListener:.cctor () (at Library/PackageCache/com.unity.probuilder@4.4.0/Editor/EditorCore/HierarchyListener.cs:21)
System.Runtime.CompilerServices.RuntimeHelpers:RunClassConstructor (System.RuntimeTypeHandle)
UnityEditor.EditorAssemblies:ProcessInitializeOnLoadAttributes (System.Type[])

[Library/PackageCache/com.unity.probuilder@4.4.0/Editor/EditorCore/EditorUtility.cs line 593]

Invoked RoslynAnalysisRunner static constructor.
RoslynAnalysisRunner will not be running.
RoslynAnalysisRunner has terminated.
Mono: successfully reloaded assembly
- Completed reload, in  2.383 seconds
Platform modules already initialized, skipping
Refreshing native plugins compatible for Editor in 1.76 ms, found 0 plugins.
Preloading 0 native plugins for Editor in 0.00 ms.
Unloading 3704 Unused Serialized files (Serialized files now loaded: 0)
System memory in use before: 195.1 MB.
System memory in use after: 193.7 MB.

Unloading 39 unused Assets to reduce memory usage. Loaded Objects now: 4633.
Total: 11.133700 ms (FindLiveObjects: 1.007700 ms CreateObjectMapping: 0.411300 ms MarkObjects: 5.903300 ms  DeleteObjects: 3.809300 ms)

========================================================================
Received Import Request.
  Time since last request: 719.883778 seconds.
  path: Assets/Main/Modelos/caixas_luz_botao_painel_chaves_lanterna/painel_chaves.fbx
  artifactKey: Guid(517d278130454d04c978fa54d22df0c6) Importer(815301076,1909f56bfc062723c751e8b465ee728b)
Start importing Assets/Main/Modelos/caixas_luz_botao_painel_chaves_lanterna/painel_chaves.fbx using Guid(517d278130454d04c978fa54d22df0c6) Importer(815301076,1909f56bfc062723c751e8b465ee728b)  -> (artifact id: '0c0134628e523f049e71bfa2342dce21') in 1.026638 seconds
  Import took 1.038536 seconds .

