Using pre-set license
Built from '2020.2/release' branch; Version is '2020.2.1f1 (270dd8c3da1c) revision 2559448'; Using compiler version '192528614'; Build Type 'Release'
OS: 'Windows 10  (10.0.0) 64bit' Language: 'pt' Physical Memory: 16350 MB
BatchMode: 1, IsHumanControllingUs: 0, StartBugReporterOnCrash: 0, Is64bit: 1, IsPro: 0

 COMMAND LINE ARGUMENTS:
D:\Aplicativos\Unity\2020.2.1f1\Editor\Unity.exe
-adb2
-batchMode
-noUpm
-name
AssetImportWorker0
-projectPath
E:/Portfolio/GGJ/Memories_GGJ2021/ProjetoMemories/Memories_GGJ21
-logFile
Logs/AssetImportWorker0.log
-srvPort
56544
Successfully changed project path to: E:/Portfolio/GGJ/Memories_GGJ2021/ProjetoMemories/Memories_GGJ21
E:/Portfolio/GGJ/Memories_GGJ2021/ProjetoMemories/Memories_GGJ21
Using Asset Import Pipeline V2.
Refreshing native plugins compatible for Editor in 184.16 ms, found 0 plugins.
Preloading 0 native plugins for Editor in 0.00 ms.
Initialize engine version: 2020.2.1f1 (270dd8c3da1c)
[Subsystems] Discovering subsystems at path D:/Aplicativos/Unity/2020.2.1f1/Editor/Data/Resources/UnitySubsystems
[Subsystems] Discovering subsystems at path E:/Portfolio/GGJ/Memories_GGJ2021/ProjetoMemories/Memories_GGJ21/Assets
GfxDevice: creating device client; threaded=0
Direct3D:
    Version:  Direct3D 11.0 [level 11.1]
    Renderer: NVIDIA GeForce GTX 1060 6GB (ID=0x1c03)
    Vendor:   
    VRAM:     6052 MB
    Driver:   27.21.14.6109
Initialize mono
Mono path[0] = 'D:/Aplicativos/Unity/2020.2.1f1/Editor/Data/Managed'
Mono path[1] = 'D:/Aplicativos/Unity/2020.2.1f1/Editor/Data/MonoBleedingEdge/lib/mono/unityjit'
Mono config path = 'D:/Aplicativos/Unity/2020.2.1f1/Editor/Data/MonoBleedingEdge/etc'
Using monoOptions --debugger-agent=transport=dt_socket,embedding=1,server=y,suspend=n,address=127.0.0.1:56476
Begin MonoManager ReloadAssembly
Registering precompiled unity dll's ...
Register platform support module: D:/Aplicativos/Unity/2020.2.1f1/Editor/Data/PlaybackEngines/WebGLSupport/UnityEditor.WebGL.Extensions.dll
Register platform support module: D:/Aplicativos/Unity/2020.2.1f1/Editor/Data/PlaybackEngines/WindowsStandaloneSupport/UnityEditor.WindowsStandalone.Extensions.dll
Registered in 0.002903 seconds.
Native extension for WindowsStandalone target not found
Native extension for WebGL target not found
Refreshing native plugins compatible for Editor in 178.25 ms, found 0 plugins.
Preloading 0 native plugins for Editor in 0.00 ms.
Invoked RoslynAnalysisRunner static constructor.
RoslynAnalysisRunner will not be running.
RoslynAnalysisRunner has terminated.
Mono: successfully reloaded assembly
- Completed reload, in  4.205 seconds
Platform modules already initialized, skipping
Registering precompiled user dll's ...
Registered in 0.003339 seconds.
Begin MonoManager ReloadAssembly
Native extension for WindowsStandalone target not found
Native extension for WebGL target not found
Refreshing native plugins compatible for Editor in 191.36 ms, found 0 plugins.
Preloading 0 native plugins for Editor in 0.00 ms.
Invoked RoslynAnalysisRunner static constructor.
RoslynAnalysisRunner will not be running.
RoslynAnalysisRunner has terminated.
Mono: successfully reloaded assembly
- Completed reload, in  2.560 seconds
Platform modules already initialized, skipping
========================================================================
Worker process is ready to serve import requests
Launched and connected shader compiler UnityShaderCompiler.exe after 0.06 seconds
Refreshing native plugins compatible for Editor in 1.70 ms, found 0 plugins.
Preloading 0 native plugins for Editor in 0.00 ms.
Unloading 4030 Unused Serialized files (Serialized files now loaded: 0)
System memory in use before: 203.7 MB.
System memory in use after: 201.9 MB.

Unloading 173 unused Assets to reduce memory usage. Loaded Objects now: 4445.
Total: 7.443200 ms (FindLiveObjects: 0.727300 ms CreateObjectMapping: 0.220600 ms MarkObjects: 3.563500 ms  DeleteObjects: 2.930200 ms)

========================================================================
Received Import Request.
  path: Assets/HDRPDefaultResources/HDRPDefaultSettings.asset
  artifactKey: Guid(582adbd84082fdb4faf7cd4beb1ccd14) Importer(815301076,1909f56bfc062723c751e8b465ee728b)
Start importing Assets/HDRPDefaultResources/HDRPDefaultSettings.asset using Guid(582adbd84082fdb4faf7cd4beb1ccd14) Importer(815301076,1909f56bfc062723c751e8b465ee728b)  -> (artifact id: '86f46344cb72690eadae102d4c06c358') in 0.047965 seconds
  Import took 0.059002 seconds .

========================================================================
Received Import Request.
  Time since last request: 0.000514 seconds.
  path: Assets/HDRPDefaultResources/DefaultHDRISky.exr
  artifactKey: Guid(54a3a0570aebe8949bec4966f1376581) Importer(815301076,1909f56bfc062723c751e8b465ee728b)
Start importing Assets/HDRPDefaultResources/DefaultHDRISky.exr using Guid(54a3a0570aebe8949bec4966f1376581) Importer(815301076,1909f56bfc062723c751e8b465ee728b)  -> (artifact id: '3522c67291d668815d7fdcc5d99b4b01') in 0.216112 seconds
  Import took 0.224380 seconds .

========================================================================
Received Import Request.
  Time since last request: 0.000266 seconds.
  path: Assets/HDRPDefaultResources/SkyFogSettingsProfile.asset
  artifactKey: Guid(ea5c25297f0c0a04da0eabb1c26a7509) Importer(815301076,1909f56bfc062723c751e8b465ee728b)
Start importing Assets/HDRPDefaultResources/SkyFogSettingsProfile.asset using Guid(ea5c25297f0c0a04da0eabb1c26a7509) Importer(815301076,1909f56bfc062723c751e8b465ee728b)  -> (artifact id: 'a0e89d72871afd95257736df2530cbb6') in 0.009104 seconds
  Import took 0.018872 seconds .

========================================================================
Received Import Request.
  Time since last request: 0.000523 seconds.
  path: Assets/HDRPDefaultResources/DefaultSceneRoot.prefab
  artifactKey: Guid(2bfa7b9d63fa79e4abdc033f54a868d2) Importer(815301076,1909f56bfc062723c751e8b465ee728b)
Start importing Assets/HDRPDefaultResources/DefaultSceneRoot.prefab using Guid(2bfa7b9d63fa79e4abdc033f54a868d2) Importer(815301076,1909f56bfc062723c751e8b465ee728b)  -> (artifact id: '8dfbe351cac5c4d20bd1ffb2df2c3873') in 0.053899 seconds
  Import took 0.063793 seconds .

========================================================================
Received Import Request.
  Time since last request: 187.633115 seconds.
  path: Assets/Main/Modelos/Materials/boneca_mat/boneca_mat_Base_color 1.png
  artifactKey: Guid(dd26c601e1a96ec46a4990163a66f60c) Importer(815301076,1909f56bfc062723c751e8b465ee728b)
Start importing Assets/Main/Modelos/Materials/boneca_mat/boneca_mat_Base_color 1.png using Guid(dd26c601e1a96ec46a4990163a66f60c) Importer(815301076,1909f56bfc062723c751e8b465ee728b)  -> (artifact id: '7209c534b780808f7f2eecd6fc032006') in 0.082953 seconds
  Import took 0.093261 seconds .

========================================================================
Received Import Request.
  Time since last request: 20.410369 seconds.
  path: Assets/Main/Modelos/brinquedos
  artifactKey: Guid(9e9b3bc643cfb0b44835f0f8c7dda22f) Importer(815301076,1909f56bfc062723c751e8b465ee728b)
Start importing Assets/Main/Modelos/brinquedos using Guid(9e9b3bc643cfb0b44835f0f8c7dda22f) Importer(815301076,1909f56bfc062723c751e8b465ee728b)  -> (artifact id: '0e7e729dccdd814a320a6a303e898b38') in 0.009041 seconds
  Import took 0.019720 seconds .

========================================================================
Received Import Request.
  Time since last request: 0.048381 seconds.
  path: Assets/Main/Modelos/brinquedos/brinquedo_1.fbx
  artifactKey: Guid(a025b754f4ae4c34aae038143df728ef) Importer(815301076,1909f56bfc062723c751e8b465ee728b)
Start importing Assets/Main/Modelos/brinquedos/brinquedo_1.fbx using Guid(a025b754f4ae4c34aae038143df728ef) Importer(815301076,1909f56bfc062723c751e8b465ee728b)  -> (artifact id: '6333693eedfba9f452c4842dda062edd') in 0.943341 seconds
  Import took 0.955645 seconds .

========================================================================
Received Import Request.
  Time since last request: 0.000368 seconds.
  path: Assets/Main/Modelos/brinquedos/cubo_numero_2.fbx
  artifactKey: Guid(6d3dc275d1305ff42b42eaf20a79365e) Importer(815301076,1909f56bfc062723c751e8b465ee728b)
Start importing Assets/Main/Modelos/brinquedos/cubo_numero_2.fbx using Guid(6d3dc275d1305ff42b42eaf20a79365e) Importer(815301076,1909f56bfc062723c751e8b465ee728b)  -> (artifact id: 'de044c4ae830d999d18e2fd9b1c9da09') in 0.085849 seconds
  Import took 0.096986 seconds .

========================================================================
Received Import Request.
  Time since last request: 0.000387 seconds.
  path: Assets/Main/Modelos/brinquedos/cubo_numero_1.fbx
  artifactKey: Guid(ad5c3a20d9693dc4e89401e29efb2141) Importer(815301076,1909f56bfc062723c751e8b465ee728b)
Start importing Assets/Main/Modelos/brinquedos/cubo_numero_1.fbx using Guid(ad5c3a20d9693dc4e89401e29efb2141) Importer(815301076,1909f56bfc062723c751e8b465ee728b)  -> (artifact id: '140b0412dab4419f7444a23aea7b6ad6') in 0.086819 seconds
  Import took 0.100089 seconds .

========================================================================
Received Import Request.
  Time since last request: 0.000373 seconds.
  path: Assets/Main/Modelos/brinquedos/brinquedo_3.fbx
  artifactKey: Guid(086e16e48e96f4042b7bed2898133be6) Importer(815301076,1909f56bfc062723c751e8b465ee728b)
Start importing Assets/Main/Modelos/brinquedos/brinquedo_3.fbx using Guid(086e16e48e96f4042b7bed2898133be6) Importer(815301076,1909f56bfc062723c751e8b465ee728b)  -> (artifact id: 'b086cbde95e382c7f7c288ad235118a7') in 0.098613 seconds
  Import took 0.111187 seconds .

========================================================================
Received Import Request.
  Time since last request: 0.000339 seconds.
  path: Assets/Main/Modelos/brinquedos/brinquedo_2.fbx
  artifactKey: Guid(427f446c1efc5594eaf958ef91eac83c) Importer(815301076,1909f56bfc062723c751e8b465ee728b)
Start importing Assets/Main/Modelos/brinquedos/brinquedo_2.fbx using Guid(427f446c1efc5594eaf958ef91eac83c) Importer(815301076,1909f56bfc062723c751e8b465ee728b)  -> (artifact id: 'c8ed7c4480cfae1634dde642bcb1e95f') in 0.082506 seconds
  Import took 0.095171 seconds .

========================================================================
Received Import Request.
  Time since last request: 0.000342 seconds.
  path: Assets/Main/Modelos/brinquedos/cubo_letra_2.fbx
  artifactKey: Guid(4d1de7155d8852c40a0b9ed8ab5bac53) Importer(815301076,1909f56bfc062723c751e8b465ee728b)
Start importing Assets/Main/Modelos/brinquedos/cubo_letra_2.fbx using Guid(4d1de7155d8852c40a0b9ed8ab5bac53) Importer(815301076,1909f56bfc062723c751e8b465ee728b)  -> (artifact id: '75e29d3b3e45e1132bcbec4b0d533119') in 0.098337 seconds
  Import took 0.111454 seconds .

========================================================================
Received Import Request.
  Time since last request: 0.000330 seconds.
  path: Assets/Main/Modelos/brinquedos/cubo_numero_3.fbx
  artifactKey: Guid(a2f5f44271084714ea0950ed4421a86e) Importer(815301076,1909f56bfc062723c751e8b465ee728b)
Start importing Assets/Main/Modelos/brinquedos/cubo_numero_3.fbx using Guid(a2f5f44271084714ea0950ed4421a86e) Importer(815301076,1909f56bfc062723c751e8b465ee728b)  -> (artifact id: '5d92d7d9739e1148c98e5784195e40d2') in 0.090120 seconds
  Import took 0.104149 seconds .

========================================================================
Received Import Request.
  Time since last request: 0.000376 seconds.
  path: Assets/Main/Modelos/brinquedos/cubo_letra_1.fbx
  artifactKey: Guid(f9b1a8ae92c55b34ab6228d7680dded0) Importer(815301076,1909f56bfc062723c751e8b465ee728b)
Start importing Assets/Main/Modelos/brinquedos/cubo_letra_1.fbx using Guid(f9b1a8ae92c55b34ab6228d7680dded0) Importer(815301076,1909f56bfc062723c751e8b465ee728b)  -> (artifact id: 'd45d0892537516e1c52d5b409067f72e') in 0.084587 seconds
  Import took 0.097979 seconds .

========================================================================
Received Import Request.
  Time since last request: 10.398140 seconds.
  path: Assets/Main/Modelos/brinquedos/brinquedo_1.fbx
  artifactKey: Guid(a025b754f4ae4c34aae038143df728ef) Importer(815301076,1909f56bfc062723c751e8b465ee728b)
Start importing Assets/Main/Modelos/brinquedos/brinquedo_1.fbx using Guid(a025b754f4ae4c34aae038143df728ef) Importer(815301076,1909f56bfc062723c751e8b465ee728b)  -> (artifact id: '06d121c3f9fe64ddddbde41b96d13350') in 0.069101 seconds
  Import took 0.080389 seconds .

========================================================================
Received Import Request.
  Time since last request: 0.000241 seconds.
  path: Assets/Main/Modelos/brinquedos/cubo_numero_2.fbx
  artifactKey: Guid(6d3dc275d1305ff42b42eaf20a79365e) Importer(815301076,1909f56bfc062723c751e8b465ee728b)
Start importing Assets/Main/Modelos/brinquedos/cubo_numero_2.fbx using Guid(6d3dc275d1305ff42b42eaf20a79365e) Importer(815301076,1909f56bfc062723c751e8b465ee728b)  -> (artifact id: '7e5389a7b694f2e3b9d6f37867ed0a83') in 0.056198 seconds
  Import took 0.065415 seconds .

========================================================================
Received Import Request.
  Time since last request: 0.000294 seconds.
  path: Assets/Main/Modelos/brinquedos/cubo_numero_1.fbx
  artifactKey: Guid(ad5c3a20d9693dc4e89401e29efb2141) Importer(815301076,1909f56bfc062723c751e8b465ee728b)
Start importing Assets/Main/Modelos/brinquedos/cubo_numero_1.fbx using Guid(ad5c3a20d9693dc4e89401e29efb2141) Importer(815301076,1909f56bfc062723c751e8b465ee728b)  -> (artifact id: 'addf142f3c7f4a46249e3bed0655fa36') in 0.056006 seconds
  Import took 0.065156 seconds .

========================================================================
Received Import Request.
  Time since last request: 0.000235 seconds.
  path: Assets/Main/Modelos/brinquedos/brinquedo_3.fbx
  artifactKey: Guid(086e16e48e96f4042b7bed2898133be6) Importer(815301076,1909f56bfc062723c751e8b465ee728b)
Start importing Assets/Main/Modelos/brinquedos/brinquedo_3.fbx using Guid(086e16e48e96f4042b7bed2898133be6) Importer(815301076,1909f56bfc062723c751e8b465ee728b)  -> (artifact id: '05f697584510ba05c0899837ca40a1a7') in 0.058642 seconds
  Import took 0.068361 seconds .

========================================================================
Received Import Request.
  Time since last request: 0.000273 seconds.
  path: Assets/Main/Modelos/brinquedos/brinquedo_2.fbx
  artifactKey: Guid(427f446c1efc5594eaf958ef91eac83c) Importer(815301076,1909f56bfc062723c751e8b465ee728b)
Start importing Assets/Main/Modelos/brinquedos/brinquedo_2.fbx using Guid(427f446c1efc5594eaf958ef91eac83c) Importer(815301076,1909f56bfc062723c751e8b465ee728b)  -> (artifact id: '756cc4c5446253577564188415b4d01d') in 0.054844 seconds
  Import took 0.064435 seconds .

========================================================================
Received Import Request.
  Time since last request: 0.000230 seconds.
  path: Assets/Main/Modelos/brinquedos/cubo_letra_2.fbx
  artifactKey: Guid(4d1de7155d8852c40a0b9ed8ab5bac53) Importer(815301076,1909f56bfc062723c751e8b465ee728b)
Start importing Assets/Main/Modelos/brinquedos/cubo_letra_2.fbx using Guid(4d1de7155d8852c40a0b9ed8ab5bac53) Importer(815301076,1909f56bfc062723c751e8b465ee728b)  -> (artifact id: '8a8b47dd5d13b750f7e97945794cd49e') in 0.053484 seconds
  Import took 0.062547 seconds .

========================================================================
Received Import Request.
  Time since last request: 0.000250 seconds.
  path: Assets/Main/Modelos/brinquedos/cubo_numero_3.fbx
  artifactKey: Guid(a2f5f44271084714ea0950ed4421a86e) Importer(815301076,1909f56bfc062723c751e8b465ee728b)
Start importing Assets/Main/Modelos/brinquedos/cubo_numero_3.fbx using Guid(a2f5f44271084714ea0950ed4421a86e) Importer(815301076,1909f56bfc062723c751e8b465ee728b)  -> (artifact id: '6dda6bbee50eba1ac0f257ee6b1ade85') in 0.053174 seconds
  Import took 0.061917 seconds .

========================================================================
Received Import Request.
  Time since last request: 0.000349 seconds.
  path: Assets/Main/Modelos/brinquedos/cubo_letra_1.fbx
  artifactKey: Guid(f9b1a8ae92c55b34ab6228d7680dded0) Importer(815301076,1909f56bfc062723c751e8b465ee728b)
Start importing Assets/Main/Modelos/brinquedos/cubo_letra_1.fbx using Guid(f9b1a8ae92c55b34ab6228d7680dded0) Importer(815301076,1909f56bfc062723c751e8b465ee728b)  -> (artifact id: '7ee8fba5ec155f3a34cdfa258e7be15b') in 0.055252 seconds
  Import took 0.065801 seconds .

========================================================================
Received Import Request.
  Time since last request: 0.002735 seconds.
  path: Assets/Main/Modelos/brinquedos/cubo_letra_1.fbx
  artifactKey: Guid(f9b1a8ae92c55b34ab6228d7680dded0) Importer(815301076,1909f56bfc062723c751e8b465ee728b)
Start importing Assets/Main/Modelos/brinquedos/cubo_letra_1.fbx using Guid(f9b1a8ae92c55b34ab6228d7680dded0) Importer(815301076,1909f56bfc062723c751e8b465ee728b)  -> (artifact id: '7ee8fba5ec155f3a34cdfa258e7be15b') in 0.055326 seconds
  Import took 0.065937 seconds .

========================================================================
Received Import Request.
  Time since last request: 182.416353 seconds.
  path: Assets/Main/Modelos/Materials/armarios_mat/armarios_mat_Normal.png
  artifactKey: Guid(fecaf2fa0dafa7e4f9ca8a83188659fa) Importer(815301076,1909f56bfc062723c751e8b465ee728b)
Start importing Assets/Main/Modelos/Materials/armarios_mat/armarios_mat_Normal.png using Guid(fecaf2fa0dafa7e4f9ca8a83188659fa) Importer(815301076,1909f56bfc062723c751e8b465ee728b)  -> (artifact id: 'f6b8aca690b6ce89a98fab780ee3ac5b') in 0.038465 seconds
  Import took 0.049312 seconds .

========================================================================
Received Import Request.
  Time since last request: 193.899496 seconds.
  path: Assets/Main/Modelos/Materials/boneca_mat/boneca_mat_Normal.png
  artifactKey: Guid(993a21c3fc972314e95f8e610f93294f) Importer(815301076,1909f56bfc062723c751e8b465ee728b)
Start importing Assets/Main/Modelos/Materials/boneca_mat/boneca_mat_Normal.png using Guid(993a21c3fc972314e95f8e610f93294f) Importer(815301076,1909f56bfc062723c751e8b465ee728b)  -> (artifact id: 'b190b72b6279e158f55f9f382b1e4b0a') in 0.035332 seconds
  Import took 0.046142 seconds .

========================================================================
Received Import Request.
  Time since last request: 2.133846 seconds.
  path: Assets/Main/Modelos/Materials/boneco_mat/boneco_mat_Normal.png
  artifactKey: Guid(6d97a11c939459941975e51f9c417966) Importer(815301076,1909f56bfc062723c751e8b465ee728b)
Start importing Assets/Main/Modelos/Materials/boneco_mat/boneco_mat_Normal.png using Guid(6d97a11c939459941975e51f9c417966) Importer(815301076,1909f56bfc062723c751e8b465ee728b)  -> (artifact id: 'b0ed2a7e5df52de856b91562bdf1a446') in 0.030803 seconds
  Import took 0.041456 seconds .

========================================================================
Received Import Request.
  Time since last request: 0.318823 seconds.
  path: Assets/Main/Modelos/Materials/caixas_luz_painel_chaves_botao_mat/caixas_luz_painel_chaves_botao_mat_Normal.png
  artifactKey: Guid(7f2a307ba823151418c7f96d0c0b3230) Importer(815301076,1909f56bfc062723c751e8b465ee728b)
Start importing Assets/Main/Modelos/Materials/caixas_luz_painel_chaves_botao_mat/caixas_luz_painel_chaves_botao_mat_Normal.png using Guid(7f2a307ba823151418c7f96d0c0b3230) Importer(815301076,1909f56bfc062723c751e8b465ee728b)  -> (artifact id: 'e37d5341f5830975ee81913a70282b0a') in 0.032424 seconds
  Import took 0.044916 seconds .

========================================================================
Received Import Request.
  Time since last request: 6.932072 seconds.
  path: Assets/Main/Modelos/Materials/chao_teto_mat/chao_teto_mat_Normal.png
  artifactKey: Guid(7d55e8c73787f5d4eb1c5433b3479cab) Importer(815301076,1909f56bfc062723c751e8b465ee728b)
Start importing Assets/Main/Modelos/Materials/chao_teto_mat/chao_teto_mat_Normal.png using Guid(7d55e8c73787f5d4eb1c5433b3479cab) Importer(815301076,1909f56bfc062723c751e8b465ee728b)  -> (artifact id: '537b5b10e3113ab4013ef7e4b8ae41f9') in 0.030741 seconds
  Import took 0.040365 seconds .

========================================================================
Received Import Request.
  Time since last request: 0.732337 seconds.
  path: Assets/Main/Modelos/Materials/coracao_mat/coracao_mat_Normal.png
  artifactKey: Guid(cb7285b99b940c14b87ae367fe95d090) Importer(815301076,1909f56bfc062723c751e8b465ee728b)
Start importing Assets/Main/Modelos/Materials/coracao_mat/coracao_mat_Normal.png using Guid(cb7285b99b940c14b87ae367fe95d090) Importer(815301076,1909f56bfc062723c751e8b465ee728b)  -> (artifact id: '1383a6ba0b5d06930e9d4b44c035a1e4') in 0.027368 seconds
  Import took 0.036923 seconds .

========================================================================
Received Import Request.
  Time since last request: 1.612892 seconds.
  path: Assets/Main/Modelos/Materials/paredes_mat/paredes_mat_Base_color.png
  artifactKey: Guid(0dcd1479056b12f47a3c3be3a85f4022) Importer(815301076,1909f56bfc062723c751e8b465ee728b)
Start importing Assets/Main/Modelos/Materials/paredes_mat/paredes_mat_Base_color.png using Guid(0dcd1479056b12f47a3c3be3a85f4022) Importer(815301076,1909f56bfc062723c751e8b465ee728b)  -> (artifact id: 'e815e811c352abbaa607f1b0026d31fe') in 0.031348 seconds
  Import took 0.041957 seconds .

========================================================================
Received Import Request.
  Time since last request: 0.000343 seconds.
  path: Assets/Main/Modelos/Materials/paredes_mat/paredes_mat_Normal.png
  artifactKey: Guid(fb42b4daa6d824947a685eed57931915) Importer(815301076,1909f56bfc062723c751e8b465ee728b)
Start importing Assets/Main/Modelos/Materials/paredes_mat/paredes_mat_Normal.png using Guid(fb42b4daa6d824947a685eed57931915) Importer(815301076,1909f56bfc062723c751e8b465ee728b)  -> (artifact id: 'e9c21598144323073ad62aa68de372c2') in 0.032685 seconds
  Import took 0.043950 seconds .

========================================================================
Received Import Request.
  Time since last request: 0.000317 seconds.
  path: Assets/Main/Modelos/Materials/paredes_mat/paredes_mat_Mask.png
  artifactKey: Guid(86cc0636a5cc2ac44b633a136ee9b886) Importer(815301076,1909f56bfc062723c751e8b465ee728b)
Start importing Assets/Main/Modelos/Materials/paredes_mat/paredes_mat_Mask.png using Guid(86cc0636a5cc2ac44b633a136ee9b886) Importer(815301076,1909f56bfc062723c751e8b465ee728b)  -> (artifact id: '89ee6878c98bb6d16ce6a762ecf3469f') in 0.033242 seconds
  Import took 0.044071 seconds .

========================================================================
Received Import Request.
  Time since last request: 99.616266 seconds.
  path: Assets/Main/Modelos/Materials/puzzle_gato_mat/puzzle_gato_mat_Normal.png
  artifactKey: Guid(898dd1a49f249ad41a2fe5668431df26) Importer(815301076,1909f56bfc062723c751e8b465ee728b)
Start importing Assets/Main/Modelos/Materials/puzzle_gato_mat/puzzle_gato_mat_Normal.png using Guid(898dd1a49f249ad41a2fe5668431df26) Importer(815301076,1909f56bfc062723c751e8b465ee728b)  -> (artifact id: 'bbba9a9a10c286accd653aae7f12ede9') in 0.027648 seconds
  Import took 0.037931 seconds .

========================================================================
Received Import Request.
  Time since last request: 7.795134 seconds.
  path: Assets/Main/Modelos/Materials/sala_musica_mat/sala_musica_mat_Normal.png
  artifactKey: Guid(20bc83f83f09e1e4096a1bed792fd9ed) Importer(815301076,1909f56bfc062723c751e8b465ee728b)
Start importing Assets/Main/Modelos/Materials/sala_musica_mat/sala_musica_mat_Normal.png using Guid(20bc83f83f09e1e4096a1bed792fd9ed) Importer(815301076,1909f56bfc062723c751e8b465ee728b)  -> (artifact id: '4c5ff63b452aca49abb76451ef8a9988') in 0.029596 seconds
  Import took 0.041250 seconds .

========================================================================
Received Import Request.
  Time since last request: 2.238686 seconds.
  path: Assets/Main/Modelos/Materials/sala_tv_mat/sala_tv_mat_Normal.png
  artifactKey: Guid(39ca42001c7a8624385dd381ba38c49b) Importer(815301076,1909f56bfc062723c751e8b465ee728b)
Start importing Assets/Main/Modelos/Materials/sala_tv_mat/sala_tv_mat_Normal.png using Guid(39ca42001c7a8624385dd381ba38c49b) Importer(815301076,1909f56bfc062723c751e8b465ee728b)  -> (artifact id: '6ea648885a7a40c7862a2a853594ae85') in 0.026539 seconds
  Import took 0.036548 seconds .

========================================================================
Received Prepare
Registering precompiled user dll's ...
Registered in 0.004497 seconds.
Begin MonoManager ReloadAssembly
Native extension for WindowsStandalone target not found
Native extension for WebGL target not found
Refreshing native plugins compatible for Editor in 1.48 ms, found 0 plugins.
Preloading 0 native plugins for Editor in 0.00 ms.
Warning: Annotation not found!
UnityEngine.StackTraceUtility:ExtractStackTrace ()
UnityEditor.ProBuilder.EditorUtility:SetGizmoIconEnabled (System.Type,bool) (at Library/PackageCache/com.unity.probuilder@4.4.0/Editor/EditorCore/EditorUtility.cs:593)
UnityEditor.ProBuilder.HierarchyListener:.cctor () (at Library/PackageCache/com.unity.probuilder@4.4.0/Editor/EditorCore/HierarchyListener.cs:21)
System.Runtime.CompilerServices.RuntimeHelpers:RunClassConstructor (System.RuntimeTypeHandle)
UnityEditor.EditorAssemblies:ProcessInitializeOnLoadAttributes (System.Type[])

[Library/PackageCache/com.unity.probuilder@4.4.0/Editor/EditorCore/EditorUtility.cs line 593]

Invoked RoslynAnalysisRunner static constructor.
RoslynAnalysisRunner will not be running.
RoslynAnalysisRunner has terminated.
Mono: successfully reloaded assembly
- Completed reload, in  3.244 seconds
Platform modules already initialized, skipping
Refreshing native plugins compatible for Editor in 1.70 ms, found 0 plugins.
Preloading 0 native plugins for Editor in 0.00 ms.
Unloading 3725 Unused Serialized files (Serialized files now loaded: 0)
System memory in use before: 197.5 MB.
System memory in use after: 196.1 MB.

Unloading 39 unused Assets to reduce memory usage. Loaded Objects now: 4626.
Total: 8.175100 ms (FindLiveObjects: 0.880100 ms CreateObjectMapping: 0.240100 ms MarkObjects: 4.619100 ms  DeleteObjects: 2.434100 ms)

========================================================================
Received Prepare
Registering precompiled user dll's ...
Registered in 0.003603 seconds.
Begin MonoManager ReloadAssembly
Native extension for WindowsStandalone target not found
Native extension for WebGL target not found
Refreshing native plugins compatible for Editor in 1.40 ms, found 0 plugins.
Preloading 0 native plugins for Editor in 0.00 ms.
Warning: Annotation not found!
UnityEngine.StackTraceUtility:ExtractStackTrace ()
UnityEditor.ProBuilder.EditorUtility:SetGizmoIconEnabled (System.Type,bool) (at Library/PackageCache/com.unity.probuilder@4.4.0/Editor/EditorCore/EditorUtility.cs:593)
UnityEditor.ProBuilder.HierarchyListener:.cctor () (at Library/PackageCache/com.unity.probuilder@4.4.0/Editor/EditorCore/HierarchyListener.cs:21)
System.Runtime.CompilerServices.RuntimeHelpers:RunClassConstructor (System.RuntimeTypeHandle)
UnityEditor.EditorAssemblies:ProcessInitializeOnLoadAttributes (System.Type[])

[Library/PackageCache/com.unity.probuilder@4.4.0/Editor/EditorCore/EditorUtility.cs line 593]

Invoked RoslynAnalysisRunner static constructor.
RoslynAnalysisRunner will not be running.
RoslynAnalysisRunner has terminated.
Mono: successfully reloaded assembly
- Completed reload, in  2.036 seconds
Platform modules already initialized, skipping
Refreshing native plugins compatible for Editor in 1.78 ms, found 0 plugins.
Preloading 0 native plugins for Editor in 0.00 ms.
Unloading 3710 Unused Serialized files (Serialized files now loaded: 0)
System memory in use before: 196.7 MB.
System memory in use after: 195.3 MB.

Unloading 39 unused Assets to reduce memory usage. Loaded Objects now: 4628.
Total: 10.358800 ms (FindLiveObjects: 0.975400 ms CreateObjectMapping: 0.348100 ms MarkObjects: 5.432400 ms  DeleteObjects: 3.579700 ms)

========================================================================
Received Import Request.
  Time since last request: 3174.742996 seconds.
  path: Assets/Main/Script/UpdateTextCavalete.cs
  artifactKey: Guid(991759ca014bd97449db7d1c079fda38) Importer(815301076,1909f56bfc062723c751e8b465ee728b)
Start importing Assets/Main/Script/UpdateTextCavalete.cs using Guid(991759ca014bd97449db7d1c079fda38) Importer(815301076,1909f56bfc062723c751e8b465ee728b)  -> (artifact id: '4ffb05f8c5e1c4b9d763df07ca10a2da') in 0.032591 seconds
  Import took 0.046965 seconds .

========================================================================
Received Prepare
Registering precompiled user dll's ...
Registered in 0.003692 seconds.
Begin MonoManager ReloadAssembly
Native extension for WindowsStandalone target not found
Native extension for WebGL target not found
Refreshing native plugins compatible for Editor in 1.78 ms, found 0 plugins.
Preloading 0 native plugins for Editor in 0.00 ms.
Warning: Annotation not found!
UnityEngine.StackTraceUtility:ExtractStackTrace ()
UnityEditor.ProBuilder.EditorUtility:SetGizmoIconEnabled (System.Type,bool) (at Library/PackageCache/com.unity.probuilder@4.4.0/Editor/EditorCore/EditorUtility.cs:593)
UnityEditor.ProBuilder.HierarchyListener:.cctor () (at Library/PackageCache/com.unity.probuilder@4.4.0/Editor/EditorCore/HierarchyListener.cs:21)
System.Runtime.CompilerServices.RuntimeHelpers:RunClassConstructor (System.RuntimeTypeHandle)
UnityEditor.EditorAssemblies:ProcessInitializeOnLoadAttributes (System.Type[])

[Library/PackageCache/com.unity.probuilder@4.4.0/Editor/EditorCore/EditorUtility.cs line 593]

Invoked RoslynAnalysisRunner static constructor.
RoslynAnalysisRunner will not be running.
RoslynAnalysisRunner has terminated.
Mono: successfully reloaded assembly
- Completed reload, in  2.264 seconds
Platform modules already initialized, skipping
Refreshing native plugins compatible for Editor in 1.81 ms, found 0 plugins.
Preloading 0 native plugins for Editor in 0.00 ms.
Unloading 3711 Unused Serialized files (Serialized files now loaded: 0)
System memory in use before: 196.8 MB.
System memory in use after: 195.4 MB.

Unloading 39 unused Assets to reduce memory usage. Loaded Objects now: 4631.
Total: 11.483500 ms (FindLiveObjects: 1.110300 ms CreateObjectMapping: 0.598700 ms MarkObjects: 5.971600 ms  DeleteObjects: 3.800800 ms)

========================================================================
Received Import Request.
  Time since last request: 78.701946 seconds.
  path: Assets/Main/Script/UpdateTextCavalete.cs
  artifactKey: Guid(991759ca014bd97449db7d1c079fda38) Importer(815301076,1909f56bfc062723c751e8b465ee728b)
Start importing Assets/Main/Script/UpdateTextCavalete.cs using Guid(991759ca014bd97449db7d1c079fda38) Importer(815301076,1909f56bfc062723c751e8b465ee728b)  -> (artifact id: 'cbfbc1e5887877e38a06e47c52945828') in 0.014088 seconds
  Import took 0.031533 seconds .

========================================================================
Received Import Request.
  Time since last request: 0.007976 seconds.
  path: Assets/Main/Script/UpdateTextCavalete.cs
  artifactKey: Guid(991759ca014bd97449db7d1c079fda38) Importer(815301076,1909f56bfc062723c751e8b465ee728b)
Start importing Assets/Main/Script/UpdateTextCavalete.cs using Guid(991759ca014bd97449db7d1c079fda38) Importer(815301076,1909f56bfc062723c751e8b465ee728b)  -> (artifact id: 'cbfbc1e5887877e38a06e47c52945828') in 0.004811 seconds
  Import took 0.015237 seconds .

========================================================================
Received Prepare
Registering precompiled user dll's ...
Registered in 0.004617 seconds.
Begin MonoManager ReloadAssembly
Native extension for WindowsStandalone target not found
Native extension for WebGL target not found
Refreshing native plugins compatible for Editor in 1.49 ms, found 0 plugins.
Preloading 0 native plugins for Editor in 0.00 ms.
Warning: Annotation not found!
UnityEngine.StackTraceUtility:ExtractStackTrace ()
UnityEditor.ProBuilder.EditorUtility:SetGizmoIconEnabled (System.Type,bool) (at Library/PackageCache/com.unity.probuilder@4.4.0/Editor/EditorCore/EditorUtility.cs:593)
UnityEditor.ProBuilder.HierarchyListener:.cctor () (at Library/PackageCache/com.unity.probuilder@4.4.0/Editor/EditorCore/HierarchyListener.cs:21)
System.Runtime.CompilerServices.RuntimeHelpers:RunClassConstructor (System.RuntimeTypeHandle)
UnityEditor.EditorAssemblies:ProcessInitializeOnLoadAttributes (System.Type[])

[Library/PackageCache/com.unity.probuilder@4.4.0/Editor/EditorCore/EditorUtility.cs line 593]

Invoked RoslynAnalysisRunner static constructor.
RoslynAnalysisRunner will not be running.
RoslynAnalysisRunner has terminated.
Mono: successfully reloaded assembly
- Completed reload, in  2.299 seconds
Platform modules already initialized, skipping
Refreshing native plugins compatible for Editor in 1.85 ms, found 0 plugins.
Preloading 0 native plugins for Editor in 0.00 ms.
Unloading 3711 Unused Serialized files (Serialized files now loaded: 0)
System memory in use before: 196.8 MB.
System memory in use after: 195.4 MB.

Unloading 39 unused Assets to reduce memory usage. Loaded Objects now: 4633.
Total: 12.437000 ms (FindLiveObjects: 0.874700 ms CreateObjectMapping: 0.246500 ms MarkObjects: 8.069000 ms  DeleteObjects: 3.244800 ms)

========================================================================
Received Import Request.
  Time since last request: 72.192099 seconds.
  path: Assets/Main/Script/UpdateTextCavalete.cs
  artifactKey: Guid(991759ca014bd97449db7d1c079fda38) Importer(815301076,1909f56bfc062723c751e8b465ee728b)
Start importing Assets/Main/Script/UpdateTextCavalete.cs using Guid(991759ca014bd97449db7d1c079fda38) Importer(815301076,1909f56bfc062723c751e8b465ee728b)  -> (artifact id: 'f8b1587a2f3af373d1eb96e0276f6115') in 0.011145 seconds
  Import took 0.024223 seconds .

========================================================================
Received Prepare
Registering precompiled user dll's ...
Registered in 0.003885 seconds.
Begin MonoManager ReloadAssembly
Native extension for WindowsStandalone target not found
Native extension for WebGL target not found
Refreshing native plugins compatible for Editor in 1.48 ms, found 0 plugins.
Preloading 0 native plugins for Editor in 0.00 ms.
Warning: Annotation not found!
UnityEngine.StackTraceUtility:ExtractStackTrace ()
UnityEditor.ProBuilder.EditorUtility:SetGizmoIconEnabled (System.Type,bool) (at Library/PackageCache/com.unity.probuilder@4.4.0/Editor/EditorCore/EditorUtility.cs:593)
UnityEditor.ProBuilder.HierarchyListener:.cctor () (at Library/PackageCache/com.unity.probuilder@4.4.0/Editor/EditorCore/HierarchyListener.cs:21)
System.Runtime.CompilerServices.RuntimeHelpers:RunClassConstructor (System.RuntimeTypeHandle)
UnityEditor.EditorAssemblies:ProcessInitializeOnLoadAttributes (System.Type[])

[Library/PackageCache/com.unity.probuilder@4.4.0/Editor/EditorCore/EditorUtility.cs line 593]

Invoked RoslynAnalysisRunner static constructor.
RoslynAnalysisRunner will not be running.
RoslynAnalysisRunner has terminated.
Mono: successfully reloaded assembly
- Completed reload, in  2.316 seconds
Platform modules already initialized, skipping
Refreshing native plugins compatible for Editor in 1.87 ms, found 0 plugins.
Preloading 0 native plugins for Editor in 0.00 ms.
Unloading 3711 Unused Serialized files (Serialized files now loaded: 0)
System memory in use before: 196.8 MB.
System memory in use after: 195.4 MB.

Unloading 39 unused Assets to reduce memory usage. Loaded Objects now: 4635.
Total: 9.070100 ms (FindLiveObjects: 1.033600 ms CreateObjectMapping: 0.252100 ms MarkObjects: 5.231100 ms  DeleteObjects: 2.551200 ms)

========================================================================
Received Import Request.
  Time since last request: 428.619209 seconds.
  path: Assets/Main/Modelos/Materials/boneca_mat/BonecaFeliz.mat
  artifactKey: Guid(698e93c4dbae2c0439884775442e48f5) Importer(815301076,1909f56bfc062723c751e8b465ee728b)
Start importing Assets/Main/Modelos/Materials/boneca_mat/BonecaFeliz.mat using Guid(698e93c4dbae2c0439884775442e48f5) Importer(815301076,1909f56bfc062723c751e8b465ee728b)  -> (artifact id: 'b57ae75bc3ebd8533e9209584460f85e') in 1.018630 seconds
  Import took 1.034451 seconds .

========================================================================
Received Import Request.
  Time since last request: 0.004562 seconds.
  path: Assets/Main/Modelos/Materials/boneca_mat/BonecaFeliz.mat
  artifactKey: Guid(698e93c4dbae2c0439884775442e48f5) Importer(815301076,1909f56bfc062723c751e8b465ee728b)
Start importing Assets/Main/Modelos/Materials/boneca_mat/BonecaFeliz.mat using Guid(698e93c4dbae2c0439884775442e48f5) Importer(815301076,1909f56bfc062723c751e8b465ee728b)  -> (artifact id: 'b57ae75bc3ebd8533e9209584460f85e') in 0.071866 seconds
  Import took 0.086086 seconds .

========================================================================
Received Prepare
Registering precompiled user dll's ...
Registered in 0.003710 seconds.
Begin MonoManager ReloadAssembly
Native extension for WindowsStandalone target not found
Native extension for WebGL target not found
Refreshing native plugins compatible for Editor in 1.47 ms, found 0 plugins.
Preloading 0 native plugins for Editor in 0.00 ms.
Warning: Annotation not found!
UnityEngine.StackTraceUtility:ExtractStackTrace ()
UnityEditor.ProBuilder.EditorUtility:SetGizmoIconEnabled (System.Type,bool) (at Library/PackageCache/com.unity.probuilder@4.4.0/Editor/EditorCore/EditorUtility.cs:593)
UnityEditor.ProBuilder.HierarchyListener:.cctor () (at Library/PackageCache/com.unity.probuilder@4.4.0/Editor/EditorCore/HierarchyListener.cs:21)
System.Runtime.CompilerServices.RuntimeHelpers:RunClassConstructor (System.RuntimeTypeHandle)
UnityEditor.EditorAssemblies:ProcessInitializeOnLoadAttributes (System.Type[])

[Library/PackageCache/com.unity.probuilder@4.4.0/Editor/EditorCore/EditorUtility.cs line 593]

Invoked RoslynAnalysisRunner static constructor.
RoslynAnalysisRunner will not be running.
RoslynAnalysisRunner has terminated.
Mono: successfully reloaded assembly
- Completed reload, in  2.223 seconds
Platform modules already initialized, skipping
Refreshing native plugins compatible for Editor in 1.56 ms, found 0 plugins.
Preloading 0 native plugins for Editor in 0.00 ms.
Unloading 3711 Unused Serialized files (Serialized files now loaded: 0)
System memory in use before: 197.2 MB.
System memory in use after: 195.8 MB.

Unloading 39 unused Assets to reduce memory usage. Loaded Objects now: 4739.
Total: 10.424900 ms (FindLiveObjects: 0.850600 ms CreateObjectMapping: 0.282100 ms MarkObjects: 5.252700 ms  DeleteObjects: 4.037600 ms)

========================================================================
Received Prepare
Registering precompiled user dll's ...
Registered in 0.003764 seconds.
Begin MonoManager ReloadAssembly
Native extension for WindowsStandalone target not found
Native extension for WebGL target not found
Refreshing native plugins compatible for Editor in 1.39 ms, found 0 plugins.
Preloading 0 native plugins for Editor in 0.00 ms.
Warning: Annotation not found!
UnityEngine.StackTraceUtility:ExtractStackTrace ()
UnityEditor.ProBuilder.EditorUtility:SetGizmoIconEnabled (System.Type,bool) (at Library/PackageCache/com.unity.probuilder@4.4.0/Editor/EditorCore/EditorUtility.cs:593)
UnityEditor.ProBuilder.HierarchyListener:.cctor () (at Library/PackageCache/com.unity.probuilder@4.4.0/Editor/EditorCore/HierarchyListener.cs:21)
System.Runtime.CompilerServices.RuntimeHelpers:RunClassConstructor (System.RuntimeTypeHandle)
UnityEditor.EditorAssemblies:ProcessInitializeOnLoadAttributes (System.Type[])

[Library/PackageCache/com.unity.probuilder@4.4.0/Editor/EditorCore/EditorUtility.cs line 593]

Invoked RoslynAnalysisRunner static constructor.
RoslynAnalysisRunner will not be running.
RoslynAnalysisRunner has terminated.
Mono: successfully reloaded assembly
- Completed reload, in  2.118 seconds
Platform modules already initialized, skipping
Refreshing native plugins compatible for Editor in 1.58 ms, found 0 plugins.
Preloading 0 native plugins for Editor in 0.00 ms.
Unloading 3711 Unused Serialized files (Serialized files now loaded: 0)
System memory in use before: 197.2 MB.
System memory in use after: 195.8 MB.

Unloading 39 unused Assets to reduce memory usage. Loaded Objects now: 4741.
Total: 14.407300 ms (FindLiveObjects: 1.381900 ms CreateObjectMapping: 0.395700 ms MarkObjects: 8.276400 ms  DeleteObjects: 4.351300 ms)

========================================================================
Received Prepare
Registering precompiled user dll's ...
Registered in 0.003751 seconds.
Begin MonoManager ReloadAssembly
Native extension for WindowsStandalone target not found
Native extension for WebGL target not found
Refreshing native plugins compatible for Editor in 1.39 ms, found 0 plugins.
Preloading 0 native plugins for Editor in 0.00 ms.
Warning: Annotation not found!
UnityEngine.StackTraceUtility:ExtractStackTrace ()
UnityEditor.ProBuilder.EditorUtility:SetGizmoIconEnabled (System.Type,bool) (at Library/PackageCache/com.unity.probuilder@4.4.0/Editor/EditorCore/EditorUtility.cs:593)
UnityEditor.ProBuilder.HierarchyListener:.cctor () (at Library/PackageCache/com.unity.probuilder@4.4.0/Editor/EditorCore/HierarchyListener.cs:21)
System.Runtime.CompilerServices.RuntimeHelpers:RunClassConstructor (System.RuntimeTypeHandle)
UnityEditor.EditorAssemblies:ProcessInitializeOnLoadAttributes (System.Type[])

[Library/PackageCache/com.unity.probuilder@4.4.0/Editor/EditorCore/EditorUtility.cs line 593]

Invoked RoslynAnalysisRunner static constructor.
RoslynAnalysisRunner will not be running.
RoslynAnalysisRunner has terminated.
Mono: successfully reloaded assembly
- Completed reload, in  2.013 seconds
Platform modules already initialized, skipping
Refreshing native plugins compatible for Editor in 1.44 ms, found 0 plugins.
Preloading 0 native plugins for Editor in 0.00 ms.
Unloading 3711 Unused Serialized files (Serialized files now loaded: 0)
System memory in use before: 197.2 MB.
System memory in use after: 195.8 MB.

Unloading 39 unused Assets to reduce memory usage. Loaded Objects now: 4743.
Total: 10.103700 ms (FindLiveObjects: 0.990500 ms CreateObjectMapping: 0.288700 ms MarkObjects: 5.607700 ms  DeleteObjects: 3.190800 ms)

========================================================================
Received Import Request.
  Time since last request: 835.875497 seconds.
  path: ProjectSettings/TagManager.asset
  artifactKey: Guid(00000000000000003000000000000000) Importer(815301076,1909f56bfc062723c751e8b465ee728b)
Start importing ProjectSettings/TagManager.asset using Guid(00000000000000003000000000000000) Importer(815301076,1909f56bfc062723c751e8b465ee728b)  -> (artifact id: '6c458b2696df87f4f0794830237dd01a') in 0.028121 seconds
  Import took 0.040445 seconds .

========================================================================
Received Import Request.
  Time since last request: 24.822367 seconds.
  path: Assets/Main/Script/Instrumento.cs
  artifactKey: Guid(01d9f58d5468ddf478ce1d4fea79ea55) Importer(815301076,1909f56bfc062723c751e8b465ee728b)
Start importing Assets/Main/Script/Instrumento.cs using Guid(01d9f58d5468ddf478ce1d4fea79ea55) Importer(815301076,1909f56bfc062723c751e8b465ee728b)  -> (artifact id: '2226fa86c5e57bfb70e759f083f1ce65') in 0.019496 seconds
  Import took 0.033959 seconds .

========================================================================
Received Prepare
Registering precompiled user dll's ...
Registered in 0.003775 seconds.
Begin MonoManager ReloadAssembly
Native extension for WindowsStandalone target not found
Native extension for WebGL target not found
Refreshing native plugins compatible for Editor in 1.46 ms, found 0 plugins.
Preloading 0 native plugins for Editor in 0.00 ms.
Warning: Annotation not found!
UnityEngine.StackTraceUtility:ExtractStackTrace ()
UnityEditor.ProBuilder.EditorUtility:SetGizmoIconEnabled (System.Type,bool) (at Library/PackageCache/com.unity.probuilder@4.4.0/Editor/EditorCore/EditorUtility.cs:593)
UnityEditor.ProBuilder.HierarchyListener:.cctor () (at Library/PackageCache/com.unity.probuilder@4.4.0/Editor/EditorCore/HierarchyListener.cs:21)
System.Runtime.CompilerServices.RuntimeHelpers:RunClassConstructor (System.RuntimeTypeHandle)
UnityEditor.EditorAssemblies:ProcessInitializeOnLoadAttributes (System.Type[])

[Library/PackageCache/com.unity.probuilder@4.4.0/Editor/EditorCore/EditorUtility.cs line 593]

Invoked RoslynAnalysisRunner static constructor.
RoslynAnalysisRunner will not be running.
RoslynAnalysisRunner has terminated.
Mono: successfully reloaded assembly
- Completed reload, in  2.200 seconds
Platform modules already initialized, skipping
Refreshing native plugins compatible for Editor in 1.64 ms, found 0 plugins.
Preloading 0 native plugins for Editor in 0.00 ms.
Unloading 3712 Unused Serialized files (Serialized files now loaded: 0)
System memory in use before: 197.2 MB.
System memory in use after: 195.8 MB.

Unloading 40 unused Assets to reduce memory usage. Loaded Objects now: 4746.
Total: 13.305900 ms (FindLiveObjects: 0.796800 ms CreateObjectMapping: 0.222900 ms MarkObjects: 9.464400 ms  DeleteObjects: 2.819900 ms)

========================================================================
Received Prepare
Registering precompiled user dll's ...
Registered in 0.004611 seconds.
Begin MonoManager ReloadAssembly
Native extension for WindowsStandalone target not found
Native extension for WebGL target not found
Refreshing native plugins compatible for Editor in 1.56 ms, found 0 plugins.
Preloading 0 native plugins for Editor in 0.00 ms.
Warning: Annotation not found!
UnityEngine.StackTraceUtility:ExtractStackTrace ()
UnityEditor.ProBuilder.EditorUtility:SetGizmoIconEnabled (System.Type,bool) (at Library/PackageCache/com.unity.probuilder@4.4.0/Editor/EditorCore/EditorUtility.cs:593)
UnityEditor.ProBuilder.HierarchyListener:.cctor () (at Library/PackageCache/com.unity.probuilder@4.4.0/Editor/EditorCore/HierarchyListener.cs:21)
System.Runtime.CompilerServices.RuntimeHelpers:RunClassConstructor (System.RuntimeTypeHandle)
UnityEditor.EditorAssemblies:ProcessInitializeOnLoadAttributes (System.Type[])

[Library/PackageCache/com.unity.probuilder@4.4.0/Editor/EditorCore/EditorUtility.cs line 593]

Invoked RoslynAnalysisRunner static constructor.
RoslynAnalysisRunner will not be running.
RoslynAnalysisRunner has terminated.
Mono: successfully reloaded assembly
- Completed reload, in  2.123 seconds
Platform modules already initialized, skipping
Refreshing native plugins compatible for Editor in 1.47 ms, found 0 plugins.
Preloading 0 native plugins for Editor in 0.00 ms.
Unloading 3712 Unused Serialized files (Serialized files now loaded: 0)
System memory in use before: 197.2 MB.
System memory in use after: 195.8 MB.

Unloading 39 unused Assets to reduce memory usage. Loaded Objects now: 4748.
Total: 17.361300 ms (FindLiveObjects: 0.775700 ms CreateObjectMapping: 0.239600 ms MarkObjects: 13.556600 ms  DeleteObjects: 2.787600 ms)

========================================================================
Received Import Request.
  Time since last request: 139.691294 seconds.
  path: Assets/Main/Script/Instrumento.cs
  artifactKey: Guid(01d9f58d5468ddf478ce1d4fea79ea55) Importer(815301076,1909f56bfc062723c751e8b465ee728b)
Start importing Assets/Main/Script/Instrumento.cs using Guid(01d9f58d5468ddf478ce1d4fea79ea55) Importer(815301076,1909f56bfc062723c751e8b465ee728b)  -> (artifact id: '4e209662f925bb5039c7e283602ac147') in 0.009517 seconds
  Import took 0.021455 seconds .

========================================================================
Received Prepare
Registering precompiled user dll's ...
Registered in 0.004372 seconds.
Begin MonoManager ReloadAssembly
Native extension for WindowsStandalone target not found
Native extension for WebGL target not found
Refreshing native plugins compatible for Editor in 1.48 ms, found 0 plugins.
Preloading 0 native plugins for Editor in 0.00 ms.
Warning: Annotation not found!
UnityEngine.StackTraceUtility:ExtractStackTrace ()
UnityEditor.ProBuilder.EditorUtility:SetGizmoIconEnabled (System.Type,bool) (at Library/PackageCache/com.unity.probuilder@4.4.0/Editor/EditorCore/EditorUtility.cs:593)
UnityEditor.ProBuilder.HierarchyListener:.cctor () (at Library/PackageCache/com.unity.probuilder@4.4.0/Editor/EditorCore/HierarchyListener.cs:21)
System.Runtime.CompilerServices.RuntimeHelpers:RunClassConstructor (System.RuntimeTypeHandle)
UnityEditor.EditorAssemblies:ProcessInitializeOnLoadAttributes (System.Type[])

[Library/PackageCache/com.unity.probuilder@4.4.0/Editor/EditorCore/EditorUtility.cs line 593]

Invoked RoslynAnalysisRunner static constructor.
RoslynAnalysisRunner will not be running.
RoslynAnalysisRunner has terminated.
Mono: successfully reloaded assembly
- Completed reload, in  2.195 seconds
Platform modules already initialized, skipping
Refreshing native plugins compatible for Editor in 1.64 ms, found 0 plugins.
Preloading 0 native plugins for Editor in 0.00 ms.
Unloading 3712 Unused Serialized files (Serialized files now loaded: 0)
System memory in use before: 197.2 MB.
System memory in use after: 195.8 MB.

Unloading 39 unused Assets to reduce memory usage. Loaded Objects now: 4750.
Total: 8.395800 ms (FindLiveObjects: 0.832400 ms CreateObjectMapping: 0.292400 ms MarkObjects: 4.543600 ms  DeleteObjects: 2.725900 ms)

========================================================================
Received Prepare
Registering precompiled user dll's ...
Registered in 0.004424 seconds.
Begin MonoManager ReloadAssembly
Native extension for WindowsStandalone target not found
Native extension for WebGL target not found
Refreshing native plugins compatible for Editor in 1.56 ms, found 0 plugins.
Preloading 0 native plugins for Editor in 0.00 ms.
Warning: Annotation not found!
UnityEngine.StackTraceUtility:ExtractStackTrace ()
UnityEditor.ProBuilder.EditorUtility:SetGizmoIconEnabled (System.Type,bool) (at Library/PackageCache/com.unity.probuilder@4.4.0/Editor/EditorCore/EditorUtility.cs:593)
UnityEditor.ProBuilder.HierarchyListener:.cctor () (at Library/PackageCache/com.unity.probuilder@4.4.0/Editor/EditorCore/HierarchyListener.cs:21)
System.Runtime.CompilerServices.RuntimeHelpers:RunClassConstructor (System.RuntimeTypeHandle)
UnityEditor.EditorAssemblies:ProcessInitializeOnLoadAttributes (System.Type[])

[Library/PackageCache/com.unity.probuilder@4.4.0/Editor/EditorCore/EditorUtility.cs line 593]

Invoked RoslynAnalysisRunner static constructor.
RoslynAnalysisRunner will not be running.
RoslynAnalysisRunner has terminated.
Mono: successfully reloaded assembly
- Completed reload, in  2.137 seconds
Platform modules already initialized, skipping
Refreshing native plugins compatible for Editor in 1.45 ms, found 0 plugins.
Preloading 0 native plugins for Editor in 0.00 ms.
Unloading 3712 Unused Serialized files (Serialized files now loaded: 0)
System memory in use before: 197.2 MB.
System memory in use after: 195.8 MB.

Unloading 39 unused Assets to reduce memory usage. Loaded Objects now: 4752.
Total: 7.735100 ms (FindLiveObjects: 0.777100 ms CreateObjectMapping: 0.228200 ms MarkObjects: 4.040500 ms  DeleteObjects: 2.687700 ms)

========================================================================
Received Import Request.
  Time since last request: 336.479900 seconds.
  path: Assets/Main/Sound/Gameplay/Bullying Puzzle/Instr_Xilophone_001.wav
  artifactKey: Guid(2042e3cbaeff3fa498697bc069a0e798) Importer(815301076,1909f56bfc062723c751e8b465ee728b)
Start importing Assets/Main/Sound/Gameplay/Bullying Puzzle/Instr_Xilophone_001.wav using Guid(2042e3cbaeff3fa498697bc069a0e798) Importer(815301076,1909f56bfc062723c751e8b465ee728b)  -> (artifact id: 'bcf4cc415dceb9ee16037028b3d0db18') in 0.108965 seconds
  Import took 0.120716 seconds .

========================================================================
Received Import Request.
  Time since last request: 0.000386 seconds.
  path: Assets/Main/Sound/Gameplay/Bullying Puzzle/Instr_Xilophone_002.wav
  artifactKey: Guid(d76beac9153f271408266c6a2d4ad15c) Importer(815301076,1909f56bfc062723c751e8b465ee728b)
Start importing Assets/Main/Sound/Gameplay/Bullying Puzzle/Instr_Xilophone_002.wav using Guid(d76beac9153f271408266c6a2d4ad15c) Importer(815301076,1909f56bfc062723c751e8b465ee728b)  -> (artifact id: 'a68e6250f540f3797e113f6e743d4ec2') in 0.024023 seconds
  Import took 0.032919 seconds .

========================================================================
Received Import Request.
  Time since last request: 0.000302 seconds.
  path: Assets/Main/Sound/Gameplay/Bullying Puzzle/Instr_Xilophone_003.wav
  artifactKey: Guid(1769e7175adff5f4f927b18173e07ee6) Importer(815301076,1909f56bfc062723c751e8b465ee728b)
Start importing Assets/Main/Sound/Gameplay/Bullying Puzzle/Instr_Xilophone_003.wav using Guid(1769e7175adff5f4f927b18173e07ee6) Importer(815301076,1909f56bfc062723c751e8b465ee728b)  -> (artifact id: 'b244da2e4a0351fd3978eb216684cab2') in 0.025772 seconds
  Import took 0.034639 seconds .

========================================================================
Received Prepare
Registering precompiled user dll's ...
Registered in 0.003923 seconds.
Begin MonoManager ReloadAssembly
Native extension for WindowsStandalone target not found
Native extension for WebGL target not found
Refreshing native plugins compatible for Editor in 1.60 ms, found 0 plugins.
Preloading 0 native plugins for Editor in 0.00 ms.
Warning: Annotation not found!
UnityEngine.StackTraceUtility:ExtractStackTrace ()
UnityEditor.ProBuilder.EditorUtility:SetGizmoIconEnabled (System.Type,bool) (at Library/PackageCache/com.unity.probuilder@4.4.0/Editor/EditorCore/EditorUtility.cs:593)
UnityEditor.ProBuilder.HierarchyListener:.cctor () (at Library/PackageCache/com.unity.probuilder@4.4.0/Editor/EditorCore/HierarchyListener.cs:21)
System.Runtime.CompilerServices.RuntimeHelpers:RunClassConstructor (System.RuntimeTypeHandle)
UnityEditor.EditorAssemblies:ProcessInitializeOnLoadAttributes (System.Type[])

[Library/PackageCache/com.unity.probuilder@4.4.0/Editor/EditorCore/EditorUtility.cs line 593]

Invoked RoslynAnalysisRunner static constructor.
RoslynAnalysisRunner will not be running.
RoslynAnalysisRunner has terminated.
Mono: successfully reloaded assembly
- Completed reload, in  2.352 seconds
Platform modules already initialized, skipping
Refreshing native plugins compatible for Editor in 1.51 ms, found 0 plugins.
Preloading 0 native plugins for Editor in 0.00 ms.
Unloading 3712 Unused Serialized files (Serialized files now loaded: 0)
System memory in use before: 197.3 MB.
System memory in use after: 195.9 MB.

Unloading 39 unused Assets to reduce memory usage. Loaded Objects now: 4757.
Total: 9.292000 ms (FindLiveObjects: 0.808700 ms CreateObjectMapping: 0.227800 ms MarkObjects: 5.146100 ms  DeleteObjects: 3.107700 ms)

========================================================================
Received Import Request.
  Time since last request: 47.336433 seconds.
  path: Assets/Main/Prefab/xilofone.prefab
  artifactKey: Guid(999d6a39bfd8880498cc59ec76191fe1) Importer(815301076,1909f56bfc062723c751e8b465ee728b)
Start importing Assets/Main/Prefab/xilofone.prefab using Guid(999d6a39bfd8880498cc59ec76191fe1) Importer(815301076,1909f56bfc062723c751e8b465ee728b)  -> (artifact id: '99c8751af49bfa209ba850c3c19130c9') in 0.935120 seconds
  Import took 0.950831 seconds .

========================================================================
Received Import Request.
  Time since last request: 94.448567 seconds.
  path: Assets/Main/Prefab/timpano.prefab
  artifactKey: Guid(f3c17985e984a254d8b022b2c557786e) Importer(815301076,1909f56bfc062723c751e8b465ee728b)
Start importing Assets/Main/Prefab/timpano.prefab using Guid(f3c17985e984a254d8b022b2c557786e) Importer(815301076,1909f56bfc062723c751e8b465ee728b)  -> (artifact id: '7fee30ba16a773575cd7b29e4429d4a8') in 0.066431 seconds
  Import took 0.080081 seconds .

========================================================================
Received Import Request.
  Time since last request: 229.010745 seconds.
  path: Assets/Main/Prefab/gaita.prefab
  artifactKey: Guid(56e8a6aa9b9442c408d08a2ff06675d4) Importer(815301076,1909f56bfc062723c751e8b465ee728b)
Start importing Assets/Main/Prefab/gaita.prefab using Guid(56e8a6aa9b9442c408d08a2ff06675d4) Importer(815301076,1909f56bfc062723c751e8b465ee728b)  -> (artifact id: 'a906a5e5399b233b133ecd8e754906f1') in 0.067739 seconds
  Import took 0.081243 seconds .

========================================================================
Received Import Request.
  Time since last request: 0.024592 seconds.
  path: Assets/Main/Prefab/gaita.prefab
  artifactKey: Guid(56e8a6aa9b9442c408d08a2ff06675d4) Importer(815301076,1909f56bfc062723c751e8b465ee728b)
Start importing Assets/Main/Prefab/gaita.prefab using Guid(56e8a6aa9b9442c408d08a2ff06675d4) Importer(815301076,1909f56bfc062723c751e8b465ee728b)  -> (artifact id: 'a906a5e5399b233b133ecd8e754906f1') in 0.057496 seconds
  Import took 0.069778 seconds .

========================================================================
Received Prepare
Registering precompiled user dll's ...
Registered in 0.003527 seconds.
Begin MonoManager ReloadAssembly
Native extension for WindowsStandalone target not found
Native extension for WebGL target not found
Refreshing native plugins compatible for Editor in 1.68 ms, found 0 plugins.
Preloading 0 native plugins for Editor in 0.00 ms.
Warning: Annotation not found!
UnityEngine.StackTraceUtility:ExtractStackTrace ()
UnityEditor.ProBuilder.EditorUtility:SetGizmoIconEnabled (System.Type,bool) (at Library/PackageCache/com.unity.probuilder@4.4.0/Editor/EditorCore/EditorUtility.cs:593)
UnityEditor.ProBuilder.HierarchyListener:.cctor () (at Library/PackageCache/com.unity.probuilder@4.4.0/Editor/EditorCore/HierarchyListener.cs:21)
System.Runtime.CompilerServices.RuntimeHelpers:RunClassConstructor (System.RuntimeTypeHandle)
UnityEditor.EditorAssemblies:ProcessInitializeOnLoadAttributes (System.Type[])

[Library/PackageCache/com.unity.probuilder@4.4.0/Editor/EditorCore/EditorUtility.cs line 593]

Invoked RoslynAnalysisRunner static constructor.
RoslynAnalysisRunner will not be running.
RoslynAnalysisRunner has terminated.
Mono: successfully reloaded assembly
- Completed reload, in  2.042 seconds
Platform modules already initialized, skipping
Refreshing native plugins compatible for Editor in 1.69 ms, found 0 plugins.
Preloading 0 native plugins for Editor in 0.00 ms.
Unloading 3712 Unused Serialized files (Serialized files now loaded: 0)
System memory in use before: 197.7 MB.
System memory in use after: 196.3 MB.

Unloading 39 unused Assets to reduce memory usage. Loaded Objects now: 4861.
Total: 8.086400 ms (FindLiveObjects: 0.800500 ms CreateObjectMapping: 0.286300 ms MarkObjects: 4.201300 ms  DeleteObjects: 2.796900 ms)

========================================================================
Received Prepare
Registering precompiled user dll's ...
Registered in 0.003606 seconds.
Begin MonoManager ReloadAssembly
Native extension for WindowsStandalone target not found
Native extension for WebGL target not found
Refreshing native plugins compatible for Editor in 1.45 ms, found 0 plugins.
Preloading 0 native plugins for Editor in 0.00 ms.
Warning: Annotation not found!
UnityEngine.StackTraceUtility:ExtractStackTrace ()
UnityEditor.ProBuilder.EditorUtility:SetGizmoIconEnabled (System.Type,bool) (at Library/PackageCache/com.unity.probuilder@4.4.0/Editor/EditorCore/EditorUtility.cs:593)
UnityEditor.ProBuilder.HierarchyListener:.cctor () (at Library/PackageCache/com.unity.probuilder@4.4.0/Editor/EditorCore/HierarchyListener.cs:21)
System.Runtime.CompilerServices.RuntimeHelpers:RunClassConstructor (System.RuntimeTypeHandle)
UnityEditor.EditorAssemblies:ProcessInitializeOnLoadAttributes (System.Type[])

[Library/PackageCache/com.unity.probuilder@4.4.0/Editor/EditorCore/EditorUtility.cs line 593]

Invoked RoslynAnalysisRunner static constructor.
RoslynAnalysisRunner will not be running.
RoslynAnalysisRunner has terminated.
Mono: successfully reloaded assembly
- Completed reload, in  2.180 seconds
Platform modules already initialized, skipping
Refreshing native plugins compatible for Editor in 1.65 ms, found 0 plugins.
Preloading 0 native plugins for Editor in 0.00 ms.
Unloading 3712 Unused Serialized files (Serialized files now loaded: 0)
System memory in use before: 197.7 MB.
System memory in use after: 196.3 MB.

Unloading 39 unused Assets to reduce memory usage. Loaded Objects now: 4863.
Total: 8.365400 ms (FindLiveObjects: 0.765000 ms CreateObjectMapping: 0.228300 ms MarkObjects: 4.661200 ms  DeleteObjects: 2.709600 ms)

========================================================================
Received Prepare
Registering precompiled user dll's ...
Registered in 0.003957 seconds.
Begin MonoManager ReloadAssembly
Native extension for WindowsStandalone target not found
Native extension for WebGL target not found
Refreshing native plugins compatible for Editor in 1.49 ms, found 0 plugins.
Preloading 0 native plugins for Editor in 0.00 ms.
Warning: Annotation not found!
UnityEngine.StackTraceUtility:ExtractStackTrace ()
UnityEditor.ProBuilder.EditorUtility:SetGizmoIconEnabled (System.Type,bool) (at Library/PackageCache/com.unity.probuilder@4.4.0/Editor/EditorCore/EditorUtility.cs:593)
UnityEditor.ProBuilder.HierarchyListener:.cctor () (at Library/PackageCache/com.unity.probuilder@4.4.0/Editor/EditorCore/HierarchyListener.cs:21)
System.Runtime.CompilerServices.RuntimeHelpers:RunClassConstructor (System.RuntimeTypeHandle)
UnityEditor.EditorAssemblies:ProcessInitializeOnLoadAttributes (System.Type[])

[Library/PackageCache/com.unity.probuilder@4.4.0/Editor/EditorCore/EditorUtility.cs line 593]

Invoked RoslynAnalysisRunner static constructor.
RoslynAnalysisRunner will not be running.
RoslynAnalysisRunner has terminated.
Mono: successfully reloaded assembly
- Completed reload, in  2.269 seconds
Platform modules already initialized, skipping
Refreshing native plugins compatible for Editor in 1.46 ms, found 0 plugins.
Preloading 0 native plugins for Editor in 0.00 ms.
Unloading 3712 Unused Serialized files (Serialized files now loaded: 0)
System memory in use before: 197.7 MB.
System memory in use after: 196.3 MB.

Unloading 39 unused Assets to reduce memory usage. Loaded Objects now: 4865.
Total: 8.020700 ms (FindLiveObjects: 0.798000 ms CreateObjectMapping: 0.222600 ms MarkObjects: 4.281400 ms  DeleteObjects: 2.717000 ms)

========================================================================
Received Import Request.
  Time since last request: 2184.674236 seconds.
  path: Assets/Main/Modelos/Materials/caixas_luz_painel_chaves_botao_mat/CaixaLuzMat 1.mat
  artifactKey: Guid(4e400d151d356a14387fde5490e2e979) Importer(815301076,1909f56bfc062723c751e8b465ee728b)
Start importing Assets/Main/Modelos/Materials/caixas_luz_painel_chaves_botao_mat/CaixaLuzMat 1.mat using Guid(4e400d151d356a14387fde5490e2e979) Importer(815301076,1909f56bfc062723c751e8b465ee728b)  -> (artifact id: 'b0f55ca80f29bf0ba497b51e5806aa93') in 0.909538 seconds
  Import took 0.924486 seconds .

========================================================================
Received Import Request.
  Time since last request: 13.636058 seconds.
  path: Assets/Main/Modelos/Materials/caixas_luz_painel_chaves_botao_mat/CaixaLuzMat 1.mat
  artifactKey: Guid(4e400d151d356a14387fde5490e2e979) Importer(815301076,1909f56bfc062723c751e8b465ee728b)
Start importing Assets/Main/Modelos/Materials/caixas_luz_painel_chaves_botao_mat/CaixaLuzMat 1.mat using Guid(4e400d151d356a14387fde5490e2e979) Importer(815301076,1909f56bfc062723c751e8b465ee728b)  -> (artifact id: 'ae76ee6b5494eedabb11e149e2a31265') in 0.063292 seconds
  Import took 0.078473 seconds .

========================================================================
Received Import Request.
  Time since last request: 0.002708 seconds.
  path: Assets/Main/Modelos/Materials/caixas_luz_painel_chaves_botao_mat/CaixaLuzMat 1.mat
  artifactKey: Guid(4e400d151d356a14387fde5490e2e979) Importer(815301076,1909f56bfc062723c751e8b465ee728b)
Start importing Assets/Main/Modelos/Materials/caixas_luz_painel_chaves_botao_mat/CaixaLuzMat 1.mat using Guid(4e400d151d356a14387fde5490e2e979) Importer(815301076,1909f56bfc062723c751e8b465ee728b)  -> (artifact id: 'ae76ee6b5494eedabb11e149e2a31265') in 0.056706 seconds
  Import took 0.068222 seconds .

========================================================================
Received Import Request.
  Time since last request: 11.432687 seconds.
  path: Assets/Main/Modelos/Materials/caixas_luz_painel_chaves_botao_mat/CaixaLuzMat 1.mat
  artifactKey: Guid(4e400d151d356a14387fde5490e2e979) Importer(815301076,1909f56bfc062723c751e8b465ee728b)
Start importing Assets/Main/Modelos/Materials/caixas_luz_painel_chaves_botao_mat/CaixaLuzMat 1.mat using Guid(4e400d151d356a14387fde5490e2e979) Importer(815301076,1909f56bfc062723c751e8b465ee728b)  -> (artifact id: '1cc19d0ad7a8da76ad5d0f37597019d7') in 0.072457 seconds
  Import took 0.085821 seconds .

========================================================================
Received Prepare
Registering precompiled user dll's ...
Registered in 0.003755 seconds.
Begin MonoManager ReloadAssembly
Native extension for WindowsStandalone target not found
Native extension for WebGL target not found
Refreshing native plugins compatible for Editor in 1.41 ms, found 0 plugins.
Preloading 0 native plugins for Editor in 0.00 ms.
Warning: Annotation not found!
UnityEngine.StackTraceUtility:ExtractStackTrace ()
UnityEditor.ProBuilder.EditorUtility:SetGizmoIconEnabled (System.Type,bool) (at Library/PackageCache/com.unity.probuilder@4.4.0/Editor/EditorCore/EditorUtility.cs:593)
UnityEditor.ProBuilder.HierarchyListener:.cctor () (at Library/PackageCache/com.unity.probuilder@4.4.0/Editor/EditorCore/HierarchyListener.cs:21)
System.Runtime.CompilerServices.RuntimeHelpers:RunClassConstructor (System.RuntimeTypeHandle)
UnityEditor.EditorAssemblies:ProcessInitializeOnLoadAttributes (System.Type[])

[Library/PackageCache/com.unity.probuilder@4.4.0/Editor/EditorCore/EditorUtility.cs line 593]

Invoked RoslynAnalysisRunner static constructor.
RoslynAnalysisRunner will not be running.
RoslynAnalysisRunner has terminated.
Mono: successfully reloaded assembly
- Completed reload, in  2.142 seconds
Platform modules already initialized, skipping
Refreshing native plugins compatible for Editor in 1.44 ms, found 0 plugins.
Preloading 0 native plugins for Editor in 0.00 ms.
Unloading 3712 Unused Serialized files (Serialized files now loaded: 0)
System memory in use before: 198.2 MB.
System memory in use after: 196.8 MB.

Unloading 39 unused Assets to reduce memory usage. Loaded Objects now: 4969.
Total: 8.570000 ms (FindLiveObjects: 0.906000 ms CreateObjectMapping: 0.234900 ms MarkObjects: 4.497200 ms  DeleteObjects: 2.930300 ms)

========================================================================
Received Import Request.
  Time since last request: 386.482693 seconds.
  path: Assets/Main/TelaTv.mat
  artifactKey: Guid(9fc6cf9b3414bc144b09ac5542048181) Importer(815301076,1909f56bfc062723c751e8b465ee728b)
Start importing Assets/Main/TelaTv.mat using Guid(9fc6cf9b3414bc144b09ac5542048181) Importer(815301076,1909f56bfc062723c751e8b465ee728b)  -> (artifact id: '32839a61539915bca68f3ffc727cea09') in 0.823736 seconds
  Import took 0.835755 seconds .

========================================================================
Received Prepare
Registering precompiled user dll's ...
Registered in 0.004509 seconds.
Begin MonoManager ReloadAssembly
Native extension for WindowsStandalone target not found
Native extension for WebGL target not found
Refreshing native plugins compatible for Editor in 1.48 ms, found 0 plugins.
Preloading 0 native plugins for Editor in 0.00 ms.
Warning: Annotation not found!
UnityEngine.StackTraceUtility:ExtractStackTrace ()
UnityEditor.ProBuilder.EditorUtility:SetGizmoIconEnabled (System.Type,bool) (at Library/PackageCache/com.unity.probuilder@4.4.0/Editor/EditorCore/EditorUtility.cs:593)
UnityEditor.ProBuilder.HierarchyListener:.cctor () (at Library/PackageCache/com.unity.probuilder@4.4.0/Editor/EditorCore/HierarchyListener.cs:21)
System.Runtime.CompilerServices.RuntimeHelpers:RunClassConstructor (System.RuntimeTypeHandle)
UnityEditor.EditorAssemblies:ProcessInitializeOnLoadAttributes (System.Type[])

[Library/PackageCache/com.unity.probuilder@4.4.0/Editor/EditorCore/EditorUtility.cs line 593]

Invoked RoslynAnalysisRunner static constructor.
RoslynAnalysisRunner will not be running.
RoslynAnalysisRunner has terminated.
Mono: successfully reloaded assembly
- Completed reload, in  2.241 seconds
Platform modules already initialized, skipping
Refreshing native plugins compatible for Editor in 1.48 ms, found 0 plugins.
Preloading 0 native plugins for Editor in 0.00 ms.
Unloading 3712 Unused Serialized files (Serialized files now loaded: 0)
System memory in use before: 198.4 MB.
System memory in use after: 196.9 MB.

Unloading 39 unused Assets to reduce memory usage. Loaded Objects now: 5073.
Total: 8.447900 ms (FindLiveObjects: 0.941100 ms CreateObjectMapping: 0.287800 ms MarkObjects: 4.410900 ms  DeleteObjects: 2.806500 ms)

========================================================================
Received Import Request.
  Time since last request: 301.286931 seconds.
  path: Assets/Main/Modelos/LuzRed 1.mat
  artifactKey: Guid(2b5b10b18876a894e981f34bd3fc8817) Importer(815301076,1909f56bfc062723c751e8b465ee728b)
Start importing Assets/Main/Modelos/LuzRed 1.mat using Guid(2b5b10b18876a894e981f34bd3fc8817) Importer(815301076,1909f56bfc062723c751e8b465ee728b)  -> (artifact id: '5ce3bcf64f9e026de5efa90c6fe659e0') in 0.876922 seconds
  Import took 0.890905 seconds .

AssetImportWorkerClient::OnTransportError - code=2 error=End of file
