Using pre-set license
Built from '2020.2/release' branch; Version is '2020.2.1f1 (270dd8c3da1c) revision 2559448'; Using compiler version '192528614'; Build Type 'Release'
OS: 'Windows 10  (10.0.0) 64bit' Language: 'pt' Physical Memory: 16350 MB
BatchMode: 1, IsHumanControllingUs: 0, StartBugReporterOnCrash: 0, Is64bit: 1, IsPro: 0

 COMMAND LINE ARGUMENTS:
D:\Aplicativos\Unity\2020.2.1f1\Editor\Unity.exe
-adb2
-batchMode
-noUpm
-name
AssetImportWorker0
-projectPath
E:/Portfolio/GGJ/Memories_GGJ2021/ProjetoMemories/Memories_GGJ21
-logFile
Logs/AssetImportWorker0.log
-srvPort
49683
Successfully changed project path to: E:/Portfolio/GGJ/Memories_GGJ2021/ProjetoMemories/Memories_GGJ21
E:/Portfolio/GGJ/Memories_GGJ2021/ProjetoMemories/Memories_GGJ21
Using Asset Import Pipeline V2.
Refreshing native plugins compatible for Editor in 218.51 ms, found 0 plugins.
Preloading 0 native plugins for Editor in 0.00 ms.
Initialize engine version: 2020.2.1f1 (270dd8c3da1c)
[Subsystems] Discovering subsystems at path D:/Aplicativos/Unity/2020.2.1f1/Editor/Data/Resources/UnitySubsystems
[Subsystems] Discovering subsystems at path E:/Portfolio/GGJ/Memories_GGJ2021/ProjetoMemories/Memories_GGJ21/Assets
GfxDevice: creating device client; threaded=0
Direct3D:
    Version:  Direct3D 11.0 [level 11.1]
    Renderer: NVIDIA GeForce GTX 1060 6GB (ID=0x1c03)
    Vendor:   
    VRAM:     6052 MB
    Driver:   27.21.14.6109
Initialize mono
Mono path[0] = 'D:/Aplicativos/Unity/2020.2.1f1/Editor/Data/Managed'
Mono path[1] = 'D:/Aplicativos/Unity/2020.2.1f1/Editor/Data/MonoBleedingEdge/lib/mono/unityjit'
Mono config path = 'D:/Aplicativos/Unity/2020.2.1f1/Editor/Data/MonoBleedingEdge/etc'
Using monoOptions --debugger-agent=transport=dt_socket,embedding=1,server=y,suspend=n,address=127.0.0.1:56048
Begin MonoManager ReloadAssembly
Registering precompiled unity dll's ...
Register platform support module: D:/Aplicativos/Unity/2020.2.1f1/Editor/Data/PlaybackEngines/WebGLSupport/UnityEditor.WebGL.Extensions.dll
Register platform support module: D:/Aplicativos/Unity/2020.2.1f1/Editor/Data/PlaybackEngines/WindowsStandaloneSupport/UnityEditor.WindowsStandalone.Extensions.dll
Registered in 0.002365 seconds.
Native extension for WindowsStandalone target not found
Native extension for WebGL target not found
Refreshing native plugins compatible for Editor in 192.74 ms, found 0 plugins.
Preloading 0 native plugins for Editor in 0.00 ms.
Invoked RoslynAnalysisRunner static constructor.
RoslynAnalysisRunner will not be running.
RoslynAnalysisRunner has terminated.
Mono: successfully reloaded assembly
- Completed reload, in  4.324 seconds
Platform modules already initialized, skipping
Registering precompiled user dll's ...
Registered in 0.003403 seconds.
Begin MonoManager ReloadAssembly
Native extension for WindowsStandalone target not found
Native extension for WebGL target not found
Refreshing native plugins compatible for Editor in 193.30 ms, found 0 plugins.
Preloading 0 native plugins for Editor in 0.00 ms.
Invoked RoslynAnalysisRunner static constructor.
RoslynAnalysisRunner will not be running.
RoslynAnalysisRunner has terminated.
Mono: successfully reloaded assembly
- Completed reload, in  2.686 seconds
Platform modules already initialized, skipping
========================================================================
Worker process is ready to serve import requests
Launched and connected shader compiler UnityShaderCompiler.exe after 0.07 seconds
Refreshing native plugins compatible for Editor in 1.59 ms, found 0 plugins.
Preloading 0 native plugins for Editor in 0.00 ms.
Unloading 4030 Unused Serialized files (Serialized files now loaded: 0)
System memory in use before: 203.7 MB.
System memory in use after: 201.9 MB.

Unloading 173 unused Assets to reduce memory usage. Loaded Objects now: 4445.
Total: 10.845600 ms (FindLiveObjects: 0.793100 ms CreateObjectMapping: 0.327900 ms MarkObjects: 5.401000 ms  DeleteObjects: 4.321500 ms)

========================================================================
Received Import Request.
  path: Assets/Main/Scene/Level_1.unity
  artifactKey: Guid(68d91f4149054424d9718e31a449b3c5) Importer(815301076,1909f56bfc062723c751e8b465ee728b)
Start importing Assets/Main/Scene/Level_1.unity using Guid(68d91f4149054424d9718e31a449b3c5) Importer(815301076,1909f56bfc062723c751e8b465ee728b)  -> (artifact id: '45c5940065c52cec5fce5bed96ff4fc1') in 0.016387 seconds
  Import took 0.027010 seconds .

========================================================================
Received Import Request.
  Time since last request: 22.077452 seconds.
  path: Assets/Main/Scene/Menu.unity
  artifactKey: Guid(8f1f8b36cf0a6e246a45b831993b9bd9) Importer(815301076,1909f56bfc062723c751e8b465ee728b)
Start importing Assets/Main/Scene/Menu.unity using Guid(8f1f8b36cf0a6e246a45b831993b9bd9) Importer(815301076,1909f56bfc062723c751e8b465ee728b)  -> (artifact id: 'a88faa8b59fcde62aac18d22ae0a6f97') in 0.009173 seconds
  Import took 0.018550 seconds .

========================================================================
Received Import Request.
  Time since last request: 18.486970 seconds.
  path: Assets/Main/Trailer.mat
  artifactKey: Guid(3401dbfd48fdb8140908c10f1dabfd8f) Importer(815301076,1909f56bfc062723c751e8b465ee728b)
Start importing Assets/Main/Trailer.mat using Guid(3401dbfd48fdb8140908c10f1dabfd8f) Importer(815301076,1909f56bfc062723c751e8b465ee728b)  -> (artifact id: '28229dbee3ba1a45fd9cddfa35eaa6df') in 0.930820 seconds
  Import took 0.942934 seconds .

AssetImportWorkerClient::OnTransportError - code=2 error=End of file
